mode: set
claude-squad/main.go:38.55,42.20 2 0
claude-squad/main.go:42.20,44.22 2 0
claude-squad/main.go:44.22,47.6 1 0
claude-squad/main.go:49.5,50.87 2 0
claude-squad/main.go:54.4,60.31 3 0
claude-squad/main.go:60.31,65.36 2 0
claude-squad/main.go:65.36,67.6 1 0
claude-squad/main.go:68.5,69.87 2 0
claude-squad/main.go:73.4,73.23 1 0
claude-squad/main.go:73.23,77.5 3 0
claude-squad/main.go:80.4,94.17 3 0
claude-squad/main.go:94.17,97.5 2 0
claude-squad/main.go:99.4,99.18 1 0
claude-squad/main.go:99.18,103.5 3 0
claude-squad/main.go:106.4,106.15 1 0
claude-squad/main.go:106.15,109.46 2 0
claude-squad/main.go:109.46,111.6 1 0
claude-squad/main.go:112.5,114.26 3 0
claude-squad/main.go:120.4,121.25 2 0
claude-squad/main.go:121.25,123.5 1 0
claude-squad/main.go:125.4,126.19 2 0
claude-squad/main.go:126.19,128.5 1 0
claude-squad/main.go:129.4,129.15 1 0
claude-squad/main.go:129.15,130.18 1 0
claude-squad/main.go:130.18,131.50 1 0
claude-squad/main.go:131.50,133.7 1 0
claude-squad/main.go:137.4,137.46 1 0
claude-squad/main.go:137.46,139.5 1 0
claude-squad/main.go:141.4,141.41 1 0
claude-squad/main.go:148.55,166.17 4 0
claude-squad/main.go:166.17,169.5 2 0
claude-squad/main.go:171.4,173.18 3 0
claude-squad/main.go:173.18,175.5 1 0
claude-squad/main.go:176.4,176.55 1 0
claude-squad/main.go:176.55,178.5 1 0
claude-squad/main.go:179.4,181.72 2 0
claude-squad/main.go:181.72,183.5 1 0
claude-squad/main.go:184.4,186.49 2 0
claude-squad/main.go:186.49,188.5 1 0
claude-squad/main.go:189.4,192.46 2 0
claude-squad/main.go:192.46,194.5 1 0
claude-squad/main.go:195.4,197.14 2 0
claude-squad/main.go:204.55,222.17 4 0
claude-squad/main.go:222.17,225.5 2 0
claude-squad/main.go:227.4,228.18 2 0
claude-squad/main.go:228.18,230.5 1 0
claude-squad/main.go:231.4,240.23 6 0
claude-squad/main.go:240.23,242.34 2 0
claude-squad/main.go:242.34,244.6 1 0
claude-squad/main.go:245.10,247.5 1 0
claude-squad/main.go:250.4,255.57 5 0
claude-squad/main.go:255.57,257.5 1 0
claude-squad/main.go:258.4,264.32 5 0
claude-squad/main.go:264.32,266.43 2 0
claude-squad/main.go:266.43,268.6 1 0
claude-squad/main.go:269.10,271.5 1 0
claude-squad/main.go:274.4,277.33 3 0
claude-squad/main.go:277.33,278.45 1 0
claude-squad/main.go:278.45,280.6 1 0
claude-squad/main.go:284.4,292.34 9 0
claude-squad/main.go:292.34,295.5 2 0
claude-squad/main.go:297.4,297.14 1 0
claude-squad/main.go:304.48,307.4 2 0
claude-squad/main.go:313.55,336.18 8 0
claude-squad/main.go:336.18,338.5 1 0
claude-squad/main.go:340.4,341.18 2 0
claude-squad/main.go:341.18,343.5 1 0
claude-squad/main.go:345.4,348.35 2 0
claude-squad/main.go:348.35,355.23 5 0
claude-squad/main.go:355.23,357.20 2 0
claude-squad/main.go:357.20,359.7 1 0
claude-squad/main.go:359.12,368.21 6 0
claude-squad/main.go:368.21,370.22 2 0
claude-squad/main.go:370.22,372.9 1 0
claude-squad/main.go:372.14,374.9 1 0
claude-squad/main.go:375.13,377.8 1 0
claude-squad/main.go:379.11,381.6 1 0
claude-squad/main.go:382.5,382.18 1 0
claude-squad/main.go:386.4,390.18 5 0
claude-squad/main.go:390.18,392.5 1 0
claude-squad/main.go:392.10,395.38 3 0
claude-squad/main.go:395.38,402.6 6 0
claude-squad/main.go:405.4,405.14 1 0
claude-squad/main.go:412.55,432.18 7 0
claude-squad/main.go:432.18,434.5 1 0
claude-squad/main.go:436.4,437.18 2 0
claude-squad/main.go:437.18,439.5 1 0
claude-squad/main.go:441.4,441.27 1 0
claude-squad/main.go:441.27,444.5 2 0
claude-squad/main.go:446.4,447.35 2 0
claude-squad/main.go:447.35,451.26 4 0
claude-squad/main.go:451.26,453.6 1 0
claude-squad/main.go:454.5,454.23 1 0
claude-squad/main.go:454.23,456.6 1 0
claude-squad/main.go:456.11,458.6 1 0
claude-squad/main.go:459.5,459.18 1 0
claude-squad/main.go:462.4,462.14 1 0
claude-squad/main.go:467.13,486.16 10 0
claude-squad/main.go:486.16,487.13 1 0
claude-squad/main.go:490.2,494.37 5 0
claude-squad/main.go:497.13,504.12 3 0
claude-squad/main.go:504.12,509.3 4 0
claude-squad/main.go:511.2,511.42 1 0
claude-squad/main.go:511.42,513.3 1 0
claude-squad/app/state/manager.go:95.27,100.2 1 1
claude-squad/app/state/manager.go:103.35,105.2 1 1
claude-squad/app/state/manager.go:108.46,109.20 1 1
claude-squad/app/state/manager.go:109.20,111.3 1 1
claude-squad/app/state/manager.go:113.2,113.26 1 1
claude-squad/app/state/manager.go:113.26,115.3 1 1
claude-squad/app/state/manager.go:117.2,118.12 2 1
claude-squad/app/state/manager.go:122.48,124.19 1 1
claude-squad/app/state/manager.go:124.19,126.3 1 1
claude-squad/app/state/manager.go:129.2,129.19 1 1
claude-squad/app/state/manager.go:129.19,131.3 1 1
claude-squad/app/state/manager.go:134.2,134.26 1 1
claude-squad/app/state/manager.go:134.26,136.3 1 1
claude-squad/app/state/manager.go:139.2,139.32 1 1
claude-squad/app/state/manager.go:139.32,141.3 1 1
claude-squad/app/state/manager.go:144.2,144.30 1 1
claude-squad/app/state/manager.go:144.30,146.3 1 1
claude-squad/app/state/manager.go:149.2,149.13 1 0
claude-squad/app/state/manager.go:153.45,155.2 1 1
claude-squad/app/state/manager.go:158.27,160.2 1 1
claude-squad/app/state/manager.go:163.36,165.2 1 1
claude-squad/app/state/manager.go:168.34,170.2 1 1
claude-squad/app/state/manager.go:181.69,189.19 2 1
claude-squad/app/state/manager.go:189.19,193.3 3 1
claude-squad/app/state/manager.go:195.2,195.26 1 1
claude-squad/app/state/manager.go:195.26,199.3 3 0
claude-squad/app/state/manager.go:201.2,201.19 1 1
claude-squad/app/state/manager.go:205.101,213.26 2 1
claude-squad/app/state/manager.go:213.26,217.3 3 1
claude-squad/app/state/manager.go:220.2,220.36 1 1
claude-squad/app/state/manager.go:220.36,221.51 1 1
claude-squad/app/state/manager.go:221.51,225.4 3 1
claude-squad/app/state/manager.go:229.2,234.37 4 1
claude-squad/app/state/manager.go:234.37,235.52 1 1
claude-squad/app/state/manager.go:235.52,241.4 4 1
claude-squad/app/state/manager.go:244.2,245.20 2 1
claude-squad/app/state/manager.go:249.89,255.2 3 1
claude-squad/app/state/manager.go:258.99,259.26 1 1
claude-squad/app/state/manager.go:259.26,261.3 1 1
claude-squad/app/state/manager.go:263.2,263.41 1 1
claude-squad/app/state/manager.go:267.60,269.2 1 1
claude-squad/app/state/manager.go:274.82,280.2 2 1
claude-squad/app/state/manager.go:283.80,289.2 2 1
claude-squad/app/state/manager.go:292.76,298.2 2 1
claude-squad/app/state/manager.go:301.88,308.2 2 1
claude-squad/app/state/types.go:32.32,33.11 1 1
claude-squad/app/state/types.go:34.15,35.19 1 1
claude-squad/app/state/types.go:36.11,37.15 1 1
claude-squad/app/state/types.go:38.14,39.18 1 1
claude-squad/app/state/types.go:40.12,41.16 1 1
claude-squad/app/state/types.go:42.15,43.19 1 1
claude-squad/app/state/types.go:44.23,45.27 1 1
claude-squad/app/state/types.go:46.19,47.23 1 1
claude-squad/app/state/types.go:48.11,49.15 1 1
claude-squad/app/state/types.go:50.22,51.26 1 1
claude-squad/app/state/types.go:52.16,53.20 1 1
claude-squad/app/state/types.go:54.17,55.21 1 0
claude-squad/app/state/types.go:56.10,57.19 1 1
claude-squad/app/state/types.go:62.31,64.2 1 1
claude-squad/app/state/types.go:67.38,68.11 1 1
claude-squad/app/state/types.go:69.89,70.14 1 1
claude-squad/app/state/types.go:71.10,72.15 1 1
claude-squad/app/state/types.go:77.36,79.2 1 1
claude-squad/app/state/view.go:51.52,52.19 1 1
claude-squad/app/state/view.go:53.15,56.4 1 1
claude-squad/app/state/view.go:58.11,63.4 1 1
claude-squad/app/state/view.go:65.14,67.48 1 1
claude-squad/app/state/view.go:67.48,75.4 1 1
claude-squad/app/state/view.go:76.3,82.4 1 1
claude-squad/app/state/view.go:84.12,86.52 1 1
claude-squad/app/state/view.go:86.52,94.4 1 1
claude-squad/app/state/view.go:95.3,101.4 1 1
claude-squad/app/state/view.go:103.15,110.4 1 1
claude-squad/app/state/view.go:112.23,118.4 1 1
claude-squad/app/state/view.go:120.19,127.4 1 1
claude-squad/app/state/view.go:129.11,136.4 1 1
claude-squad/app/state/view.go:138.22,145.4 1 1
claude-squad/app/state/view.go:147.16,154.4 1 1
claude-squad/app/state/view.go:156.10,160.4 1 1
claude-squad/app/state/view.go:165.46,168.2 2 1
claude-squad/app/state/view.go:171.48,173.2 1 1
claude-squad/app/session/controller.go:40.48,41.12 1 1
claude-squad/app/session/controller.go:42.20,43.22 1 1
claude-squad/app/session/controller.go:44.21,45.23 1 1
claude-squad/app/session/controller.go:46.23,47.25 1 1
claude-squad/app/session/controller.go:48.25,49.27 1 1
claude-squad/app/session/controller.go:50.23,51.25 1 1
claude-squad/app/session/controller.go:52.10,53.19 1 1
claude-squad/app/session/controller.go:119.50,123.2 1 1
claude-squad/app/session/controller.go:126.57,128.2 1 0
claude-squad/app/session/controller.go:131.53,133.2 1 1
claude-squad/app/session/controller.go:136.49,137.62 1 1
claude-squad/app/session/controller.go:137.62,143.3 1 1
claude-squad/app/session/controller.go:144.2,144.12 1 1
claude-squad/app/session/controller.go:148.61,150.2 1 1
claude-squad/app/session/controller.go:153.72,154.12 1 1
claude-squad/app/session/controller.go:155.20,156.39 1 1
claude-squad/app/session/controller.go:158.57,160.25 2 1
claude-squad/app/session/controller.go:162.23,163.38 1 1
claude-squad/app/session/controller.go:163.38,165.4 1 1
claude-squad/app/session/controller.go:166.3,167.71 2 1
claude-squad/app/session/controller.go:169.10,170.15 1 0
claude-squad/app/session/controller.go:183.39,184.20 1 1
claude-squad/app/session/controller.go:184.20,186.3 1 1
claude-squad/app/session/controller.go:187.2,187.18 1 1
claude-squad/app/session/controller.go:191.39,193.2 1 1
claude-squad/app/session/operations.go:12.52,19.47 2 0
claude-squad/app/session/operations.go:19.47,23.3 3 0
claude-squad/app/session/operations.go:26.2,27.53 1 0
claude-squad/app/session/operations.go:27.53,33.18 3 0
claude-squad/app/session/operations.go:33.18,38.5 4 0
claude-squad/app/session/operations.go:41.4,52.54 6 0
claude-squad/app/session/operations.go:54.20,57.4 2 0
claude-squad/app/session/operations.go:61.2,66.15 5 0
claude-squad/app/session/operations.go:70.53,77.21 3 1
claude-squad/app/session/operations.go:77.21,80.3 2 1
claude-squad/app/session/operations.go:83.2,83.31 1 1
claude-squad/app/session/operations.go:83.31,85.17 2 0
claude-squad/app/session/operations.go:85.17,87.4 1 0
claude-squad/app/session/operations.go:89.3,90.17 2 0
claude-squad/app/session/operations.go:90.17,92.4 1 0
claude-squad/app/session/operations.go:94.3,94.17 1 0
claude-squad/app/session/operations.go:94.17,96.4 1 0
claude-squad/app/session/operations.go:98.3,98.71 1 0
claude-squad/app/session/operations.go:98.71,100.4 1 0
claude-squad/app/session/operations.go:102.3,103.30 2 0
claude-squad/app/session/operations.go:107.2,108.113 2 1
claude-squad/app/session/operations.go:108.113,110.3 1 0
claude-squad/app/session/operations.go:110.8,112.3 1 1
claude-squad/app/session/operations.go:114.2,116.15 3 1
claude-squad/app/session/operations.go:120.55,126.45 2 0
claude-squad/app/session/operations.go:126.45,129.3 2 0
claude-squad/app/session/operations.go:131.2,132.21 2 0
claude-squad/app/session/operations.go:132.21,135.3 2 0
claude-squad/app/session/operations.go:138.2,138.33 1 0
claude-squad/app/session/operations.go:138.33,140.58 1 0
claude-squad/app/session/operations.go:140.58,142.18 2 0
claude-squad/app/session/operations.go:142.18,145.5 2 0
claude-squad/app/session/operations.go:146.4,147.37 2 0
claude-squad/app/session/operations.go:149.3,149.13 1 0
claude-squad/app/session/operations.go:153.2,153.113 1 0
claude-squad/app/session/operations.go:153.113,157.3 2 0
claude-squad/app/session/operations.go:157.8,160.3 1 0
claude-squad/app/session/operations.go:162.2,163.15 2 0
claude-squad/app/session/operations.go:167.57,174.21 3 0
claude-squad/app/session/operations.go:174.21,177.3 2 0
claude-squad/app/session/operations.go:180.2,180.35 1 0
claude-squad/app/session/operations.go:180.35,182.60 1 0
claude-squad/app/session/operations.go:182.60,183.43 1 0
claude-squad/app/session/operations.go:183.43,185.5 1 0
claude-squad/app/session/operations.go:186.4,186.30 1 0
claude-squad/app/session/operations.go:188.3,188.13 1 0
claude-squad/app/session/operations.go:192.2,192.113 1 0
claude-squad/app/session/operations.go:192.113,196.3 2 0
claude-squad/app/session/operations.go:196.8,199.3 1 0
claude-squad/app/session/operations.go:201.2,202.15 2 0
claude-squad/app/session/operations.go:206.55,213.21 3 1
claude-squad/app/session/operations.go:213.21,216.3 2 1
claude-squad/app/session/operations.go:218.2,218.42 1 1
claude-squad/app/session/operations.go:218.42,226.3 3 1
claude-squad/app/session/operations.go:228.2,230.15 3 0
claude-squad/cmd/contexts.go:16.58,67.31 2 1
claude-squad/cmd/contexts.go:67.31,68.55 1 1
claude-squad/cmd/contexts.go:68.55,70.4 1 0
claude-squad/cmd/contexts.go:73.2,73.12 1 1
claude-squad/cmd/contexts.go:77.25,79.2 1 1
claude-squad/cmd/init.go:15.58,17.53 1 1
claude-squad/cmd/init.go:17.53,19.3 1 0
claude-squad/cmd/init.go:22.2,429.12 45 1
claude-squad/cmd/init.go:433.43,437.41 2 1
claude-squad/cmd/init.go:437.41,438.54 1 1
claude-squad/cmd/init.go:438.54,439.58 1 0
claude-squad/cmd/init.go:443.2,443.17 1 1
claude-squad/cmd/migration.go:31.26,56.2 10 1
claude-squad/cmd/migration.go:65.3,66.19 1 0
claude-squad/cmd/migration.go:66.19,69.3 2 0
claude-squad/cmd/migration.go:71.2,85.29 10 0
claude-squad/cmd/migration.go:89.48,90.30 1 1
claude-squad/cmd/migration.go:90.30,92.3 1 0
claude-squad/cmd/migration.go:93.2,93.46 1 1
claude-squad/cmd/migration.go:97.49,99.2 1 0
claude-squad/cmd/migration.go:102.83,105.2 1 0
claude-squad/cmd/migration.go:108.74,114.46 5 0
claude-squad/cmd/migration.go:114.46,122.17 3 0
claude-squad/cmd/migration.go:122.17,124.4 1 0
claude-squad/cmd/migration.go:127.3,130.37 3 0
claude-squad/cmd/migration.go:130.37,131.41 1 0
claude-squad/cmd/migration.go:131.41,133.5 1 0
claude-squad/cmd/migration.go:136.3,136.35 1 0
claude-squad/cmd/migration.go:136.35,137.35 1 0
claude-squad/cmd/migration.go:137.35,139.5 1 0
claude-squad/cmd/migration.go:143.3,143.36 1 0
claude-squad/cmd/migration.go:143.36,145.4 1 0
claude-squad/cmd/migration.go:147.3,147.28 1 0
claude-squad/cmd/migration.go:150.2,150.22 1 0
claude-squad/cmd/migration.go:154.47,157.2 1 0
claude-squad/cmd/migration.go:160.45,162.2 1 0
claude-squad/cmd/migration.go:165.50,169.32 3 1
claude-squad/cmd/migration.go:169.32,171.3 1 1
claude-squad/cmd/migration.go:172.2,172.75 1 1
claude-squad/cmd/migration.go:177.51,180.2 1 0
claude-squad/cmd/migration.go:183.41,184.30 1 0
claude-squad/cmd/migration.go:184.30,186.3 1 0
claude-squad/cmd/migration.go:187.2,190.15 3 0
claude-squad/cmd/migration.go:194.43,197.20 2 1
claude-squad/cmd/migration.go:197.20,199.3 1 1
claude-squad/cmd/migration.go:202.2,203.49 2 1
claude-squad/cmd/migration.go:203.49,204.38 1 0
claude-squad/cmd/migration.go:204.38,206.4 1 0
claude-squad/cmd/migration.go:209.2,209.15 1 1
claude-squad/cmd/migration.go:213.55,217.35 3 0
claude-squad/cmd/migration.go:217.35,219.28 2 0
claude-squad/cmd/migration.go:219.28,221.4 1 0
claude-squad/cmd/migration.go:224.2,224.15 1 0
claude-squad/cmd/migration.go:229.94,241.35 5 0
claude-squad/cmd/migration.go:241.35,243.28 2 0
claude-squad/cmd/migration.go:243.28,245.4 1 0
claude-squad/cmd/migration.go:248.2,248.15 1 0
claude-squad/cmd/migration.go:252.46,255.2 2 0
claude-squad/cmd/migration.go:259.57,264.68 3 1
claude-squad/cmd/migration.go:264.68,267.3 2 0
claude-squad/cmd/migration.go:268.2,274.35 4 1
claude-squad/cmd/migration.go:274.35,275.21 1 1
claude-squad/cmd/migration.go:275.21,276.12 1 0
claude-squad/cmd/migration.go:278.3,279.28 2 1
claude-squad/cmd/migration.go:279.28,283.56 2 1
claude-squad/cmd/migration.go:283.56,284.68 1 1
claude-squad/cmd/migration.go:284.68,286.14 2 1
claude-squad/cmd/migration.go:291.4,292.26 2 1
claude-squad/cmd/migration.go:292.26,294.5 1 0
claude-squad/cmd/migration.go:295.4,295.72 1 1
claude-squad/cmd/migration.go:300.2,304.19 4 1
claude-squad/cmd/migration.go:308.56,310.2 1 0
claude-squad/cmd/migration.go:313.33,317.2 2 1
claude-squad/cmd/migration.go:320.44,322.2 1 1
claude-squad/cmd/migration.go:325.41,328.20 1 1
claude-squad/cmd/migration.go:328.20,331.3 1 1
claude-squad/cmd/migration.go:334.2,338.43 2 1
claude-squad/cmd/migration.go:338.43,344.36 3 1
claude-squad/cmd/migration.go:344.36,345.22 1 1
claude-squad/cmd/migration.go:345.22,346.13 1 0
claude-squad/cmd/migration.go:348.4,349.29 2 1
claude-squad/cmd/migration.go:349.29,353.57 2 1
claude-squad/cmd/migration.go:353.57,354.69 1 1
claude-squad/cmd/migration.go:354.69,356.15 2 1
claude-squad/cmd/migration.go:361.5,362.27 2 1
claude-squad/cmd/migration.go:362.27,364.6 1 0
claude-squad/cmd/migration.go:365.5,365.73 1 1
claude-squad/cmd/migration.go:370.3,372.24 3 1
claude-squad/cmd/migration.go:375.2,375.92 1 1
claude-squad/cmd/migration.go:379.48,385.21 4 1
claude-squad/cmd/migration.go:385.21,387.3 1 0
claude-squad/cmd/migration.go:390.2,391.39 2 1
claude-squad/cmd/migration.go:391.39,393.3 1 1
claude-squad/cmd/migration.go:396.2,396.47 1 1
claude-squad/cmd/migration.go:396.47,397.26 1 1
claude-squad/cmd/migration.go:397.26,399.37 2 0
claude-squad/cmd/migration.go:399.37,400.54 1 0
claude-squad/cmd/migration.go:400.54,402.6 1 0
claude-squad/cmd/migration.go:402.11,404.6 1 0
claude-squad/cmd/migration.go:406.4,407.68 1 0
claude-squad/cmd/migration.go:411.2,411.18 1 1
claude-squad/cmd/migration.go:415.60,418.45 2 1
claude-squad/cmd/migration.go:418.45,424.25 4 1
claude-squad/cmd/migration.go:424.25,426.4 1 0
claude-squad/cmd/migration.go:429.3,429.58 1 1
claude-squad/cmd/migration.go:432.2,432.21 1 1
claude-squad/cmd/migration.go:441.32,442.25 1 0
claude-squad/cmd/migration.go:442.25,444.3 1 0
claude-squad/cmd/migration.go:445.2,445.21 1 0
claude-squad/cmd/permissions.go:11.74,11.98 1 0
claude-squad/cmd/permissions.go:12.74,12.101 1 0
claude-squad/cmd/permissions.go:13.74,13.100 1 0
claude-squad/cmd/permissions.go:14.74,14.121 1 0
claude-squad/cmd/permissions.go:15.74,15.100 1 0
claude-squad/cmd/permissions.go:16.74,16.103 1 0
claude-squad/cmd/permissions.go:17.74,17.103 1 0
claude-squad/cmd/permissions.go:20.68,20.97 1 0
claude-squad/cmd/permissions.go:21.68,21.97 1 0
claude-squad/cmd/permissions.go:22.68,22.97 1 0
claude-squad/cmd/permissions.go:23.68,23.97 1 0
claude-squad/cmd/permissions.go:24.68,24.97 1 0
claude-squad/cmd/permissions.go:25.68,25.97 1 0
claude-squad/cmd/permissions.go:26.68,26.97 1 0
claude-squad/cmd/permissions.go:27.68,27.92 1 0
claude-squad/cmd/permissions.go:28.68,28.97 1 0
claude-squad/cmd/permissions.go:29.68,29.97 1 0
claude-squad/cmd/permissions.go:30.68,30.97 1 0
claude-squad/cmd/permissions.go:33.67,33.93 1 0
claude-squad/cmd/permissions.go:34.67,34.98 1 0
claude-squad/cmd/permissions.go:35.67,35.93 1 0
claude-squad/cmd/permissions.go:38.75,38.99 1 0
claude-squad/cmd/permissions.go:39.75,39.122 1 0
claude-squad/cmd/permissions.go:40.75,40.122 1 0
claude-squad/cmd/permissions.go:41.75,41.122 1 0
claude-squad/cmd/permissions.go:42.75,42.99 1 0
claude-squad/cmd/permissions.go:43.75,43.99 1 0
claude-squad/cmd/permissions.go:44.75,44.99 1 0
claude-squad/cmd/permissions.go:45.75,45.99 1 0
claude-squad/cmd/permissions.go:46.75,46.99 1 0
claude-squad/cmd/permissions.go:49.64,49.88 1 0
claude-squad/cmd/permissions.go:50.64,50.88 1 0
claude-squad/cmd/permissions.go:51.64,51.88 1 0
claude-squad/cmd/permissions.go:52.64,52.88 1 0
claude-squad/cmd/permissions.go:53.64,53.88 1 0
claude-squad/cmd/permissions.go:54.64,54.88 1 0
claude-squad/cmd/permissions.go:62.86,65.21 2 0
claude-squad/cmd/permissions.go:65.21,67.3 1 0
claude-squad/cmd/permissions.go:70.2,70.25 1 0
claude-squad/cmd/permissions.go:74.101,77.31 2 0
claude-squad/cmd/permissions.go:77.31,78.44 1 0
claude-squad/cmd/permissions.go:78.44,80.4 1 0
claude-squad/cmd/permissions.go:83.2,83.17 1 0
claude-squad/cmd/registry.go:71.44,77.2 1 1
claude-squad/cmd/registry.go:84.44,85.25 1 1
claude-squad/cmd/registry.go:85.25,87.3 1 1
claude-squad/cmd/registry.go:88.2,88.23 1 1
claude-squad/cmd/registry.go:92.63,96.45 3 1
claude-squad/cmd/registry.go:96.45,98.3 1 0
claude-squad/cmd/registry.go:100.2,103.31 2 1
claude-squad/cmd/registry.go:103.31,105.3 1 1
claude-squad/cmd/registry.go:107.2,107.12 1 1
claude-squad/cmd/registry.go:111.66,116.18 3 1
claude-squad/cmd/registry.go:116.18,117.38 1 0
claude-squad/cmd/registry.go:119.2,119.24 1 1
claude-squad/cmd/registry.go:119.24,120.41 1 0
claude-squad/cmd/registry.go:124.2,132.3 3 1
claude-squad/cmd/registry.go:142.63,144.2 1 1
claude-squad/cmd/registry.go:147.68,151.27 3 1
claude-squad/cmd/registry.go:151.27,156.49 2 1
claude-squad/cmd/registry.go:156.49,157.46 1 1
claude-squad/cmd/registry.go:157.46,159.5 1 0
claude-squad/cmd/registry.go:160.4,160.56 1 1
claude-squad/cmd/registry.go:164.2,164.11 1 1
claude-squad/cmd/registry.go:168.95,174.37 4 1
claude-squad/cmd/registry.go:174.37,175.45 1 1
claude-squad/cmd/registry.go:175.45,177.4 1 0
claude-squad/cmd/registry.go:178.3,178.55 1 1
claude-squad/cmd/registry.go:181.2,181.11 1 1
claude-squad/cmd/registry.go:185.77,188.34 1 0
claude-squad/cmd/registry.go:188.34,192.3 1 0
claude-squad/cmd/registry.go:193.2,193.11 1 0
claude-squad/cmd/registry.go:197.75,198.34 1 0
claude-squad/cmd/registry.go:198.34,200.3 1 0
claude-squad/cmd/registry.go:201.2,201.11 1 0
claude-squad/cmd/registry.go:205.84,212.55 4 1
claude-squad/cmd/registry.go:212.55,214.43 2 1
claude-squad/cmd/registry.go:214.43,217.4 2 1
claude-squad/cmd/registry.go:218.3,218.97 1 0
claude-squad/cmd/registry.go:219.8,221.3 1 0
claude-squad/cmd/registry.go:224.2,224.79 1 0
claude-squad/cmd/registry.go:224.79,227.3 2 0
claude-squad/cmd/registry.go:229.2,230.12 2 0
claude-squad/cmd/registry.go:234.81,243.2 6 1
claude-squad/cmd/registry.go:246.121,248.55 1 1
claude-squad/cmd/registry.go:248.55,249.34 1 1
claude-squad/cmd/registry.go:249.34,250.20 1 1
claude-squad/cmd/registry.go:250.20,252.49 2 1
claude-squad/cmd/registry.go:252.49,254.6 1 1
claude-squad/cmd/registry.go:260.2,260.79 1 1
claude-squad/cmd/registry.go:260.79,262.3 1 1
claude-squad/cmd/registry.go:266.59,272.46 4 0
claude-squad/cmd/registry.go:272.46,276.36 2 0
claude-squad/cmd/registry.go:276.36,278.4 1 0
claude-squad/cmd/registry.go:281.3,281.40 1 0
claude-squad/cmd/registry.go:281.40,282.23 1 0
claude-squad/cmd/registry.go:282.23,288.5 1 0
claude-squad/cmd/registry.go:292.2,292.18 1 0
claude-squad/cmd/registry.go:296.69,302.2 4 0
claude-squad/cmd/registry.go:305.69,311.2 4 0
claude-squad/cmd/registry.go:314.67,320.34 4 1
claude-squad/cmd/registry.go:320.34,322.3 1 1
claude-squad/cmd/registry.go:323.2,323.15 1 1
claude-squad/cmd/registry.go:327.71,331.46 3 1
claude-squad/cmd/registry.go:331.46,336.3 3 1
claude-squad/cmd/registry.go:337.2,337.12 1 0
claude-squad/cmd/registry.go:341.43,349.34 6 0
claude-squad/cmd/registry.go:349.34,351.3 1 0
claude-squad/cmd/registry.go:353.2,354.34 2 0
claude-squad/cmd/registry.go:354.34,356.3 1 0
claude-squad/cmd/registry.go:358.2,358.20 1 0
claude-squad/cmd/cmd_test/testutils.go:12.47,14.2 1 0
claude-squad/cmd/cmd_test/testutils.go:16.60,18.2 1 0
claude-squad/cmd/commands/git.go:26.44,28.2 1 0
claude-squad/cmd/commands/git.go:31.61,32.36 1 0
claude-squad/cmd/commands/git.go:32.36,36.3 3 0
claude-squad/cmd/commands/git.go:37.2,37.12 1 0
claude-squad/cmd/commands/git.go:41.61,43.36 2 0
claude-squad/cmd/commands/git.go:43.36,47.3 3 0
claude-squad/cmd/commands/git.go:48.2,48.12 1 0
claude-squad/cmd/commands/git.go:52.63,54.38 2 0
claude-squad/cmd/commands/git.go:54.38,58.3 3 0
claude-squad/cmd/commands/git.go:59.2,59.12 1 0
claude-squad/cmd/commands/git.go:63.62,65.37 2 0
claude-squad/cmd/commands/git.go:65.37,69.3 3 0
claude-squad/cmd/commands/git.go:70.2,70.12 1 0
claude-squad/cmd/commands/git.go:74.62,75.37 1 0
claude-squad/cmd/commands/git.go:75.37,79.3 3 0
claude-squad/cmd/commands/git.go:80.2,80.12 1 0
claude-squad/cmd/commands/git.go:84.58,85.33 1 0
claude-squad/cmd/commands/git.go:85.33,89.3 3 0
claude-squad/cmd/commands/git.go:90.2,90.12 1 0
claude-squad/cmd/commands/git.go:94.63,95.38 1 0
claude-squad/cmd/commands/git.go:95.38,99.3 3 0
claude-squad/cmd/commands/git.go:100.2,100.12 1 0
claude-squad/cmd/commands/git.go:104.60,106.35 2 0
claude-squad/cmd/commands/git.go:106.35,110.3 3 0
claude-squad/cmd/commands/git.go:111.2,111.12 1 0
claude-squad/cmd/commands/git.go:115.56,116.31 1 0
claude-squad/cmd/commands/git.go:116.31,120.3 3 0
claude-squad/cmd/commands/git.go:121.2,121.12 1 0
claude-squad/cmd/commands/git.go:125.56,126.31 1 0
claude-squad/cmd/commands/git.go:126.31,130.3 3 0
claude-squad/cmd/commands/git.go:131.2,131.12 1 0
claude-squad/cmd/commands/git.go:135.64,136.39 1 0
claude-squad/cmd/commands/git.go:136.39,140.3 3 0
claude-squad/cmd/commands/git.go:141.2,141.12 1 0
claude-squad/cmd/commands/navigation.go:25.58,27.2 1 0
claude-squad/cmd/commands/navigation.go:30.54,31.31 1 0
claude-squad/cmd/commands/navigation.go:31.31,34.3 1 0
claude-squad/cmd/commands/navigation.go:35.2,35.36 1 0
claude-squad/cmd/commands/navigation.go:35.36,39.3 3 0
claude-squad/cmd/commands/navigation.go:39.9,42.3 0 0
claude-squad/cmd/commands/navigation.go:43.2,43.12 1 0
claude-squad/cmd/commands/navigation.go:47.56,48.38 1 0
claude-squad/cmd/commands/navigation.go:48.38,52.3 3 0
claude-squad/cmd/commands/navigation.go:53.2,53.12 1 0
claude-squad/cmd/commands/navigation.go:57.56,58.38 1 0
claude-squad/cmd/commands/navigation.go:58.38,62.3 3 0
claude-squad/cmd/commands/navigation.go:63.2,63.12 1 0
claude-squad/cmd/commands/navigation.go:67.57,68.39 1 0
claude-squad/cmd/commands/navigation.go:68.39,72.3 3 0
claude-squad/cmd/commands/navigation.go:73.2,73.12 1 0
claude-squad/cmd/commands/navigation.go:77.58,78.40 1 0
claude-squad/cmd/commands/navigation.go:78.40,82.3 3 0
claude-squad/cmd/commands/navigation.go:83.2,83.12 1 0
claude-squad/cmd/commands/navigation.go:87.60,88.42 1 0
claude-squad/cmd/commands/navigation.go:88.42,92.3 3 0
claude-squad/cmd/commands/navigation.go:93.2,93.12 1 0
claude-squad/cmd/commands/navigation.go:97.58,98.40 1 0
claude-squad/cmd/commands/navigation.go:98.40,102.3 3 0
claude-squad/cmd/commands/navigation.go:103.2,103.12 1 0
claude-squad/cmd/commands/navigation.go:107.62,108.44 1 0
claude-squad/cmd/commands/navigation.go:108.44,112.3 3 0
claude-squad/cmd/commands/navigation.go:113.2,113.12 1 0
claude-squad/cmd/commands/navigation.go:117.66,118.48 1 0
claude-squad/cmd/commands/navigation.go:118.48,122.3 3 0
claude-squad/cmd/commands/navigation.go:123.2,123.12 1 0
claude-squad/cmd/commands/navigation.go:127.69,128.51 1 0
claude-squad/cmd/commands/navigation.go:128.51,132.3 3 0
claude-squad/cmd/commands/navigation.go:133.2,133.12 1 0
claude-squad/cmd/commands/organization.go:19.62,21.2 1 0
claude-squad/cmd/commands/organization.go:24.64,25.48 1 0
claude-squad/cmd/commands/organization.go:25.48,29.3 3 0
claude-squad/cmd/commands/organization.go:30.2,30.12 1 0
claude-squad/cmd/commands/organization.go:34.64,35.48 1 0
claude-squad/cmd/commands/organization.go:35.48,39.3 3 0
claude-squad/cmd/commands/organization.go:40.2,40.12 1 0
claude-squad/cmd/commands/organization.go:44.63,45.47 1 0
claude-squad/cmd/commands/organization.go:45.47,49.3 3 0
claude-squad/cmd/commands/organization.go:50.2,50.12 1 0
claude-squad/cmd/commands/organization.go:54.69,55.53 1 0
claude-squad/cmd/commands/organization.go:55.53,59.3 3 0
claude-squad/cmd/commands/organization.go:60.2,60.12 1 0
claude-squad/cmd/commands/pty.go:21.44,23.2 1 0
claude-squad/cmd/commands/pty.go:26.65,27.40 1 0
claude-squad/cmd/commands/pty.go:27.40,32.3 4 0
claude-squad/cmd/commands/pty.go:32.8,34.3 1 0
claude-squad/cmd/commands/pty.go:35.2,35.12 1 0
claude-squad/cmd/commands/pty.go:39.61,40.36 1 0
claude-squad/cmd/commands/pty.go:40.36,45.3 4 0
claude-squad/cmd/commands/pty.go:45.8,47.3 1 0
claude-squad/cmd/commands/pty.go:48.2,48.12 1 0
claude-squad/cmd/commands/pty.go:52.68,53.38 1 0
claude-squad/cmd/commands/pty.go:53.38,58.3 4 0
claude-squad/cmd/commands/pty.go:58.8,60.3 1 0
claude-squad/cmd/commands/pty.go:61.2,61.12 1 0
claude-squad/cmd/commands/pty.go:65.65,66.40 1 0
claude-squad/cmd/commands/pty.go:66.40,71.3 4 0
claude-squad/cmd/commands/pty.go:71.8,73.3 1 0
claude-squad/cmd/commands/pty.go:74.2,74.12 1 0
claude-squad/cmd/commands/pty.go:78.63,79.38 1 0
claude-squad/cmd/commands/pty.go:79.38,84.3 4 0
claude-squad/cmd/commands/pty.go:84.8,86.3 1 0
claude-squad/cmd/commands/pty.go:87.2,87.12 1 0
claude-squad/cmd/commands/session.go:24.52,26.2 1 0
claude-squad/cmd/commands/session.go:29.62,30.41 1 0
claude-squad/cmd/commands/session.go:30.41,36.3 5 0
claude-squad/cmd/commands/session.go:36.8,38.3 1 0
claude-squad/cmd/commands/session.go:39.2,39.12 1 0
claude-squad/cmd/commands/session.go:43.63,44.42 1 0
claude-squad/cmd/commands/session.go:44.42,48.3 3 0
claude-squad/cmd/commands/session.go:49.2,49.12 1 0
claude-squad/cmd/commands/session.go:53.65,54.44 1 0
claude-squad/cmd/commands/session.go:54.44,58.3 3 0
claude-squad/cmd/commands/session.go:59.2,59.12 1 0
claude-squad/cmd/commands/session.go:63.60,64.39 1 0
claude-squad/cmd/commands/session.go:64.39,68.3 3 0
claude-squad/cmd/commands/session.go:69.2,69.12 1 0
claude-squad/cmd/commands/session.go:73.58,74.37 1 0
claude-squad/cmd/commands/session.go:74.37,78.3 3 0
claude-squad/cmd/commands/session.go:79.2,79.12 1 0
claude-squad/cmd/commands/session.go:83.66,84.45 1 0
claude-squad/cmd/commands/session.go:84.45,88.3 3 0
claude-squad/cmd/commands/session.go:89.2,89.12 1 0
claude-squad/cmd/commands/session.go:93.61,94.40 1 0
claude-squad/cmd/commands/session.go:94.40,98.3 3 0
claude-squad/cmd/commands/session.go:99.2,99.12 1 0
claude-squad/cmd/commands/system.go:22.50,24.2 1 0
claude-squad/cmd/commands/system.go:27.56,28.34 1 0
claude-squad/cmd/commands/system.go:28.34,32.3 3 0
claude-squad/cmd/commands/system.go:33.2,33.12 1 0
claude-squad/cmd/commands/system.go:37.56,38.34 1 0
claude-squad/cmd/commands/system.go:38.34,42.3 3 0
claude-squad/cmd/commands/system.go:43.2,43.12 1 0
claude-squad/cmd/commands/system.go:47.58,48.36 1 0
claude-squad/cmd/commands/system.go:48.36,52.3 3 0
claude-squad/cmd/commands/system.go:53.2,53.12 1 0
claude-squad/cmd/commands/system.go:57.55,58.33 1 0
claude-squad/cmd/commands/system.go:58.33,62.3 3 0
claude-squad/cmd/commands/system.go:63.2,63.12 1 0
claude-squad/cmd/commands/system.go:67.59,68.37 1 0
claude-squad/cmd/commands/system.go:68.37,72.3 3 0
claude-squad/cmd/commands/system.go:73.2,73.12 1 0
claude-squad/cmd/commands/system.go:77.63,78.41 1 0
claude-squad/cmd/commands/system.go:78.41,82.3 3 0
claude-squad/cmd/commands/system.go:83.2,83.12 1 0
claude-squad/cmd/commands/system.go:87.58,88.36 1 0
claude-squad/cmd/commands/system.go:88.36,92.3 3 0
claude-squad/cmd/commands/system.go:93.2,93.12 1 0
claude-squad/daemon/daemon.go:21.42,31.16 5 0
claude-squad/daemon/daemon.go:31.16,33.3 1 0
claude-squad/daemon/daemon.go:35.2,36.16 2 0
claude-squad/daemon/daemon.go:36.16,38.3 1 0
claude-squad/daemon/daemon.go:39.2,39.37 1 0
claude-squad/daemon/daemon.go:39.37,42.3 1 0
claude-squad/daemon/daemon.go:44.2,48.27 3 0
claude-squad/daemon/daemon.go:48.27,50.17 2 0
claude-squad/daemon/daemon.go:50.17,53.4 1 0
claude-squad/daemon/daemon.go:53.9,55.4 1 0
claude-squad/daemon/daemon.go:59.2,66.12 5 0
claude-squad/daemon/daemon.go:66.12,69.7 3 0
claude-squad/daemon/daemon.go:69.7,70.39 1 0
claude-squad/daemon/daemon.go:70.39,72.49 1 0
claude-squad/daemon/daemon.go:72.49,73.58 1 0
claude-squad/daemon/daemon.go:73.58,75.56 2 0
claude-squad/daemon/daemon.go:75.56,76.30 1 0
claude-squad/daemon/daemon.go:76.30,78.9 1 0
claude-squad/daemon/daemon.go:85.4,85.11 1 0
claude-squad/daemon/daemon.go:86.18,87.11 1 0
claude-squad/daemon/daemon.go:88.12,88.12 0 0
claude-squad/daemon/daemon.go:91.4,92.30 2 0
claude-squad/daemon/daemon.go:97.2,97.45 1 0
claude-squad/daemon/daemon.go:97.45,100.3 2 0
claude-squad/daemon/daemon.go:103.2,103.34 1 0
claude-squad/daemon/daemon.go:103.34,105.13 2 0
claude-squad/daemon/daemon.go:105.13,112.8 5 0
claude-squad/daemon/daemon.go:112.8,113.12 1 0
claude-squad/daemon/daemon.go:114.21,116.73 1 0
claude-squad/daemon/daemon.go:116.73,118.7 1 0
claude-squad/daemon/daemon.go:119.19,121.12 2 0
claude-squad/daemon/daemon.go:128.2,137.57 7 0
claude-squad/daemon/daemon.go:137.57,139.3 1 0
claude-squad/daemon/daemon.go:140.2,140.12 1 0
claude-squad/daemon/daemon.go:144.57,146.16 2 0
claude-squad/daemon/daemon.go:146.16,148.3 1 0
claude-squad/daemon/daemon.go:150.2,151.16 2 0
claude-squad/daemon/daemon.go:151.16,153.3 1 0
claude-squad/daemon/daemon.go:156.2,156.54 1 0
claude-squad/daemon/daemon.go:156.54,157.54 1 0
claude-squad/daemon/daemon.go:157.54,159.4 1 0
claude-squad/daemon/daemon.go:163.2,163.47 1 0
claude-squad/daemon/daemon.go:163.47,165.3 1 0
claude-squad/daemon/daemon.go:168.2,169.46 2 0
claude-squad/daemon/daemon.go:169.46,170.48 1 0
claude-squad/daemon/daemon.go:170.48,172.4 1 0
claude-squad/daemon/daemon.go:172.9,174.4 1 0
claude-squad/daemon/daemon.go:178.2,179.50 2 0
claude-squad/daemon/daemon.go:179.50,180.52 1 0
claude-squad/daemon/daemon.go:180.52,182.4 1 0
claude-squad/daemon/daemon.go:182.9,184.4 1 0
claude-squad/daemon/daemon.go:187.2,188.21 2 0
claude-squad/daemon/daemon.go:199.3,217.68 9 0
claude-squad/daemon/daemon.go:217.68,219.3 1 0
claude-squad/daemon/daemon.go:221.2,221.6 1 0
claude-squad/daemon/daemon.go:221.6,222.10 1 0
claude-squad/daemon/daemon.go:223.38,224.11 1 0
claude-squad/daemon/daemon.go:224.11,226.5 1 0
claude-squad/daemon/daemon.go:229.4,233.84 3 0
claude-squad/daemon/daemon.go:233.84,234.13 1 0
claude-squad/daemon/daemon.go:238.4,238.63 1 0
claude-squad/daemon/daemon.go:238.63,240.51 1 0
claude-squad/daemon/daemon.go:240.51,241.14 1 0
claude-squad/daemon/daemon.go:243.5,246.71 3 0
claude-squad/daemon/daemon.go:246.71,248.6 1 0
claude-squad/daemon/daemon.go:251.5,251.35 1 0
claude-squad/daemon/daemon.go:251.35,253.60 1 0
claude-squad/daemon/daemon.go:253.60,254.56 1 0
claude-squad/daemon/daemon.go:254.56,256.8 1 0
claude-squad/daemon/daemon.go:260.6,261.64 2 0
claude-squad/daemon/daemon.go:261.64,262.56 1 0
claude-squad/daemon/daemon.go:262.56,264.8 1 0
claude-squad/daemon/daemon.go:269.36,270.11 1 0
claude-squad/daemon/daemon.go:270.11,272.5 1 0
claude-squad/daemon/daemon.go:273.4,273.49 1 0
claude-squad/daemon/daemon.go:275.23,277.70 1 0
claude-squad/daemon/daemon.go:277.70,279.5 1 0
claude-squad/daemon/daemon.go:281.17,283.10 2 0
claude-squad/daemon/daemon.go:289.101,294.16 2 0
claude-squad/daemon/daemon.go:294.16,296.3 1 0
claude-squad/daemon/daemon.go:299.2,300.45 2 0
claude-squad/daemon/daemon.go:300.45,302.3 1 0
claude-squad/daemon/daemon.go:305.2,306.48 2 0
claude-squad/daemon/daemon.go:306.48,307.38 1 0
claude-squad/daemon/daemon.go:307.38,311.26 2 0
claude-squad/daemon/daemon.go:311.26,315.5 2 0
claude-squad/daemon/daemon.go:315.10,317.5 1 0
claude-squad/daemon/daemon.go:322.2,322.27 1 0
claude-squad/daemon/daemon.go:322.27,328.46 4 0
claude-squad/daemon/daemon.go:328.46,330.4 1 0
claude-squad/daemon/daemon.go:333.2,333.12 1 0
claude-squad/daemon/daemon.go:337.27,340.16 2 0
claude-squad/daemon/daemon.go:340.16,342.3 1 0
claude-squad/daemon/daemon.go:344.2,354.36 6 0
claude-squad/daemon/daemon.go:354.36,356.3 1 0
claude-squad/daemon/daemon.go:358.2,362.16 3 0
claude-squad/daemon/daemon.go:362.16,364.3 1 0
claude-squad/daemon/daemon.go:366.2,367.96 2 0
claude-squad/daemon/daemon.go:367.96,369.3 1 0
claude-squad/daemon/daemon.go:373.2,373.46 1 0
claude-squad/daemon/daemon.go:373.46,375.3 1 0
claude-squad/daemon/daemon.go:378.2,378.12 1 0
claude-squad/daemon/daemon.go:383.25,385.16 2 0
claude-squad/daemon/daemon.go:385.16,387.3 1 0
claude-squad/daemon/daemon.go:389.2,391.16 3 0
claude-squad/daemon/daemon.go:391.16,392.25 1 0
claude-squad/daemon/daemon.go:392.25,394.4 1 0
claude-squad/daemon/daemon.go:395.3,395.56 1 0
claude-squad/daemon/daemon.go:398.2,399.64 2 0
claude-squad/daemon/daemon.go:399.64,401.3 1 0
claude-squad/daemon/daemon.go:403.2,404.16 2 0
claude-squad/daemon/daemon.go:404.16,406.3 1 0
claude-squad/daemon/daemon.go:408.2,408.36 1 0
claude-squad/daemon/daemon.go:408.36,410.3 1 0
claude-squad/daemon/daemon.go:413.2,413.43 1 0
claude-squad/daemon/daemon.go:413.43,415.3 1 0
claude-squad/daemon/daemon.go:417.2,418.12 2 0
claude-squad/daemon/daemon_unix.go:10.44,14.2 1 0
claude-squad/gen/proto/go/session/v1/events.pb.go:66.92,70.2 3 0
claude-squad/gen/proto/go/session/v1/events.pb.go:72.63,74.2 1 0
claude-squad/gen/proto/go/session/v1/events.pb.go:76.86,78.2 1 0
claude-squad/gen/proto/go/session/v1/events.pb.go:80.74,82.2 1 0
claude-squad/gen/proto/go/session/v1/events.pb.go:84.80,86.2 1 0
claude-squad/gen/proto/go/session/v1/events.pb.go:89.78,91.2 1 0
claude-squad/gen/proto/go/session/v1/events.pb.go:115.32,120.2 4 0
claude-squad/gen/proto/go/session/v1/events.pb.go:122.40,124.2 1 0
claude-squad/gen/proto/go/session/v1/events.pb.go:126.38,126.39 0 0
claude-squad/gen/proto/go/session/v1/events.pb.go:128.60,130.14 2 0
claude-squad/gen/proto/go/session/v1/events.pb.go:130.14,132.34 2 0
claude-squad/gen/proto/go/session/v1/events.pb.go:132.34,134.4 1 0
claude-squad/gen/proto/go/session/v1/events.pb.go:135.3,135.12 1 0
claude-squad/gen/proto/go/session/v1/events.pb.go:137.2,137.24 1 0
claude-squad/gen/proto/go/session/v1/events.pb.go:141.51,143.2 1 0
claude-squad/gen/proto/go/session/v1/events.pb.go:145.62,146.14 1 0
claude-squad/gen/proto/go/session/v1/events.pb.go:146.14,148.3 1 0
claude-squad/gen/proto/go/session/v1/events.pb.go:149.2,149.12 1 0
claude-squad/gen/proto/go/session/v1/events.pb.go:152.56,153.14 1 0
claude-squad/gen/proto/go/session/v1/events.pb.go:153.14,155.3 1 0
claude-squad/gen/proto/go/session/v1/events.pb.go:156.2,156.12 1 0
claude-squad/gen/proto/go/session/v1/events.pb.go:159.65,160.14 1 0
claude-squad/gen/proto/go/session/v1/events.pb.go:160.14,161.58 1 0
claude-squad/gen/proto/go/session/v1/events.pb.go:161.58,163.4 1 0
claude-squad/gen/proto/go/session/v1/events.pb.go:165.2,165.12 1 0
claude-squad/gen/proto/go/session/v1/events.pb.go:168.65,169.14 1 0
claude-squad/gen/proto/go/session/v1/events.pb.go:169.14,170.58 1 0
claude-squad/gen/proto/go/session/v1/events.pb.go:170.58,172.4 1 0
claude-squad/gen/proto/go/session/v1/events.pb.go:174.2,174.12 1 0
claude-squad/gen/proto/go/session/v1/events.pb.go:177.65,178.14 1 0
claude-squad/gen/proto/go/session/v1/events.pb.go:178.14,179.58 1 0
claude-squad/gen/proto/go/session/v1/events.pb.go:179.58,181.4 1 0
claude-squad/gen/proto/go/session/v1/events.pb.go:183.2,183.12 1 0
claude-squad/gen/proto/go/session/v1/events.pb.go:186.70,187.14 1 0
claude-squad/gen/proto/go/session/v1/events.pb.go:187.14,188.57 1 0
claude-squad/gen/proto/go/session/v1/events.pb.go:188.57,190.4 1 0
claude-squad/gen/proto/go/session/v1/events.pb.go:192.2,192.12 1 0
claude-squad/gen/proto/go/session/v1/events.pb.go:195.67,196.14 1 0
claude-squad/gen/proto/go/session/v1/events.pb.go:196.14,197.59 1 0
claude-squad/gen/proto/go/session/v1/events.pb.go:197.59,199.4 1 0
claude-squad/gen/proto/go/session/v1/events.pb.go:201.2,201.12 1 0
claude-squad/gen/proto/go/session/v1/events.pb.go:204.75,205.14 1 0
claude-squad/gen/proto/go/session/v1/events.pb.go:205.14,206.63 1 0
claude-squad/gen/proto/go/session/v1/events.pb.go:206.63,208.4 1 0
claude-squad/gen/proto/go/session/v1/events.pb.go:210.2,210.12 1 0
claude-squad/gen/proto/go/session/v1/events.pb.go:213.69,214.14 1 0
claude-squad/gen/proto/go/session/v1/events.pb.go:214.14,215.60 1 0
claude-squad/gen/proto/go/session/v1/events.pb.go:215.60,217.4 1 0
claude-squad/gen/proto/go/session/v1/events.pb.go:219.2,219.12 1 0
claude-squad/gen/proto/go/session/v1/events.pb.go:254.61,254.62 0 0
claude-squad/gen/proto/go/session/v1/events.pb.go:256.61,256.62 0 0
claude-squad/gen/proto/go/session/v1/events.pb.go:258.61,258.62 0 0
claude-squad/gen/proto/go/session/v1/events.pb.go:260.60,260.61 0 0
claude-squad/gen/proto/go/session/v1/events.pb.go:262.62,262.63 0 0
claude-squad/gen/proto/go/session/v1/events.pb.go:264.66,264.67 0 0
claude-squad/gen/proto/go/session/v1/events.pb.go:266.63,266.64 0 0
claude-squad/gen/proto/go/session/v1/events.pb.go:276.39,281.2 4 0
claude-squad/gen/proto/go/session/v1/events.pb.go:283.47,285.2 1 0
claude-squad/gen/proto/go/session/v1/events.pb.go:287.45,287.46 0 0
claude-squad/gen/proto/go/session/v1/events.pb.go:289.67,291.14 2 0
claude-squad/gen/proto/go/session/v1/events.pb.go:291.14,293.34 2 0
claude-squad/gen/proto/go/session/v1/events.pb.go:293.34,295.4 1 0
claude-squad/gen/proto/go/session/v1/events.pb.go:296.3,296.12 1 0
claude-squad/gen/proto/go/session/v1/events.pb.go:298.2,298.24 1 0
claude-squad/gen/proto/go/session/v1/events.pb.go:302.58,304.2 1 0
claude-squad/gen/proto/go/session/v1/events.pb.go:306.53,307.14 1 0
claude-squad/gen/proto/go/session/v1/events.pb.go:307.14,309.3 1 0
claude-squad/gen/proto/go/session/v1/events.pb.go:310.2,310.12 1 0
claude-squad/gen/proto/go/session/v1/events.pb.go:323.39,328.2 4 0
claude-squad/gen/proto/go/session/v1/events.pb.go:330.47,332.2 1 0
claude-squad/gen/proto/go/session/v1/events.pb.go:334.45,334.46 0 0
claude-squad/gen/proto/go/session/v1/events.pb.go:336.67,338.14 2 0
claude-squad/gen/proto/go/session/v1/events.pb.go:338.14,340.34 2 0
claude-squad/gen/proto/go/session/v1/events.pb.go:340.34,342.4 1 0
claude-squad/gen/proto/go/session/v1/events.pb.go:343.3,343.12 1 0
claude-squad/gen/proto/go/session/v1/events.pb.go:345.2,345.24 1 0
claude-squad/gen/proto/go/session/v1/events.pb.go:349.58,351.2 1 0
claude-squad/gen/proto/go/session/v1/events.pb.go:353.53,354.14 1 0
claude-squad/gen/proto/go/session/v1/events.pb.go:354.14,356.3 1 0
claude-squad/gen/proto/go/session/v1/events.pb.go:357.2,357.12 1 0
claude-squad/gen/proto/go/session/v1/events.pb.go:360.59,361.14 1 0
claude-squad/gen/proto/go/session/v1/events.pb.go:361.14,363.3 1 0
claude-squad/gen/proto/go/session/v1/events.pb.go:364.2,364.12 1 0
claude-squad/gen/proto/go/session/v1/events.pb.go:376.39,381.2 4 0
claude-squad/gen/proto/go/session/v1/events.pb.go:383.47,385.2 1 0
claude-squad/gen/proto/go/session/v1/events.pb.go:387.45,387.46 0 0
claude-squad/gen/proto/go/session/v1/events.pb.go:389.67,391.14 2 0
claude-squad/gen/proto/go/session/v1/events.pb.go:391.14,393.34 2 0
claude-squad/gen/proto/go/session/v1/events.pb.go:393.34,395.4 1 0
claude-squad/gen/proto/go/session/v1/events.pb.go:396.3,396.12 1 0
claude-squad/gen/proto/go/session/v1/events.pb.go:398.2,398.24 1 0
claude-squad/gen/proto/go/session/v1/events.pb.go:402.58,404.2 1 0
claude-squad/gen/proto/go/session/v1/events.pb.go:406.53,407.14 1 0
claude-squad/gen/proto/go/session/v1/events.pb.go:407.14,409.3 1 0
claude-squad/gen/proto/go/session/v1/events.pb.go:410.2,410.11 1 0
claude-squad/gen/proto/go/session/v1/events.pb.go:413.50,414.14 1 0
claude-squad/gen/proto/go/session/v1/events.pb.go:414.14,416.3 1 0
claude-squad/gen/proto/go/session/v1/events.pb.go:417.2,417.11 1 0
claude-squad/gen/proto/go/session/v1/events.pb.go:430.45,435.2 4 0
claude-squad/gen/proto/go/session/v1/events.pb.go:437.53,439.2 1 0
claude-squad/gen/proto/go/session/v1/events.pb.go:441.51,441.52 0 0
claude-squad/gen/proto/go/session/v1/events.pb.go:443.73,445.14 2 0
claude-squad/gen/proto/go/session/v1/events.pb.go:445.14,447.34 2 0
claude-squad/gen/proto/go/session/v1/events.pb.go:447.34,449.4 1 0
claude-squad/gen/proto/go/session/v1/events.pb.go:450.3,450.12 1 0
claude-squad/gen/proto/go/session/v1/events.pb.go:452.2,452.24 1 0
claude-squad/gen/proto/go/session/v1/events.pb.go:456.64,458.2 1 0
claude-squad/gen/proto/go/session/v1/events.pb.go:460.59,461.14 1 0
claude-squad/gen/proto/go/session/v1/events.pb.go:461.14,463.3 1 0
claude-squad/gen/proto/go/session/v1/events.pb.go:464.2,464.11 1 0
claude-squad/gen/proto/go/session/v1/events.pb.go:467.66,468.14 1 0
claude-squad/gen/proto/go/session/v1/events.pb.go:468.14,470.3 1 0
claude-squad/gen/proto/go/session/v1/events.pb.go:471.2,471.49 1 0
claude-squad/gen/proto/go/session/v1/events.pb.go:474.66,475.14 1 0
claude-squad/gen/proto/go/session/v1/events.pb.go:475.14,477.3 1 0
claude-squad/gen/proto/go/session/v1/events.pb.go:478.2,478.49 1 0
claude-squad/gen/proto/go/session/v1/events.pb.go:507.32,512.2 4 0
claude-squad/gen/proto/go/session/v1/events.pb.go:514.40,516.2 1 0
claude-squad/gen/proto/go/session/v1/events.pb.go:518.38,518.39 0 0
claude-squad/gen/proto/go/session/v1/events.pb.go:520.60,522.14 2 0
claude-squad/gen/proto/go/session/v1/events.pb.go:522.14,524.34 2 0
claude-squad/gen/proto/go/session/v1/events.pb.go:524.34,526.4 1 0
claude-squad/gen/proto/go/session/v1/events.pb.go:527.3,527.12 1 0
claude-squad/gen/proto/go/session/v1/events.pb.go:529.2,529.24 1 0
claude-squad/gen/proto/go/session/v1/events.pb.go:533.51,535.2 1 0
claude-squad/gen/proto/go/session/v1/events.pb.go:537.46,538.14 1 0
claude-squad/gen/proto/go/session/v1/events.pb.go:538.14,540.3 1 0
claude-squad/gen/proto/go/session/v1/events.pb.go:541.2,541.11 1 0
claude-squad/gen/proto/go/session/v1/events.pb.go:544.54,545.14 1 0
claude-squad/gen/proto/go/session/v1/events.pb.go:545.14,547.3 1 0
claude-squad/gen/proto/go/session/v1/events.pb.go:548.2,548.12 1 0
claude-squad/gen/proto/go/session/v1/events.pb.go:551.52,552.14 1 0
claude-squad/gen/proto/go/session/v1/events.pb.go:552.14,553.49 1 0
claude-squad/gen/proto/go/session/v1/events.pb.go:553.49,555.4 1 0
claude-squad/gen/proto/go/session/v1/events.pb.go:557.2,557.12 1 0
claude-squad/gen/proto/go/session/v1/events.pb.go:560.50,561.14 1 0
claude-squad/gen/proto/go/session/v1/events.pb.go:561.14,562.48 1 0
claude-squad/gen/proto/go/session/v1/events.pb.go:562.48,564.4 1 0
claude-squad/gen/proto/go/session/v1/events.pb.go:566.2,566.12 1 0
claude-squad/gen/proto/go/session/v1/events.pb.go:569.52,570.14 1 0
claude-squad/gen/proto/go/session/v1/events.pb.go:570.14,571.49 1 0
claude-squad/gen/proto/go/session/v1/events.pb.go:571.49,573.4 1 0
claude-squad/gen/proto/go/session/v1/events.pb.go:575.2,575.12 1 0
claude-squad/gen/proto/go/session/v1/events.pb.go:578.50,579.14 1 0
claude-squad/gen/proto/go/session/v1/events.pb.go:579.14,580.48 1 0
claude-squad/gen/proto/go/session/v1/events.pb.go:580.48,582.4 1 0
claude-squad/gen/proto/go/session/v1/events.pb.go:584.2,584.12 1 0
claude-squad/gen/proto/go/session/v1/events.pb.go:587.66,588.14 1 0
claude-squad/gen/proto/go/session/v1/events.pb.go:588.14,589.60 1 0
claude-squad/gen/proto/go/session/v1/events.pb.go:589.60,591.4 1 0
claude-squad/gen/proto/go/session/v1/events.pb.go:593.2,593.12 1 0
claude-squad/gen/proto/go/session/v1/events.pb.go:596.68,597.14 1 0
claude-squad/gen/proto/go/session/v1/events.pb.go:597.14,598.61 1 0
claude-squad/gen/proto/go/session/v1/events.pb.go:598.61,600.4 1 0
claude-squad/gen/proto/go/session/v1/events.pb.go:602.2,602.12 1 0
claude-squad/gen/proto/go/session/v1/events.pb.go:605.50,606.14 1 0
claude-squad/gen/proto/go/session/v1/events.pb.go:606.14,607.48 1 0
claude-squad/gen/proto/go/session/v1/events.pb.go:607.48,609.4 1 0
claude-squad/gen/proto/go/session/v1/events.pb.go:611.2,611.12 1 0
claude-squad/gen/proto/go/session/v1/events.pb.go:614.68,615.14 1 0
claude-squad/gen/proto/go/session/v1/events.pb.go:615.14,616.61 1 0
claude-squad/gen/proto/go/session/v1/events.pb.go:616.61,618.4 1 0
claude-squad/gen/proto/go/session/v1/events.pb.go:620.2,620.12 1 0
claude-squad/gen/proto/go/session/v1/events.pb.go:623.70,624.14 1 0
claude-squad/gen/proto/go/session/v1/events.pb.go:624.14,625.62 1 0
claude-squad/gen/proto/go/session/v1/events.pb.go:625.62,627.4 1 0
claude-squad/gen/proto/go/session/v1/events.pb.go:629.2,629.12 1 0
claude-squad/gen/proto/go/session/v1/events.pb.go:632.54,633.14 1 0
claude-squad/gen/proto/go/session/v1/events.pb.go:633.14,634.54 1 0
claude-squad/gen/proto/go/session/v1/events.pb.go:634.54,636.4 1 0
claude-squad/gen/proto/go/session/v1/events.pb.go:638.2,638.12 1 0
claude-squad/gen/proto/go/session/v1/events.pb.go:641.50,642.14 1 0
claude-squad/gen/proto/go/session/v1/events.pb.go:642.14,643.48 1 0
claude-squad/gen/proto/go/session/v1/events.pb.go:643.48,645.4 1 0
claude-squad/gen/proto/go/session/v1/events.pb.go:647.2,647.12 1 0
claude-squad/gen/proto/go/session/v1/events.pb.go:698.52,698.53 0 0
claude-squad/gen/proto/go/session/v1/events.pb.go:700.51,700.52 0 0
claude-squad/gen/proto/go/session/v1/events.pb.go:702.52,702.53 0 0
claude-squad/gen/proto/go/session/v1/events.pb.go:704.51,704.52 0 0
claude-squad/gen/proto/go/session/v1/events.pb.go:706.63,706.64 0 0
claude-squad/gen/proto/go/session/v1/events.pb.go:708.64,708.65 0 0
claude-squad/gen/proto/go/session/v1/events.pb.go:710.51,710.52 0 0
claude-squad/gen/proto/go/session/v1/events.pb.go:712.64,712.65 0 0
claude-squad/gen/proto/go/session/v1/events.pb.go:714.65,714.66 0 0
claude-squad/gen/proto/go/session/v1/events.pb.go:716.57,716.58 0 0
claude-squad/gen/proto/go/session/v1/events.pb.go:718.51,718.52 0 0
claude-squad/gen/proto/go/session/v1/events.pb.go:728.34,733.2 4 0
claude-squad/gen/proto/go/session/v1/events.pb.go:735.42,737.2 1 0
claude-squad/gen/proto/go/session/v1/events.pb.go:739.40,739.41 0 0
claude-squad/gen/proto/go/session/v1/events.pb.go:741.62,743.14 2 0
claude-squad/gen/proto/go/session/v1/events.pb.go:743.14,745.34 2 0
claude-squad/gen/proto/go/session/v1/events.pb.go:745.34,747.4 1 0
claude-squad/gen/proto/go/session/v1/events.pb.go:748.3,748.12 1 0
claude-squad/gen/proto/go/session/v1/events.pb.go:750.2,750.24 1 0
claude-squad/gen/proto/go/session/v1/events.pb.go:754.53,756.2 1 0
claude-squad/gen/proto/go/session/v1/events.pb.go:758.43,759.14 1 0
claude-squad/gen/proto/go/session/v1/events.pb.go:759.14,761.3 1 0
claude-squad/gen/proto/go/session/v1/events.pb.go:762.2,762.12 1 0
claude-squad/gen/proto/go/session/v1/events.pb.go:773.33,778.2 4 0
claude-squad/gen/proto/go/session/v1/events.pb.go:780.41,782.2 1 0
claude-squad/gen/proto/go/session/v1/events.pb.go:784.39,784.40 0 0
claude-squad/gen/proto/go/session/v1/events.pb.go:786.61,788.14 2 0
claude-squad/gen/proto/go/session/v1/events.pb.go:788.14,790.34 2 0
claude-squad/gen/proto/go/session/v1/events.pb.go:790.34,792.4 1 0
claude-squad/gen/proto/go/session/v1/events.pb.go:793.3,793.12 1 0
claude-squad/gen/proto/go/session/v1/events.pb.go:795.2,795.24 1 0
claude-squad/gen/proto/go/session/v1/events.pb.go:799.52,801.2 1 0
claude-squad/gen/proto/go/session/v1/events.pb.go:803.42,804.14 1 0
claude-squad/gen/proto/go/session/v1/events.pb.go:804.14,806.3 1 0
claude-squad/gen/proto/go/session/v1/events.pb.go:807.2,807.12 1 0
claude-squad/gen/proto/go/session/v1/events.pb.go:819.34,824.2 4 0
claude-squad/gen/proto/go/session/v1/events.pb.go:826.42,828.2 1 0
claude-squad/gen/proto/go/session/v1/events.pb.go:830.40,830.41 0 0
claude-squad/gen/proto/go/session/v1/events.pb.go:832.62,834.14 2 0
claude-squad/gen/proto/go/session/v1/events.pb.go:834.14,836.34 2 0
claude-squad/gen/proto/go/session/v1/events.pb.go:836.34,838.4 1 0
claude-squad/gen/proto/go/session/v1/events.pb.go:839.3,839.12 1 0
claude-squad/gen/proto/go/session/v1/events.pb.go:841.2,841.24 1 0
claude-squad/gen/proto/go/session/v1/events.pb.go:845.53,847.2 1 0
claude-squad/gen/proto/go/session/v1/events.pb.go:849.42,850.14 1 0
claude-squad/gen/proto/go/session/v1/events.pb.go:850.14,852.3 1 0
claude-squad/gen/proto/go/session/v1/events.pb.go:853.2,853.10 1 0
claude-squad/gen/proto/go/session/v1/events.pb.go:856.42,857.14 1 0
claude-squad/gen/proto/go/session/v1/events.pb.go:857.14,859.3 1 0
claude-squad/gen/proto/go/session/v1/events.pb.go:860.2,860.10 1 0
claude-squad/gen/proto/go/session/v1/events.pb.go:872.33,877.2 4 0
claude-squad/gen/proto/go/session/v1/events.pb.go:879.41,881.2 1 0
claude-squad/gen/proto/go/session/v1/events.pb.go:883.39,883.40 0 0
claude-squad/gen/proto/go/session/v1/events.pb.go:885.61,887.14 2 0
claude-squad/gen/proto/go/session/v1/events.pb.go:887.14,889.34 2 0
claude-squad/gen/proto/go/session/v1/events.pb.go:889.34,891.4 1 0
claude-squad/gen/proto/go/session/v1/events.pb.go:892.3,892.12 1 0
claude-squad/gen/proto/go/session/v1/events.pb.go:894.2,894.24 1 0
claude-squad/gen/proto/go/session/v1/events.pb.go:898.52,900.2 1 0
claude-squad/gen/proto/go/session/v1/events.pb.go:902.45,903.14 1 0
claude-squad/gen/proto/go/session/v1/events.pb.go:903.14,905.3 1 0
claude-squad/gen/proto/go/session/v1/events.pb.go:906.2,906.11 1 0
claude-squad/gen/proto/go/session/v1/events.pb.go:909.42,910.14 1 0
claude-squad/gen/proto/go/session/v1/events.pb.go:910.14,912.3 1 0
claude-squad/gen/proto/go/session/v1/events.pb.go:913.2,913.11 1 0
claude-squad/gen/proto/go/session/v1/events.pb.go:944.31,949.2 4 0
claude-squad/gen/proto/go/session/v1/events.pb.go:951.39,953.2 1 0
claude-squad/gen/proto/go/session/v1/events.pb.go:955.37,955.38 0 0
claude-squad/gen/proto/go/session/v1/events.pb.go:957.59,959.14 2 0
claude-squad/gen/proto/go/session/v1/events.pb.go:959.14,961.34 2 0
claude-squad/gen/proto/go/session/v1/events.pb.go:961.34,963.4 1 0
claude-squad/gen/proto/go/session/v1/events.pb.go:964.3,964.12 1 0
claude-squad/gen/proto/go/session/v1/events.pb.go:966.2,966.24 1 0
claude-squad/gen/proto/go/session/v1/events.pb.go:970.50,972.2 1 0
claude-squad/gen/proto/go/session/v1/events.pb.go:974.40,975.14 1 0
claude-squad/gen/proto/go/session/v1/events.pb.go:975.14,977.3 1 0
claude-squad/gen/proto/go/session/v1/events.pb.go:978.2,978.14 1 0
claude-squad/gen/proto/go/session/v1/events.pb.go:981.45,982.36 1 0
claude-squad/gen/proto/go/session/v1/events.pb.go:982.36,984.3 1 0
claude-squad/gen/proto/go/session/v1/events.pb.go:985.2,985.10 1 0
claude-squad/gen/proto/go/session/v1/events.pb.go:997.37,1002.2 4 0
claude-squad/gen/proto/go/session/v1/events.pb.go:1004.45,1006.2 1 0
claude-squad/gen/proto/go/session/v1/events.pb.go:1008.43,1008.44 0 0
claude-squad/gen/proto/go/session/v1/events.pb.go:1010.65,1012.14 2 0
claude-squad/gen/proto/go/session/v1/events.pb.go:1012.14,1014.34 2 0
claude-squad/gen/proto/go/session/v1/events.pb.go:1014.34,1016.4 1 0
claude-squad/gen/proto/go/session/v1/events.pb.go:1017.3,1017.12 1 0
claude-squad/gen/proto/go/session/v1/events.pb.go:1019.2,1019.24 1 0
claude-squad/gen/proto/go/session/v1/events.pb.go:1023.56,1025.2 1 0
claude-squad/gen/proto/go/session/v1/events.pb.go:1027.54,1028.14 1 0
claude-squad/gen/proto/go/session/v1/events.pb.go:1028.14,1030.3 1 0
claude-squad/gen/proto/go/session/v1/events.pb.go:1031.2,1031.10 1 0
claude-squad/gen/proto/go/session/v1/events.pb.go:1034.46,1035.14 1 0
claude-squad/gen/proto/go/session/v1/events.pb.go:1035.14,1037.3 1 0
claude-squad/gen/proto/go/session/v1/events.pb.go:1038.2,1038.10 1 0
claude-squad/gen/proto/go/session/v1/events.pb.go:1053.38,1058.2 4 0
claude-squad/gen/proto/go/session/v1/events.pb.go:1060.46,1062.2 1 0
claude-squad/gen/proto/go/session/v1/events.pb.go:1064.44,1064.45 0 0
claude-squad/gen/proto/go/session/v1/events.pb.go:1066.66,1068.14 2 0
claude-squad/gen/proto/go/session/v1/events.pb.go:1068.14,1070.34 2 0
claude-squad/gen/proto/go/session/v1/events.pb.go:1070.34,1072.4 1 0
claude-squad/gen/proto/go/session/v1/events.pb.go:1073.3,1073.12 1 0
claude-squad/gen/proto/go/session/v1/events.pb.go:1075.2,1075.24 1 0
claude-squad/gen/proto/go/session/v1/events.pb.go:1079.57,1081.2 1 0
claude-squad/gen/proto/go/session/v1/events.pb.go:1083.61,1084.14 1 0
claude-squad/gen/proto/go/session/v1/events.pb.go:1084.14,1086.3 1 0
claude-squad/gen/proto/go/session/v1/events.pb.go:1087.2,1087.12 1 0
claude-squad/gen/proto/go/session/v1/events.pb.go:1090.48,1091.14 1 0
claude-squad/gen/proto/go/session/v1/events.pb.go:1091.14,1093.3 1 0
claude-squad/gen/proto/go/session/v1/events.pb.go:1094.2,1094.14 1 0
claude-squad/gen/proto/go/session/v1/events.pb.go:1097.53,1098.14 1 0
claude-squad/gen/proto/go/session/v1/events.pb.go:1098.14,1100.3 1 0
claude-squad/gen/proto/go/session/v1/events.pb.go:1101.2,1101.10 1 0
claude-squad/gen/proto/go/session/v1/events.pb.go:1104.57,1105.14 1 0
claude-squad/gen/proto/go/session/v1/events.pb.go:1105.14,1107.3 1 0
claude-squad/gen/proto/go/session/v1/events.pb.go:1108.2,1108.10 1 0
claude-squad/gen/proto/go/session/v1/events.pb.go:1111.57,1112.14 1 0
claude-squad/gen/proto/go/session/v1/events.pb.go:1112.14,1114.3 1 0
claude-squad/gen/proto/go/session/v1/events.pb.go:1115.2,1115.10 1 0
claude-squad/gen/proto/go/session/v1/events.pb.go:1128.35,1133.2 4 0
claude-squad/gen/proto/go/session/v1/events.pb.go:1135.43,1137.2 1 0
claude-squad/gen/proto/go/session/v1/events.pb.go:1139.41,1139.42 0 0
claude-squad/gen/proto/go/session/v1/events.pb.go:1141.63,1143.14 2 0
claude-squad/gen/proto/go/session/v1/events.pb.go:1143.14,1145.34 2 0
claude-squad/gen/proto/go/session/v1/events.pb.go:1145.34,1147.4 1 0
claude-squad/gen/proto/go/session/v1/events.pb.go:1148.3,1148.12 1 0
claude-squad/gen/proto/go/session/v1/events.pb.go:1150.2,1150.24 1 0
claude-squad/gen/proto/go/session/v1/events.pb.go:1154.54,1156.2 1 0
claude-squad/gen/proto/go/session/v1/events.pb.go:1158.44,1159.14 1 0
claude-squad/gen/proto/go/session/v1/events.pb.go:1159.14,1161.3 1 0
claude-squad/gen/proto/go/session/v1/events.pb.go:1162.2,1162.12 1 0
claude-squad/gen/proto/go/session/v1/events.pb.go:1165.48,1166.14 1 0
claude-squad/gen/proto/go/session/v1/events.pb.go:1166.14,1168.3 1 0
claude-squad/gen/proto/go/session/v1/events.pb.go:1169.2,1169.10 1 0
claude-squad/gen/proto/go/session/v1/events.pb.go:1172.50,1173.14 1 0
claude-squad/gen/proto/go/session/v1/events.pb.go:1173.14,1175.3 1 0
claude-squad/gen/proto/go/session/v1/events.pb.go:1176.2,1176.10 1 0
claude-squad/gen/proto/go/session/v1/events.pb.go:1204.38,1209.2 4 0
claude-squad/gen/proto/go/session/v1/events.pb.go:1211.46,1213.2 1 0
claude-squad/gen/proto/go/session/v1/events.pb.go:1215.44,1215.45 0 0
claude-squad/gen/proto/go/session/v1/events.pb.go:1217.66,1219.14 2 0
claude-squad/gen/proto/go/session/v1/events.pb.go:1219.14,1221.34 2 0
claude-squad/gen/proto/go/session/v1/events.pb.go:1221.34,1223.4 1 0
claude-squad/gen/proto/go/session/v1/events.pb.go:1224.3,1224.12 1 0
claude-squad/gen/proto/go/session/v1/events.pb.go:1226.2,1226.24 1 0
claude-squad/gen/proto/go/session/v1/events.pb.go:1230.57,1232.2 1 0
claude-squad/gen/proto/go/session/v1/events.pb.go:1234.47,1235.14 1 0
claude-squad/gen/proto/go/session/v1/events.pb.go:1235.14,1237.3 1 0
claude-squad/gen/proto/go/session/v1/events.pb.go:1238.2,1238.10 1 0
claude-squad/gen/proto/go/session/v1/events.pb.go:1241.55,1242.14 1 0
claude-squad/gen/proto/go/session/v1/events.pb.go:1242.14,1244.3 1 0
claude-squad/gen/proto/go/session/v1/events.pb.go:1245.2,1245.14 1 0
claude-squad/gen/proto/go/session/v1/events.pb.go:1248.52,1249.37 1 0
claude-squad/gen/proto/go/session/v1/events.pb.go:1249.37,1251.3 1 0
claude-squad/gen/proto/go/session/v1/events.pb.go:1252.2,1252.10 1 0
claude-squad/gen/proto/go/session/v1/events.pb.go:1255.52,1256.37 1 0
claude-squad/gen/proto/go/session/v1/events.pb.go:1256.37,1258.3 1 0
claude-squad/gen/proto/go/session/v1/events.pb.go:1259.2,1259.10 1 0
claude-squad/gen/proto/go/session/v1/events.pb.go:1262.56,1263.40 1 0
claude-squad/gen/proto/go/session/v1/events.pb.go:1263.40,1265.3 1 0
claude-squad/gen/proto/go/session/v1/events.pb.go:1266.2,1266.11 1 0
claude-squad/gen/proto/go/session/v1/events.pb.go:1284.39,1289.2 4 0
claude-squad/gen/proto/go/session/v1/events.pb.go:1291.47,1293.2 1 0
claude-squad/gen/proto/go/session/v1/events.pb.go:1295.45,1295.46 0 0
claude-squad/gen/proto/go/session/v1/events.pb.go:1297.67,1299.14 2 0
claude-squad/gen/proto/go/session/v1/events.pb.go:1299.14,1301.34 2 0
claude-squad/gen/proto/go/session/v1/events.pb.go:1301.34,1303.4 1 0
claude-squad/gen/proto/go/session/v1/events.pb.go:1304.3,1304.12 1 0
claude-squad/gen/proto/go/session/v1/events.pb.go:1306.2,1306.24 1 0
claude-squad/gen/proto/go/session/v1/events.pb.go:1310.58,1312.2 1 0
claude-squad/gen/proto/go/session/v1/events.pb.go:1314.51,1315.14 1 0
claude-squad/gen/proto/go/session/v1/events.pb.go:1315.14,1317.3 1 0
claude-squad/gen/proto/go/session/v1/events.pb.go:1318.2,1318.12 1 0
claude-squad/gen/proto/go/session/v1/events.pb.go:1321.50,1322.14 1 0
claude-squad/gen/proto/go/session/v1/events.pb.go:1322.14,1324.3 1 0
claude-squad/gen/proto/go/session/v1/events.pb.go:1325.2,1325.10 1 0
claude-squad/gen/proto/go/session/v1/events.pb.go:1328.50,1329.14 1 0
claude-squad/gen/proto/go/session/v1/events.pb.go:1329.14,1331.3 1 0
claude-squad/gen/proto/go/session/v1/events.pb.go:1332.2,1332.10 1 0
claude-squad/gen/proto/go/session/v1/events.pb.go:1335.52,1336.14 1 0
claude-squad/gen/proto/go/session/v1/events.pb.go:1336.14,1338.3 1 0
claude-squad/gen/proto/go/session/v1/events.pb.go:1339.2,1339.10 1 0
claude-squad/gen/proto/go/session/v1/events.pb.go:1342.53,1343.14 1 0
claude-squad/gen/proto/go/session/v1/events.pb.go:1343.14,1345.3 1 0
claude-squad/gen/proto/go/session/v1/events.pb.go:1346.2,1346.10 1 0
claude-squad/gen/proto/go/session/v1/events.pb.go:1370.33,1375.2 4 0
claude-squad/gen/proto/go/session/v1/events.pb.go:1377.41,1379.2 1 0
claude-squad/gen/proto/go/session/v1/events.pb.go:1381.39,1381.40 0 0
claude-squad/gen/proto/go/session/v1/events.pb.go:1383.61,1385.14 2 0
claude-squad/gen/proto/go/session/v1/events.pb.go:1385.14,1387.34 2 0
claude-squad/gen/proto/go/session/v1/events.pb.go:1387.34,1389.4 1 0
claude-squad/gen/proto/go/session/v1/events.pb.go:1390.3,1390.12 1 0
claude-squad/gen/proto/go/session/v1/events.pb.go:1392.2,1392.24 1 0
claude-squad/gen/proto/go/session/v1/events.pb.go:1396.52,1398.2 1 0
claude-squad/gen/proto/go/session/v1/events.pb.go:1400.47,1401.14 1 0
claude-squad/gen/proto/go/session/v1/events.pb.go:1401.14,1403.3 1 0
claude-squad/gen/proto/go/session/v1/events.pb.go:1404.2,1404.10 1 0
claude-squad/gen/proto/go/session/v1/events.pb.go:1407.45,1408.14 1 0
claude-squad/gen/proto/go/session/v1/events.pb.go:1408.14,1410.3 1 0
claude-squad/gen/proto/go/session/v1/events.pb.go:1411.2,1411.10 1 0
claude-squad/gen/proto/go/session/v1/events.pb.go:1414.49,1415.14 1 0
claude-squad/gen/proto/go/session/v1/events.pb.go:1415.14,1417.3 1 0
claude-squad/gen/proto/go/session/v1/events.pb.go:1418.2,1418.12 1 0
claude-squad/gen/proto/go/session/v1/events.pb.go:1421.53,1422.14 1 0
claude-squad/gen/proto/go/session/v1/events.pb.go:1422.14,1424.3 1 0
claude-squad/gen/proto/go/session/v1/events.pb.go:1425.2,1425.12 1 0
claude-squad/gen/proto/go/session/v1/events.pb.go:1428.44,1429.14 1 0
claude-squad/gen/proto/go/session/v1/events.pb.go:1429.14,1431.3 1 0
claude-squad/gen/proto/go/session/v1/events.pb.go:1432.2,1432.14 1 0
claude-squad/gen/proto/go/session/v1/events.pb.go:1435.61,1436.14 1 0
claude-squad/gen/proto/go/session/v1/events.pb.go:1436.14,1438.3 1 0
claude-squad/gen/proto/go/session/v1/events.pb.go:1439.2,1439.12 1 0
claude-squad/gen/proto/go/session/v1/events.pb.go:1461.29,1466.2 4 0
claude-squad/gen/proto/go/session/v1/events.pb.go:1468.37,1470.2 1 0
claude-squad/gen/proto/go/session/v1/events.pb.go:1472.35,1472.36 0 0
claude-squad/gen/proto/go/session/v1/events.pb.go:1474.57,1476.14 2 0
claude-squad/gen/proto/go/session/v1/events.pb.go:1476.14,1478.34 2 0
claude-squad/gen/proto/go/session/v1/events.pb.go:1478.34,1480.4 1 0
claude-squad/gen/proto/go/session/v1/events.pb.go:1481.3,1481.12 1 0
claude-squad/gen/proto/go/session/v1/events.pb.go:1483.2,1483.24 1 0
claude-squad/gen/proto/go/session/v1/events.pb.go:1487.48,1489.2 1 0
claude-squad/gen/proto/go/session/v1/events.pb.go:1491.44,1492.14 1 0
claude-squad/gen/proto/go/session/v1/events.pb.go:1492.14,1494.3 1 0
claude-squad/gen/proto/go/session/v1/events.pb.go:1495.2,1495.10 1 0
claude-squad/gen/proto/go/session/v1/events.pb.go:1498.58,1499.14 1 0
claude-squad/gen/proto/go/session/v1/events.pb.go:1499.14,1501.3 1 0
claude-squad/gen/proto/go/session/v1/events.pb.go:1502.2,1502.12 1 0
claude-squad/gen/proto/go/session/v1/events.pb.go:1505.45,1506.14 1 0
claude-squad/gen/proto/go/session/v1/events.pb.go:1506.14,1507.56 1 0
claude-squad/gen/proto/go/session/v1/events.pb.go:1507.56,1509.4 1 0
claude-squad/gen/proto/go/session/v1/events.pb.go:1511.2,1511.12 1 0
claude-squad/gen/proto/go/session/v1/events.pb.go:1514.41,1515.14 1 0
claude-squad/gen/proto/go/session/v1/events.pb.go:1515.14,1516.49 1 0
claude-squad/gen/proto/go/session/v1/events.pb.go:1516.49,1518.4 1 0
claude-squad/gen/proto/go/session/v1/events.pb.go:1520.2,1520.12 1 0
claude-squad/gen/proto/go/session/v1/events.pb.go:1523.42,1524.14 1 0
claude-squad/gen/proto/go/session/v1/events.pb.go:1524.14,1525.55 1 0
claude-squad/gen/proto/go/session/v1/events.pb.go:1525.55,1527.4 1 0
claude-squad/gen/proto/go/session/v1/events.pb.go:1529.2,1529.14 1 0
claude-squad/gen/proto/go/session/v1/events.pb.go:1532.45,1533.14 1 0
claude-squad/gen/proto/go/session/v1/events.pb.go:1533.14,1534.51 1 0
claude-squad/gen/proto/go/session/v1/events.pb.go:1534.51,1536.4 1 0
claude-squad/gen/proto/go/session/v1/events.pb.go:1538.2,1538.12 1 0
claude-squad/gen/proto/go/session/v1/events.pb.go:1541.41,1542.14 1 0
claude-squad/gen/proto/go/session/v1/events.pb.go:1542.14,1543.54 1 0
claude-squad/gen/proto/go/session/v1/events.pb.go:1543.54,1545.4 1 0
claude-squad/gen/proto/go/session/v1/events.pb.go:1547.2,1547.14 1 0
claude-squad/gen/proto/go/session/v1/events.pb.go:1574.56,1574.57 0 0
claude-squad/gen/proto/go/session/v1/events.pb.go:1576.49,1576.50 0 0
claude-squad/gen/proto/go/session/v1/events.pb.go:1578.55,1578.56 0 0
claude-squad/gen/proto/go/session/v1/events.pb.go:1580.51,1580.52 0 0
claude-squad/gen/proto/go/session/v1/events.pb.go:1582.54,1582.55 0 0
claude-squad/gen/proto/go/session/v1/events.pb.go:1594.28,1599.2 4 0
claude-squad/gen/proto/go/session/v1/events.pb.go:1601.36,1603.2 1 0
claude-squad/gen/proto/go/session/v1/events.pb.go:1605.34,1605.35 0 0
claude-squad/gen/proto/go/session/v1/events.pb.go:1607.56,1609.14 2 0
claude-squad/gen/proto/go/session/v1/events.pb.go:1609.14,1611.34 2 0
claude-squad/gen/proto/go/session/v1/events.pb.go:1611.34,1613.4 1 0
claude-squad/gen/proto/go/session/v1/events.pb.go:1614.3,1614.12 1 0
claude-squad/gen/proto/go/session/v1/events.pb.go:1616.2,1616.24 1 0
claude-squad/gen/proto/go/session/v1/events.pb.go:1620.47,1622.2 1 0
claude-squad/gen/proto/go/session/v1/events.pb.go:1624.41,1625.14 1 0
claude-squad/gen/proto/go/session/v1/events.pb.go:1625.14,1627.3 1 0
claude-squad/gen/proto/go/session/v1/events.pb.go:1628.2,1628.10 1 0
claude-squad/gen/proto/go/session/v1/events.pb.go:1631.39,1632.14 1 0
claude-squad/gen/proto/go/session/v1/events.pb.go:1632.14,1634.3 1 0
claude-squad/gen/proto/go/session/v1/events.pb.go:1635.2,1635.10 1 0
claude-squad/gen/proto/go/session/v1/events.pb.go:1638.37,1639.14 1 0
claude-squad/gen/proto/go/session/v1/events.pb.go:1639.14,1641.3 1 0
claude-squad/gen/proto/go/session/v1/events.pb.go:1642.2,1642.12 1 0
claude-squad/gen/proto/go/session/v1/events.pb.go:1654.30,1659.2 4 0
claude-squad/gen/proto/go/session/v1/events.pb.go:1661.38,1663.2 1 0
claude-squad/gen/proto/go/session/v1/events.pb.go:1665.36,1665.37 0 0
claude-squad/gen/proto/go/session/v1/events.pb.go:1667.58,1669.14 2 0
claude-squad/gen/proto/go/session/v1/events.pb.go:1669.14,1671.34 2 0
claude-squad/gen/proto/go/session/v1/events.pb.go:1671.34,1673.4 1 0
claude-squad/gen/proto/go/session/v1/events.pb.go:1674.3,1674.12 1 0
claude-squad/gen/proto/go/session/v1/events.pb.go:1676.2,1676.24 1 0
claude-squad/gen/proto/go/session/v1/events.pb.go:1680.49,1682.2 1 0
claude-squad/gen/proto/go/session/v1/events.pb.go:1684.39,1685.14 1 0
claude-squad/gen/proto/go/session/v1/events.pb.go:1685.14,1687.3 1 0
claude-squad/gen/proto/go/session/v1/events.pb.go:1688.2,1688.12 1 0
claude-squad/gen/proto/go/session/v1/events.pb.go:1691.41,1692.14 1 0
claude-squad/gen/proto/go/session/v1/events.pb.go:1692.14,1694.3 1 0
claude-squad/gen/proto/go/session/v1/events.pb.go:1695.2,1695.14 1 0
claude-squad/gen/proto/go/session/v1/events.pb.go:1708.34,1713.2 4 0
claude-squad/gen/proto/go/session/v1/events.pb.go:1715.42,1717.2 1 0
claude-squad/gen/proto/go/session/v1/events.pb.go:1719.40,1719.41 0 0
claude-squad/gen/proto/go/session/v1/events.pb.go:1721.62,1723.14 2 0
claude-squad/gen/proto/go/session/v1/events.pb.go:1723.14,1725.34 2 0
claude-squad/gen/proto/go/session/v1/events.pb.go:1725.34,1727.4 1 0
claude-squad/gen/proto/go/session/v1/events.pb.go:1728.3,1728.12 1 0
claude-squad/gen/proto/go/session/v1/events.pb.go:1730.2,1730.24 1 0
claude-squad/gen/proto/go/session/v1/events.pb.go:1734.53,1736.2 1 0
claude-squad/gen/proto/go/session/v1/events.pb.go:1738.42,1739.14 1 0
claude-squad/gen/proto/go/session/v1/events.pb.go:1739.14,1741.3 1 0
claude-squad/gen/proto/go/session/v1/events.pb.go:1742.2,1742.10 1 0
claude-squad/gen/proto/go/session/v1/events.pb.go:1745.42,1746.14 1 0
claude-squad/gen/proto/go/session/v1/events.pb.go:1746.14,1748.3 1 0
claude-squad/gen/proto/go/session/v1/events.pb.go:1749.2,1749.10 1 0
claude-squad/gen/proto/go/session/v1/events.pb.go:1752.44,1753.14 1 0
claude-squad/gen/proto/go/session/v1/events.pb.go:1753.14,1755.3 1 0
claude-squad/gen/proto/go/session/v1/events.pb.go:1756.2,1756.14 1 0
claude-squad/gen/proto/go/session/v1/events.pb.go:1768.38,1773.2 4 0
claude-squad/gen/proto/go/session/v1/events.pb.go:1775.46,1777.2 1 0
claude-squad/gen/proto/go/session/v1/events.pb.go:1779.44,1779.45 0 0
claude-squad/gen/proto/go/session/v1/events.pb.go:1781.66,1783.14 2 0
claude-squad/gen/proto/go/session/v1/events.pb.go:1783.14,1785.34 2 0
claude-squad/gen/proto/go/session/v1/events.pb.go:1785.34,1787.4 1 0
claude-squad/gen/proto/go/session/v1/events.pb.go:1788.3,1788.12 1 0
claude-squad/gen/proto/go/session/v1/events.pb.go:1790.2,1790.24 1 0
claude-squad/gen/proto/go/session/v1/events.pb.go:1794.57,1796.2 1 0
claude-squad/gen/proto/go/session/v1/events.pb.go:1798.47,1799.14 1 0
claude-squad/gen/proto/go/session/v1/events.pb.go:1799.14,1801.3 1 0
claude-squad/gen/proto/go/session/v1/events.pb.go:1802.2,1802.10 1 0
claude-squad/gen/proto/go/session/v1/events.pb.go:1805.47,1806.14 1 0
claude-squad/gen/proto/go/session/v1/events.pb.go:1806.14,1808.3 1 0
claude-squad/gen/proto/go/session/v1/events.pb.go:1809.2,1809.10 1 0
claude-squad/gen/proto/go/session/v1/events.pb.go:1833.33,1838.2 4 0
claude-squad/gen/proto/go/session/v1/events.pb.go:1840.41,1842.2 1 0
claude-squad/gen/proto/go/session/v1/events.pb.go:1844.39,1844.40 0 0
claude-squad/gen/proto/go/session/v1/events.pb.go:1846.61,1848.14 2 0
claude-squad/gen/proto/go/session/v1/events.pb.go:1848.14,1850.34 2 0
claude-squad/gen/proto/go/session/v1/events.pb.go:1850.34,1852.4 1 0
claude-squad/gen/proto/go/session/v1/events.pb.go:1853.3,1853.12 1 0
claude-squad/gen/proto/go/session/v1/events.pb.go:1855.2,1855.24 1 0
claude-squad/gen/proto/go/session/v1/events.pb.go:1859.52,1861.2 1 0
claude-squad/gen/proto/go/session/v1/events.pb.go:1863.46,1864.14 1 0
claude-squad/gen/proto/go/session/v1/events.pb.go:1864.14,1866.3 1 0
claude-squad/gen/proto/go/session/v1/events.pb.go:1867.2,1867.10 1 0
claude-squad/gen/proto/go/session/v1/events.pb.go:1870.61,1871.14 1 0
claude-squad/gen/proto/go/session/v1/events.pb.go:1871.14,1873.3 1 0
claude-squad/gen/proto/go/session/v1/events.pb.go:1874.2,1874.12 1 0
claude-squad/gen/proto/go/session/v1/events.pb.go:1877.52,1878.14 1 0
claude-squad/gen/proto/go/session/v1/events.pb.go:1878.14,1880.3 1 0
claude-squad/gen/proto/go/session/v1/events.pb.go:1881.2,1881.12 1 0
claude-squad/gen/proto/go/session/v1/events.pb.go:1884.53,1885.14 1 0
claude-squad/gen/proto/go/session/v1/events.pb.go:1885.14,1887.3 1 0
claude-squad/gen/proto/go/session/v1/events.pb.go:1888.2,1888.12 1 0
claude-squad/gen/proto/go/session/v1/events.pb.go:1891.57,1892.14 1 0
claude-squad/gen/proto/go/session/v1/events.pb.go:1892.14,1894.3 1 0
claude-squad/gen/proto/go/session/v1/events.pb.go:1895.2,1895.12 1 0
claude-squad/gen/proto/go/session/v1/events.pb.go:1898.63,1899.14 1 0
claude-squad/gen/proto/go/session/v1/events.pb.go:1899.14,1901.3 1 0
claude-squad/gen/proto/go/session/v1/events.pb.go:1902.2,1902.12 1 0
claude-squad/gen/proto/go/session/v1/events.pb.go:1916.32,1921.2 4 0
claude-squad/gen/proto/go/session/v1/events.pb.go:1923.40,1925.2 1 0
claude-squad/gen/proto/go/session/v1/events.pb.go:1927.38,1927.39 0 0
claude-squad/gen/proto/go/session/v1/events.pb.go:1929.60,1931.14 2 0
claude-squad/gen/proto/go/session/v1/events.pb.go:1931.14,1933.34 2 0
claude-squad/gen/proto/go/session/v1/events.pb.go:1933.34,1935.4 1 0
claude-squad/gen/proto/go/session/v1/events.pb.go:1936.3,1936.12 1 0
claude-squad/gen/proto/go/session/v1/events.pb.go:1938.2,1938.24 1 0
claude-squad/gen/proto/go/session/v1/events.pb.go:1942.51,1944.2 1 0
claude-squad/gen/proto/go/session/v1/events.pb.go:1946.44,1947.14 1 0
claude-squad/gen/proto/go/session/v1/events.pb.go:1947.14,1949.3 1 0
claude-squad/gen/proto/go/session/v1/events.pb.go:1950.2,1950.12 1 0
claude-squad/gen/proto/go/session/v1/events.pb.go:1953.56,1954.14 1 0
claude-squad/gen/proto/go/session/v1/events.pb.go:1954.14,1956.3 1 0
claude-squad/gen/proto/go/session/v1/events.pb.go:1957.2,1957.12 1 0
claude-squad/gen/proto/go/session/v1/events.pb.go:1975.34,1980.2 4 0
claude-squad/gen/proto/go/session/v1/events.pb.go:1982.42,1984.2 1 0
claude-squad/gen/proto/go/session/v1/events.pb.go:1986.40,1986.41 0 0
claude-squad/gen/proto/go/session/v1/events.pb.go:1988.62,1990.14 2 0
claude-squad/gen/proto/go/session/v1/events.pb.go:1990.14,1992.34 2 0
claude-squad/gen/proto/go/session/v1/events.pb.go:1992.34,1994.4 1 0
claude-squad/gen/proto/go/session/v1/events.pb.go:1995.3,1995.12 1 0
claude-squad/gen/proto/go/session/v1/events.pb.go:1997.2,1997.24 1 0
claude-squad/gen/proto/go/session/v1/events.pb.go:2001.53,2003.2 1 0
claude-squad/gen/proto/go/session/v1/events.pb.go:2005.44,2006.14 1 0
claude-squad/gen/proto/go/session/v1/events.pb.go:2006.14,2008.3 1 0
claude-squad/gen/proto/go/session/v1/events.pb.go:2009.2,2009.14 1 0
claude-squad/gen/proto/go/session/v1/events.pb.go:2012.46,2013.14 1 0
claude-squad/gen/proto/go/session/v1/events.pb.go:2013.14,2015.3 1 0
claude-squad/gen/proto/go/session/v1/events.pb.go:2016.2,2016.14 1 0
claude-squad/gen/proto/go/session/v1/events.pb.go:2019.47,2020.35 1 0
claude-squad/gen/proto/go/session/v1/events.pb.go:2020.35,2022.3 1 0
claude-squad/gen/proto/go/session/v1/events.pb.go:2023.2,2023.11 1 0
claude-squad/gen/proto/go/session/v1/events.pb.go:2026.50,2027.38 1 0
claude-squad/gen/proto/go/session/v1/events.pb.go:2027.38,2029.3 1 0
claude-squad/gen/proto/go/session/v1/events.pb.go:2030.2,2030.10 1 0
claude-squad/gen/proto/go/session/v1/events.pb.go:2046.34,2051.2 4 0
claude-squad/gen/proto/go/session/v1/events.pb.go:2053.42,2055.2 1 0
claude-squad/gen/proto/go/session/v1/events.pb.go:2057.40,2057.41 0 0
claude-squad/gen/proto/go/session/v1/events.pb.go:2059.62,2061.14 2 0
claude-squad/gen/proto/go/session/v1/events.pb.go:2061.14,2063.34 2 0
claude-squad/gen/proto/go/session/v1/events.pb.go:2063.34,2065.4 1 0
claude-squad/gen/proto/go/session/v1/events.pb.go:2066.3,2066.12 1 0
claude-squad/gen/proto/go/session/v1/events.pb.go:2068.2,2068.24 1 0
claude-squad/gen/proto/go/session/v1/events.pb.go:2072.53,2074.2 1 0
claude-squad/gen/proto/go/session/v1/events.pb.go:2076.49,2077.14 1 0
claude-squad/gen/proto/go/session/v1/events.pb.go:2077.14,2079.3 1 0
claude-squad/gen/proto/go/session/v1/events.pb.go:2080.2,2080.10 1 0
claude-squad/gen/proto/go/session/v1/events.pb.go:2083.51,2084.14 1 0
claude-squad/gen/proto/go/session/v1/events.pb.go:2084.14,2086.3 1 0
claude-squad/gen/proto/go/session/v1/events.pb.go:2087.2,2087.10 1 0
claude-squad/gen/proto/go/session/v1/events.pb.go:2090.50,2091.14 1 0
claude-squad/gen/proto/go/session/v1/events.pb.go:2091.14,2093.3 1 0
claude-squad/gen/proto/go/session/v1/events.pb.go:2094.2,2094.10 1 0
claude-squad/gen/proto/go/session/v1/events.pb.go:2116.39,2121.2 4 0
claude-squad/gen/proto/go/session/v1/events.pb.go:2123.47,2125.2 1 0
claude-squad/gen/proto/go/session/v1/events.pb.go:2127.45,2127.46 0 0
claude-squad/gen/proto/go/session/v1/events.pb.go:2129.67,2131.14 2 0
claude-squad/gen/proto/go/session/v1/events.pb.go:2131.14,2133.34 2 0
claude-squad/gen/proto/go/session/v1/events.pb.go:2133.34,2135.4 1 0
claude-squad/gen/proto/go/session/v1/events.pb.go:2136.3,2136.12 1 0
claude-squad/gen/proto/go/session/v1/events.pb.go:2138.2,2138.24 1 0
claude-squad/gen/proto/go/session/v1/events.pb.go:2142.58,2144.2 1 0
claude-squad/gen/proto/go/session/v1/events.pb.go:2146.53,2147.14 1 0
claude-squad/gen/proto/go/session/v1/events.pb.go:2147.14,2149.3 1 0
claude-squad/gen/proto/go/session/v1/events.pb.go:2150.2,2150.11 1 0
claude-squad/gen/proto/go/session/v1/events.pb.go:2153.56,2154.39 1 0
claude-squad/gen/proto/go/session/v1/events.pb.go:2154.39,2156.3 1 0
claude-squad/gen/proto/go/session/v1/events.pb.go:2157.2,2157.11 1 0
claude-squad/gen/proto/go/session/v1/events.pb.go:2160.60,2161.14 1 0
claude-squad/gen/proto/go/session/v1/events.pb.go:2161.14,2163.3 1 0
claude-squad/gen/proto/go/session/v1/events.pb.go:2164.2,2164.10 1 0
claude-squad/gen/proto/go/session/v1/events.pb.go:2167.58,2168.14 1 0
claude-squad/gen/proto/go/session/v1/events.pb.go:2168.14,2170.3 1 0
claude-squad/gen/proto/go/session/v1/events.pb.go:2171.2,2171.10 1 0
claude-squad/gen/proto/go/session/v1/events.pb.go:2174.61,2175.14 1 0
claude-squad/gen/proto/go/session/v1/events.pb.go:2175.14,2177.3 1 0
claude-squad/gen/proto/go/session/v1/events.pb.go:2178.2,2178.10 1 0
claude-squad/gen/proto/go/session/v1/events.pb.go:2181.67,2182.14 1 0
claude-squad/gen/proto/go/session/v1/events.pb.go:2182.14,2184.3 1 0
claude-squad/gen/proto/go/session/v1/events.pb.go:2185.2,2185.12 1 0
claude-squad/gen/proto/go/session/v1/events.pb.go:2205.38,2210.2 4 0
claude-squad/gen/proto/go/session/v1/events.pb.go:2212.46,2214.2 1 0
claude-squad/gen/proto/go/session/v1/events.pb.go:2216.44,2216.45 0 0
claude-squad/gen/proto/go/session/v1/events.pb.go:2218.66,2220.14 2 0
claude-squad/gen/proto/go/session/v1/events.pb.go:2220.14,2222.34 2 0
claude-squad/gen/proto/go/session/v1/events.pb.go:2222.34,2224.4 1 0
claude-squad/gen/proto/go/session/v1/events.pb.go:2225.3,2225.12 1 0
claude-squad/gen/proto/go/session/v1/events.pb.go:2227.2,2227.24 1 0
claude-squad/gen/proto/go/session/v1/events.pb.go:2231.57,2233.2 1 0
claude-squad/gen/proto/go/session/v1/events.pb.go:2235.48,2236.14 1 0
claude-squad/gen/proto/go/session/v1/events.pb.go:2236.14,2238.3 1 0
claude-squad/gen/proto/go/session/v1/events.pb.go:2239.2,2239.11 1 0
claude-squad/gen/proto/go/session/v1/events.pb.go:2242.55,2243.14 1 0
claude-squad/gen/proto/go/session/v1/events.pb.go:2243.14,2245.3 1 0
claude-squad/gen/proto/go/session/v1/events.pb.go:2246.2,2246.10 1 0
claude-squad/gen/proto/go/session/v1/events.pb.go:2249.57,2250.14 1 0
claude-squad/gen/proto/go/session/v1/events.pb.go:2250.14,2252.3 1 0
claude-squad/gen/proto/go/session/v1/events.pb.go:2253.2,2253.10 1 0
claude-squad/gen/proto/go/session/v1/events.pb.go:2256.51,2257.14 1 0
claude-squad/gen/proto/go/session/v1/events.pb.go:2257.14,2259.3 1 0
claude-squad/gen/proto/go/session/v1/events.pb.go:2260.2,2260.10 1 0
claude-squad/gen/proto/go/session/v1/events.pb.go:2263.52,2264.14 1 0
claude-squad/gen/proto/go/session/v1/events.pb.go:2264.14,2266.3 1 0
claude-squad/gen/proto/go/session/v1/events.pb.go:2267.2,2267.10 1 0
claude-squad/gen/proto/go/session/v1/events.pb.go:2284.40,2289.2 4 0
claude-squad/gen/proto/go/session/v1/events.pb.go:2291.48,2293.2 1 0
claude-squad/gen/proto/go/session/v1/events.pb.go:2295.46,2295.47 0 0
claude-squad/gen/proto/go/session/v1/events.pb.go:2297.68,2299.14 2 0
claude-squad/gen/proto/go/session/v1/events.pb.go:2299.14,2301.34 2 0
claude-squad/gen/proto/go/session/v1/events.pb.go:2301.34,2303.4 1 0
claude-squad/gen/proto/go/session/v1/events.pb.go:2304.3,2304.12 1 0
claude-squad/gen/proto/go/session/v1/events.pb.go:2306.2,2306.24 1 0
claude-squad/gen/proto/go/session/v1/events.pb.go:2310.59,2312.2 1 0
claude-squad/gen/proto/go/session/v1/events.pb.go:2314.54,2315.14 1 0
claude-squad/gen/proto/go/session/v1/events.pb.go:2315.14,2317.3 1 0
claude-squad/gen/proto/go/session/v1/events.pb.go:2318.2,2318.11 1 0
claude-squad/gen/proto/go/session/v1/events.pb.go:2321.79,2322.14 1 0
claude-squad/gen/proto/go/session/v1/events.pb.go:2322.14,2324.3 1 0
claude-squad/gen/proto/go/session/v1/events.pb.go:2325.2,2325.58 1 0
claude-squad/gen/proto/go/session/v1/events.pb.go:2328.52,2329.14 1 0
[...]
claude-squad/ui/overlay/sessionSetup.go:1590.51,1592.47 2 1
claude-squad/ui/overlay/sessionSetup.go:1592.47,1594.11 2 1
claude-squad/ui/overlay/sessionSetup.go:1598.4,1602.7 2 1
claude-squad/ui/overlay/sessionSetup.go:1606.2,1606.14 1 1
claude-squad/ui/overlay/sessionSetup.go:1610.83,1614.20 2 1
claude-squad/ui/overlay/sessionSetup.go:1614.20,1618.3 1 1
claude-squad/ui/overlay/sessionSetup.go:1621.2,1622.16 2 1
claude-squad/ui/overlay/sessionSetup.go:1622.16,1624.3 1 0
claude-squad/ui/overlay/sessionSetup.go:1627.2,1627.38 1 1
claude-squad/ui/overlay/sessionSetup.go:1627.38,1631.3 1 1
claude-squad/ui/overlay/sessionSetup.go:1634.2,1636.16 3 1
claude-squad/ui/overlay/sessionSetup.go:1636.16,1638.35 2 1
claude-squad/ui/overlay/sessionSetup.go:1638.35,1640.20 2 1
claude-squad/ui/overlay/sessionSetup.go:1640.20,1645.5 1 1
claude-squad/ui/overlay/sessionSetup.go:1650.2,1652.16 3 1
claude-squad/ui/overlay/sessionSetup.go:1652.16,1654.35 2 1
claude-squad/ui/overlay/sessionSetup.go:1654.35,1656.57 2 1
claude-squad/ui/overlay/sessionSetup.go:1656.57,1659.45 2 0
claude-squad/ui/overlay/sessionSetup.go:1659.45,1661.6 1 0
claude-squad/ui/overlay/sessionSetup.go:1663.5,1666.7 1 0
claude-squad/ui/overlay/sessionSetup.go:1672.2,1672.21 1 1
claude-squad/ui/overlay/sessionSetup.go:1672.21,1677.3 1 0
claude-squad/ui/overlay/sessionSetup.go:1679.2,1679.14 1 1
claude-squad/ui/overlay/tagEditorOverlay.go:35.87,60.2 10 0
claude-squad/ui/overlay/tagEditorOverlay.go:63.55,65.2 1 0
claude-squad/ui/overlay/tagEditorOverlay.go:69.64,75.19 3 0
claude-squad/ui/overlay/tagEditorOverlay.go:75.19,77.3 1 0
claude-squad/ui/overlay/tagEditorOverlay.go:80.2,80.74 1 0
claude-squad/ui/overlay/tagEditorOverlay.go:80.74,81.18 1 0
claude-squad/ui/overlay/tagEditorOverlay.go:81.18,82.25 1 0
claude-squad/ui/overlay/tagEditorOverlay.go:82.25,84.5 1 0
claude-squad/ui/overlay/tagEditorOverlay.go:85.4,85.15 1 0
claude-squad/ui/overlay/tagEditorOverlay.go:90.2,90.18 1 0
claude-squad/ui/overlay/tagEditorOverlay.go:91.31,92.26 1 0
claude-squad/ui/overlay/tagEditorOverlay.go:92.26,94.4 1 0
claude-squad/ui/overlay/tagEditorOverlay.go:95.3,95.15 1 0
claude-squad/ui/overlay/tagEditorOverlay.go:97.33,98.38 1 0
claude-squad/ui/overlay/tagEditorOverlay.go:98.38,100.4 1 0
claude-squad/ui/overlay/tagEditorOverlay.go:101.3,101.15 1 0
claude-squad/ui/overlay/tagEditorOverlay.go:103.20,105.26 1 0
claude-squad/ui/overlay/tagEditorOverlay.go:105.26,107.4 1 0
claude-squad/ui/overlay/tagEditorOverlay.go:108.3,108.14 1 0
claude-squad/ui/overlay/tagEditorOverlay.go:110.20,111.28 1 0
claude-squad/ui/overlay/tagEditorOverlay.go:112.17,116.16 3 0
claude-squad/ui/overlay/tagEditorOverlay.go:118.17,120.61 1 0
claude-squad/ui/overlay/tagEditorOverlay.go:120.61,123.39 3 0
claude-squad/ui/overlay/tagEditorOverlay.go:123.39,125.6 1 0
claude-squad/ui/overlay/tagEditorOverlay.go:126.5,127.30 2 0
claude-squad/ui/overlay/tagEditorOverlay.go:128.10,131.5 2 0
claude-squad/ui/overlay/tagEditorOverlay.go:132.4,132.16 1 0
claude-squad/ui/overlay/tagEditorOverlay.go:136.2,136.14 1 0
claude-squad/ui/overlay/tagEditorOverlay.go:140.65,141.18 1 0
claude-squad/ui/overlay/tagEditorOverlay.go:142.18,147.15 4 0
claude-squad/ui/overlay/tagEditorOverlay.go:149.20,152.19 2 0
claude-squad/ui/overlay/tagEditorOverlay.go:152.19,156.4 3 0
claude-squad/ui/overlay/tagEditorOverlay.go:159.3,159.30 1 0
claude-squad/ui/overlay/tagEditorOverlay.go:159.30,160.21 1 0
claude-squad/ui/overlay/tagEditorOverlay.go:160.21,165.5 4 0
claude-squad/ui/overlay/tagEditorOverlay.go:169.3,178.15 8 0
claude-squad/ui/overlay/tagEditorOverlay.go:180.10,185.15 4 0
claude-squad/ui/overlay/tagEditorOverlay.go:190.44,237.22 13 0
claude-squad/ui/overlay/tagEditorOverlay.go:237.22,240.3 2 0
claude-squad/ui/overlay/tagEditorOverlay.go:240.8,241.30 1 0
claude-squad/ui/overlay/tagEditorOverlay.go:241.30,243.28 2 0
claude-squad/ui/overlay/tagEditorOverlay.go:243.28,245.5 1 0
claude-squad/ui/overlay/tagEditorOverlay.go:245.10,247.5 1 0
claude-squad/ui/overlay/tagEditorOverlay.go:248.4,249.29 2 0
claude-squad/ui/overlay/tagEditorOverlay.go:254.2,254.19 1 0
claude-squad/ui/overlay/tagEditorOverlay.go:254.19,260.3 5 0
claude-squad/ui/overlay/tagEditorOverlay.go:263.2,263.21 1 0
claude-squad/ui/overlay/tagEditorOverlay.go:263.21,265.33 2 0
claude-squad/ui/overlay/tagEditorOverlay.go:265.33,267.4 1 0
claude-squad/ui/overlay/tagEditorOverlay.go:267.9,267.38 1 0
claude-squad/ui/overlay/tagEditorOverlay.go:267.38,269.4 1 0
claude-squad/ui/overlay/tagEditorOverlay.go:269.9,271.4 1 0
claude-squad/ui/overlay/tagEditorOverlay.go:272.3,272.28 1 0
claude-squad/ui/overlay/tagEditorOverlay.go:276.2,277.19 2 0
claude-squad/ui/overlay/tagEditorOverlay.go:277.19,279.3 1 0
claude-squad/ui/overlay/tagEditorOverlay.go:279.8,281.3 1 0
claude-squad/ui/overlay/tagEditorOverlay.go:283.2,283.39 1 0
claude-squad/ui/overlay/textInput.go:22.79,48.2 12 1
claude-squad/ui/overlay/textInput.go:50.55,56.2 2 1
claude-squad/ui/overlay/textInput.go:59.43,61.2 1 0
claude-squad/ui/overlay/textInput.go:64.42,66.2 1 0
claude-squad/ui/overlay/textInput.go:70.64,72.74 1 0
claude-squad/ui/overlay/textInput.go:72.74,73.18 1 0
claude-squad/ui/overlay/textInput.go:73.18,76.4 2 0
claude-squad/ui/overlay/textInput.go:79.2,79.18 1 0
claude-squad/ui/overlay/textInput.go:80.18,83.24 2 0
claude-squad/ui/overlay/textInput.go:83.24,85.4 1 0
claude-squad/ui/overlay/textInput.go:85.9,87.4 1 0
claude-squad/ui/overlay/textInput.go:88.3,88.15 1 0
claude-squad/ui/overlay/textInput.go:89.23,92.24 2 0
claude-squad/ui/overlay/textInput.go:92.24,94.4 1 0
claude-squad/ui/overlay/textInput.go:94.9,96.4 1 0
claude-squad/ui/overlay/textInput.go:97.3,97.15 1 0
claude-squad/ui/overlay/textInput.go:98.20,99.52 1 0
claude-squad/ui/overlay/textInput.go:99.52,102.25 2 0
claude-squad/ui/overlay/textInput.go:102.25,104.5 1 0
claude-squad/ui/overlay/textInput.go:105.4,105.15 1 0
claude-squad/ui/overlay/textInput.go:107.3,107.14 1 0
claude-squad/ui/overlay/textInput.go:108.10,109.24 1 0
claude-squad/ui/overlay/textInput.go:109.24,111.4 1 0
claude-squad/ui/overlay/textInput.go:112.3,112.15 1 0
claude-squad/ui/overlay/textInput.go:117.46,119.2 1 0
claude-squad/ui/overlay/textInput.go:122.47,124.2 1 0
claude-squad/ui/overlay/textInput.go:127.46,129.2 1 0
claude-squad/ui/overlay/textInput.go:132.57,134.2 1 0
claude-squad/ui/overlay/textInput.go:137.72,138.22 1 0
claude-squad/ui/overlay/textInput.go:138.22,139.22 1 0
claude-squad/ui/overlay/textInput.go:139.22,141.4 1 0
claude-squad/ui/overlay/textInput.go:146.44,174.24 9 0
claude-squad/ui/overlay/textInput.go:174.24,176.3 1 0
claude-squad/ui/overlay/textInput.go:177.2,185.23 5 0
claude-squad/ui/overlay/textInput.go:185.23,187.3 1 0
claude-squad/ui/overlay/textInput.go:187.8,189.3 1 0
claude-squad/ui/overlay/textInput.go:190.2,192.30 2 0
claude-squad/ui/overlay/textOverlay.go:21.50,32.2 4 0
claude-squad/ui/overlay/textOverlay.go:36.59,38.74 1 0
claude-squad/ui/overlay/textOverlay.go:38.74,39.18 1 0
claude-squad/ui/overlay/textOverlay.go:39.18,41.26 2 0
claude-squad/ui/overlay/textOverlay.go:41.26,43.5 1 0
claude-squad/ui/overlay/textOverlay.go:44.4,44.15 1 0
claude-squad/ui/overlay/textOverlay.go:49.2,50.24 2 0
claude-squad/ui/overlay/textOverlay.go:50.24,52.3 1 0
claude-squad/ui/overlay/textOverlay.go:53.2,53.13 1 0
claude-squad/ui/overlay/textOverlay.go:57.63,74.2 5 0
claude-squad/ui/overlay/textOverlay.go:78.37,80.2 1 0
claude-squad/ui/overlay/worktreeSelector.go:41.46,43.2 1 0
claude-squad/ui/overlay/worktreeSelector.go:46.47,51.24 3 0
claude-squad/ui/overlay/worktreeSelector.go:51.24,53.3 1 0
claude-squad/ui/overlay/worktreeSelector.go:53.8,53.31 1 0
claude-squad/ui/overlay/worktreeSelector.go:53.31,55.3 1 0
claude-squad/ui/overlay/worktreeSelector.go:55.8,55.33 1 0
claude-squad/ui/overlay/worktreeSelector.go:55.33,57.3 1 0
claude-squad/ui/overlay/worktreeSelector.go:57.8,57.34 1 0
claude-squad/ui/overlay/worktreeSelector.go:57.34,59.3 1 0
claude-squad/ui/overlay/worktreeSelector.go:59.8,61.3 1 0
claude-squad/ui/overlay/worktreeSelector.go:63.2,64.15 2 0
claude-squad/ui/overlay/worktreeSelector.go:64.15,66.3 1 0
claude-squad/ui/overlay/worktreeSelector.go:68.2,68.87 1 0
claude-squad/ui/overlay/worktreeSelector.go:72.38,74.2 1 0
claude-squad/ui/overlay/worktreeSelector.go:84.40,90.2 1 0
claude-squad/ui/overlay/worktreeSelector.go:93.71,99.2 4 0
claude-squad/ui/overlay/worktreeSelector.go:102.60,107.2 3 0
claude-squad/ui/overlay/worktreeSelector.go:110.58,115.39 4 0
claude-squad/ui/overlay/worktreeSelector.go:115.39,117.3 1 0
claude-squad/ui/overlay/worktreeSelector.go:120.2,120.44 1 0
claude-squad/ui/overlay/worktreeSelector.go:120.44,122.3 1 0
claude-squad/ui/overlay/worktreeSelector.go:124.2,124.18 1 0
claude-squad/ui/overlay/worktreeSelector.go:128.78,133.39 4 0
claude-squad/ui/overlay/worktreeSelector.go:133.39,134.36 1 0
claude-squad/ui/overlay/worktreeSelector.go:134.36,136.4 1 0
claude-squad/ui/overlay/worktreeSelector.go:140.2,140.44 1 0
claude-squad/ui/overlay/worktreeSelector.go:140.44,142.3 1 0
claude-squad/ui/overlay/worktreeSelector.go:144.2,144.18 1 0
claude-squad/ui/overlay/worktreeSelector.go:148.65,154.16 4 0
claude-squad/ui/overlay/worktreeSelector.go:154.16,156.3 1 0
claude-squad/ui/overlay/worktreeSelector.go:159.2,165.37 4 0
claude-squad/ui/overlay/worktreeSelector.go:165.37,167.3 1 0
claude-squad/ui/overlay/worktreeSelector.go:169.2,171.12 2 0
claude-squad/ui/overlay/worktreeSelector.go:175.74,181.39 3 0
claude-squad/ui/overlay/worktreeSelector.go:181.39,182.18 1 0
claude-squad/ui/overlay/worktreeSelector.go:182.18,183.12 1 0
claude-squad/ui/overlay/worktreeSelector.go:186.3,191.30 3 0
claude-squad/ui/overlay/worktreeSelector.go:191.30,192.18 1 0
claude-squad/ui/overlay/worktreeSelector.go:192.18,193.13 1 0
claude-squad/ui/overlay/worktreeSelector.go:196.4,197.23 2 0
claude-squad/ui/overlay/worktreeSelector.go:197.23,198.13 1 0
claude-squad/ui/overlay/worktreeSelector.go:201.4,203.15 2 0
claude-squad/ui/overlay/worktreeSelector.go:204.20,205.17 1 0
claude-squad/ui/overlay/worktreeSelector.go:206.18,207.48 1 0
claude-squad/ui/overlay/worktreeSelector.go:207.48,209.6 1 0
claude-squad/ui/overlay/worktreeSelector.go:209.11,211.6 1 0
claude-squad/ui/overlay/worktreeSelector.go:212.16,213.19 1 0
claude-squad/ui/overlay/worktreeSelector.go:218.3,219.50 2 0
claude-squad/ui/overlay/worktreeSelector.go:219.50,221.4 1 0
claude-squad/ui/overlay/worktreeSelector.go:224.3,225.13 2 0
claude-squad/ui/overlay/worktreeSelector.go:225.13,227.18 2 0
claude-squad/ui/overlay/worktreeSelector.go:227.18,229.5 1 0
claude-squad/ui/overlay/worktreeSelector.go:233.3,233.17 1 0
claude-squad/ui/overlay/worktreeSelector.go:233.17,243.4 1 0
claude-squad/ui/overlay/worktreeSelector.go:246.2,246.18 1 0
claude-squad/ui/overlay/worktreeSelector.go:256.57,260.12 2 0
claude-squad/ui/overlay/worktreeSelector.go:260.12,261.58 1 0
claude-squad/ui/overlay/worktreeSelector.go:261.58,263.4 1 0
claude-squad/ui/overlay/worktreeSelector.go:266.2,269.3 1 0
claude-squad/ui/overlay/worktreeSelector.go:273.78,275.84 1 0
claude-squad/ui/overlay/worktreeSelector.go:275.84,276.62 1 0
claude-squad/ui/overlay/worktreeSelector.go:276.62,278.4 1 0
claude-squad/ui/overlay/worktreeSelector.go:282.2,286.37 3 0
claude-squad/ui/overlay/worktreeSelector.go:286.37,288.3 1 0
claude-squad/ui/overlay/worktreeSelector.go:290.2,290.19 1 0
claude-squad/ui/overlay/worktreeSelector.go:294.47,296.2 1 0
claude-squad/ui/overlay/worktreeSelector.go:299.78,301.2 1 0
claude-squad/ui/overlay/zf_search_overlay.go:79.100,83.16 3 0
claude-squad/ui/overlay/zf_search_overlay.go:83.16,85.3 1 0
claude-squad/ui/overlay/zf_search_overlay.go:88.2,159.21 12 0
claude-squad/ui/overlay/zf_search_overlay.go:163.47,164.37 1 0
claude-squad/ui/overlay/zf_search_overlay.go:164.37,165.10 1 0
claude-squad/ui/overlay/zf_search_overlay.go:166.24,167.10 1 0
claude-squad/ui/overlay/zf_search_overlay.go:168.11,169.58 1 0
claude-squad/ui/overlay/zf_search_overlay.go:169.58,172.5 1 0
claude-squad/ui/overlay/zf_search_overlay.go:178.73,180.2 1 0
claude-squad/ui/overlay/zf_search_overlay.go:183.57,185.2 1 0
claude-squad/ui/overlay/zf_search_overlay.go:188.55,194.21 4 0
claude-squad/ui/overlay/zf_search_overlay.go:194.21,196.3 1 0
claude-squad/ui/overlay/zf_search_overlay.go:197.2,197.22 1 0
claude-squad/ui/overlay/zf_search_overlay.go:197.22,199.3 1 0
claude-squad/ui/overlay/zf_search_overlay.go:200.2,200.49 1 0
claude-squad/ui/overlay/zf_search_overlay.go:204.56,207.27 2 0
claude-squad/ui/overlay/zf_search_overlay.go:208.18,209.32 1 0
claude-squad/ui/overlay/zf_search_overlay.go:211.26,214.34 1 0
claude-squad/ui/overlay/zf_search_overlay.go:214.34,216.4 1 0
claude-squad/ui/overlay/zf_search_overlay.go:217.3,217.13 1 0
claude-squad/ui/overlay/zf_search_overlay.go:219.19,225.13 5 0
claude-squad/ui/overlay/zf_search_overlay.go:227.23,230.13 3 0
claude-squad/ui/overlay/zf_search_overlay.go:234.2,240.34 5 0
claude-squad/ui/overlay/zf_search_overlay.go:240.34,245.77 3 0
claude-squad/ui/overlay/zf_search_overlay.go:245.77,250.4 1 0
claude-squad/ui/overlay/zf_search_overlay.go:253.2,253.27 1 0
claude-squad/ui/overlay/zf_search_overlay.go:257.67,258.18 1 0
claude-squad/ui/overlay/zf_search_overlay.go:259.20,260.30 1 0
claude-squad/ui/overlay/zf_search_overlay.go:262.18,263.25 1 0
claude-squad/ui/overlay/zf_search_overlay.go:263.25,265.4 1 0
claude-squad/ui/overlay/zf_search_overlay.go:266.3,266.13 1 0
claude-squad/ui/overlay/zf_search_overlay.go:268.17,269.26 1 0
claude-squad/ui/overlay/zf_search_overlay.go:269.26,270.28 1 0
claude-squad/ui/overlay/zf_search_overlay.go:270.28,272.5 1 0
claude-squad/ui/overlay/zf_search_overlay.go:272.10,274.5 1 0
claude-squad/ui/overlay/zf_search_overlay.go:276.3,276.13 1 0
claude-squad/ui/overlay/zf_search_overlay.go:278.19,279.26 1 0
claude-squad/ui/overlay/zf_search_overlay.go:279.26,280.44 1 0
claude-squad/ui/overlay/zf_search_overlay.go:280.44,282.5 1 0
claude-squad/ui/overlay/zf_search_overlay.go:282.10,284.5 1 0
claude-squad/ui/overlay/zf_search_overlay.go:286.3,286.13 1 0
claude-squad/ui/overlay/zf_search_overlay.go:288.18,289.33 1 0
claude-squad/ui/overlay/zf_search_overlay.go:291.20,292.25 1 0
claude-squad/ui/overlay/zf_search_overlay.go:292.25,294.4 1 0
claude-squad/ui/overlay/zf_search_overlay.go:295.3,295.13 1 0
claude-squad/ui/overlay/zf_search_overlay.go:299.2,301.12 3 0
claude-squad/ui/overlay/zf_search_overlay.go:305.54,306.88 1 0
claude-squad/ui/overlay/zf_search_overlay.go:306.88,307.25 1 0
claude-squad/ui/overlay/zf_search_overlay.go:307.25,309.4 1 0
claude-squad/ui/overlay/zf_search_overlay.go:310.3,310.13 1 0
claude-squad/ui/overlay/zf_search_overlay.go:314.2,315.46 2 0
claude-squad/ui/overlay/zf_search_overlay.go:315.46,323.3 2 0
claude-squad/ui/overlay/zf_search_overlay.go:325.2,325.12 1 0
claude-squad/ui/overlay/zf_search_overlay.go:329.57,330.88 1 0
claude-squad/ui/overlay/zf_search_overlay.go:330.88,337.3 4 0
claude-squad/ui/overlay/zf_search_overlay.go:338.2,338.12 1 0
claude-squad/ui/overlay/zf_search_overlay.go:342.78,343.19 1 0
claude-squad/ui/overlay/zf_search_overlay.go:343.19,345.3 1 0
claude-squad/ui/overlay/zf_search_overlay.go:348.2,348.39 1 0
claude-squad/ui/overlay/zf_search_overlay.go:348.39,350.3 1 0
claude-squad/ui/overlay/zf_search_overlay.go:353.2,353.69 1 0
claude-squad/ui/overlay/zf_search_overlay.go:353.69,359.66 4 0
claude-squad/ui/overlay/zf_search_overlay.go:359.66,360.66 1 0
claude-squad/ui/overlay/zf_search_overlay.go:360.66,362.5 1 0
claude-squad/ui/overlay/zf_search_overlay.go:362.10,362.65 1 0
claude-squad/ui/overlay/zf_search_overlay.go:362.65,364.10 2 0
claude-squad/ui/overlay/zf_search_overlay.go:365.10,366.10 1 0
claude-squad/ui/overlay/zf_search_overlay.go:370.3,370.27 1 0
claude-squad/ui/overlay/zf_search_overlay.go:370.27,375.4 3 0
claude-squad/ui/overlay/zf_search_overlay.go:378.2,378.15 1 0
claude-squad/ui/overlay/zf_search_overlay.go:382.64,383.17 1 0
claude-squad/ui/overlay/zf_search_overlay.go:383.17,384.25 1 0
claude-squad/ui/overlay/zf_search_overlay.go:384.25,390.4 1 0
claude-squad/ui/overlay/zf_search_overlay.go:393.2,395.24 2 0
claude-squad/ui/overlay/zf_search_overlay.go:395.24,400.38 2 0
claude-squad/ui/overlay/zf_search_overlay.go:400.38,403.54 2 0
claude-squad/ui/overlay/zf_search_overlay.go:403.54,406.5 2 0
claude-squad/ui/overlay/zf_search_overlay.go:409.3,413.4 1 0
claude-squad/ui/overlay/zf_search_overlay.go:418.96,419.17 1 0
claude-squad/ui/overlay/zf_search_overlay.go:419.17,421.3 1 0
claude-squad/ui/overlay/zf_search_overlay.go:423.2,427.43 4 0
claude-squad/ui/overlay/zf_search_overlay.go:427.43,428.33 1 0
claude-squad/ui/overlay/zf_search_overlay.go:428.33,429.9 1 0
claude-squad/ui/overlay/zf_search_overlay.go:432.3,432.88 1 0
claude-squad/ui/overlay/zf_search_overlay.go:432.88,433.18 1 0
claude-squad/ui/overlay/zf_search_overlay.go:433.18,435.5 1 0
claude-squad/ui/overlay/zf_search_overlay.go:438.4,438.59 1 0
claude-squad/ui/overlay/zf_search_overlay.go:438.59,440.5 1 0
claude-squad/ui/overlay/zf_search_overlay.go:443.4,445.59 2 0
claude-squad/ui/overlay/zf_search_overlay.go:445.59,463.35 3 0
claude-squad/ui/overlay/zf_search_overlay.go:463.35,465.6 1 0
claude-squad/ui/overlay/zf_search_overlay.go:468.4,468.14 1 0
claude-squad/ui/overlay/zf_search_overlay.go:471.3,471.17 1 0
claude-squad/ui/overlay/zf_search_overlay.go:471.17,474.4 1 0
claude-squad/ui/overlay/zf_search_overlay.go:477.2,477.21 1 0
claude-squad/ui/overlay/zf_search_overlay.go:481.42,486.25 3 0
claude-squad/ui/overlay/zf_search_overlay.go:486.25,488.3 1 0
claude-squad/ui/overlay/zf_search_overlay.go:489.2,497.16 5 0
claude-squad/ui/overlay/zf_search_overlay.go:497.16,500.3 2 0
claude-squad/ui/overlay/zf_search_overlay.go:500.8,500.28 1 0
claude-squad/ui/overlay/zf_search_overlay.go:500.28,503.3 2 0
claude-squad/ui/overlay/zf_search_overlay.go:506.2,507.25 2 0
claude-squad/ui/overlay/zf_search_overlay.go:507.25,509.39 2 0
claude-squad/ui/overlay/zf_search_overlay.go:509.39,511.4 1 0
claude-squad/ui/overlay/zf_search_overlay.go:513.3,513.41 1 0
claude-squad/ui/overlay/zf_search_overlay.go:513.41,517.4 3 0
claude-squad/ui/overlay/zf_search_overlay.go:520.3,520.35 1 0
claude-squad/ui/overlay/zf_search_overlay.go:520.35,524.4 3 0
claude-squad/ui/overlay/zf_search_overlay.go:525.8,525.50 1 0
claude-squad/ui/overlay/zf_search_overlay.go:525.50,528.3 2 0
claude-squad/ui/overlay/zf_search_overlay.go:531.2,535.20 4 0
claude-squad/ui/overlay/zf_search_overlay.go:539.92,548.26 5 0
claude-squad/ui/overlay/zf_search_overlay.go:549.27,550.45 1 0
claude-squad/ui/overlay/zf_search_overlay.go:551.23,552.45 1 0
claude-squad/ui/overlay/zf_search_overlay.go:553.24,554.45 1 0
claude-squad/ui/overlay/zf_search_overlay.go:557.2,560.14 2 0
claude-squad/ui/overlay/zf_search_overlay.go:560.14,562.3 1 0
claude-squad/ui/overlay/zf_search_overlay.go:562.8,564.3 1 0
claude-squad/ui/overlay/zf_search_overlay.go:568.81,569.23 1 0
claude-squad/ui/overlay/zf_search_overlay.go:569.23,571.3 1 0
claude-squad/ui/overlay/zf_search_overlay.go:573.2,578.30 4 0
claude-squad/ui/overlay/zf_search_overlay.go:578.30,579.35 1 0
claude-squad/ui/overlay/zf_search_overlay.go:579.35,581.4 1 0
claude-squad/ui/overlay/zf_search_overlay.go:585.2,585.26 1 0
claude-squad/ui/overlay/zf_search_overlay.go:585.26,586.18 1 0
claude-squad/ui/overlay/zf_search_overlay.go:586.18,588.4 1 0
claude-squad/ui/overlay/zf_search_overlay.go:588.9,590.4 1 0
claude-squad/ui/overlay/zf_search_overlay.go:593.2,593.24 1 0
claude-squad/ui/overlay/zf_search_overlay.go:597.42,598.26 1 0
claude-squad/ui/overlay/zf_search_overlay.go:598.26,600.3 1 0
claude-squad/ui/overlay/zf_search_overlay.go:601.2,601.24 1 0
claude-squad/ui/overlay/zf_search_overlay.go:601.24,603.3 1 0
claude-squad/ui/overlay/zf_search_overlay.go:604.2,604.12 1 0
claude-squad/ui/overlay/zf_search_overlay.go:608.44,613.31 4 0
claude-squad/ui/overlay/zf_search_overlay.go:613.31,615.3 1 0
claude-squad/ui/overlay/zf_search_overlay.go:617.2,617.34 1 0
