mode: set
claude-squad/main.go:28.55,45.18 6 0
claude-squad/main.go:45.18,49.5 3 0
claude-squad/main.go:52.4,53.18 2 0
claude-squad/main.go:53.18,55.5 1 0
claude-squad/main.go:57.4,57.34 1 0
claude-squad/main.go:57.34,59.5 1 0
claude-squad/main.go:62.4,63.25 2 0
claude-squad/main.go:63.25,65.5 1 0
claude-squad/main.go:67.4,68.19 2 0
claude-squad/main.go:68.19,70.5 1 0
claude-squad/main.go:71.4,71.15 1 0
claude-squad/main.go:71.15,72.18 1 0
claude-squad/main.go:72.18,73.50 1 0
claude-squad/main.go:73.50,75.7 1 0
claude-squad/main.go:79.4,79.46 1 0
claude-squad/main.go:79.46,81.5 1 0
claude-squad/main.go:83.4,83.41 1 0
claude-squad/main.go:90.55,108.18 7 0
claude-squad/main.go:108.18,110.5 1 0
claude-squad/main.go:111.4,111.55 1 0
claude-squad/main.go:111.55,113.5 1 0
claude-squad/main.go:114.4,116.72 2 0
claude-squad/main.go:116.72,118.5 1 0
claude-squad/main.go:119.4,121.49 2 0
claude-squad/main.go:121.49,123.5 1 0
claude-squad/main.go:124.4,127.46 2 0
claude-squad/main.go:127.46,129.5 1 0
claude-squad/main.go:130.4,132.14 2 0
claude-squad/main.go:139.55,160.18 8 0
claude-squad/main.go:160.18,162.5 1 0
claude-squad/main.go:163.4,167.14 3 0
claude-squad/main.go:174.48,177.4 2 0
claude-squad/main.go:181.13,191.16 5 0
claude-squad/main.go:191.16,192.13 1 0
claude-squad/main.go:195.2,197.30 3 0
claude-squad/main.go:200.13,201.42 1 0
claude-squad/main.go:201.42,203.3 1 0
claude-squad/cmd/cmd_test/testutils.go:12.47,14.2 1 0
claude-squad/cmd/cmd_test/testutils.go:16.60,18.2 1 0
claude-squad/executor/executor.go:15.40,17.2 1 0
claude-squad/executor/executor.go:19.53,21.2 1 0
claude-squad/executor/executor.go:23.30,25.2 1 0
claude-squad/executor/executor.go:27.37,28.16 1 0
claude-squad/executor/executor.go:28.16,30.3 1 0
claude-squad/executor/executor.go:31.2,31.36 1 0
claude-squad/keys/help.go:63.46,65.13 2 0
claude-squad/keys/help.go:65.13,71.3 1 0
claude-squad/keys/help.go:72.2,72.13 1 0
claude-squad/keys/help.go:76.57,78.34 2 0
claude-squad/keys/help.go:78.34,79.32 1 0
claude-squad/keys/help.go:79.32,81.4 1 0
claude-squad/keys/help.go:83.2,83.13 1 0
claude-squad/keys/help.go:87.40,89.34 2 0
claude-squad/keys/help.go:89.34,91.3 1 0
claude-squad/keys/help.go:94.2,95.36 2 0
claude-squad/keys/help.go:95.36,97.38 1 0
claude-squad/keys/help.go:97.38,99.4 1 0
claude-squad/keys/help.go:102.2,102.19 1 0
claude-squad/daemon/daemon.go:21.42,31.16 5 0
claude-squad/daemon/daemon.go:31.16,33.3 1 0
claude-squad/daemon/daemon.go:35.2,36.16 2 0
claude-squad/daemon/daemon.go:36.16,38.3 1 0
claude-squad/daemon/daemon.go:39.2,39.37 1 0
claude-squad/daemon/daemon.go:39.37,42.3 1 0
claude-squad/daemon/daemon.go:44.2,48.27 3 0
claude-squad/daemon/daemon.go:48.27,50.17 2 0
claude-squad/daemon/daemon.go:50.17,53.4 1 0
claude-squad/daemon/daemon.go:53.9,55.4 1 0
claude-squad/daemon/daemon.go:59.2,66.12 5 0
claude-squad/daemon/daemon.go:66.12,69.7 3 0
claude-squad/daemon/daemon.go:69.7,70.39 1 0
claude-squad/daemon/daemon.go:70.39,72.49 1 0
claude-squad/daemon/daemon.go:72.49,73.58 1 0
claude-squad/daemon/daemon.go:73.58,75.56 2 0
claude-squad/daemon/daemon.go:75.56,76.30 1 0
claude-squad/daemon/daemon.go:76.30,78.9 1 0
claude-squad/daemon/daemon.go:85.4,85.11 1 0
claude-squad/daemon/daemon.go:86.18,87.11 1 0
claude-squad/daemon/daemon.go:88.12,88.12 0 0
claude-squad/daemon/daemon.go:91.4,92.30 2 0
claude-squad/daemon/daemon.go:97.2,97.45 1 0
claude-squad/daemon/daemon.go:97.45,100.3 2 0
claude-squad/daemon/daemon.go:103.2,103.34 1 0
claude-squad/daemon/daemon.go:103.34,105.13 2 0
claude-squad/daemon/daemon.go:105.13,112.8 5 0
claude-squad/daemon/daemon.go:112.8,113.12 1 0
claude-squad/daemon/daemon.go:114.21,116.73 1 0
claude-squad/daemon/daemon.go:116.73,118.7 1 0
claude-squad/daemon/daemon.go:119.19,121.12 2 0
claude-squad/daemon/daemon.go:128.2,137.57 7 0
claude-squad/daemon/daemon.go:137.57,139.3 1 0
claude-squad/daemon/daemon.go:140.2,140.12 1 0
claude-squad/daemon/daemon.go:144.57,146.16 2 0
claude-squad/daemon/daemon.go:146.16,148.3 1 0
claude-squad/daemon/daemon.go:150.2,151.16 2 0
claude-squad/daemon/daemon.go:151.16,153.3 1 0
claude-squad/daemon/daemon.go:156.2,156.54 1 0
claude-squad/daemon/daemon.go:156.54,157.54 1 0
claude-squad/daemon/daemon.go:157.54,159.4 1 0
claude-squad/daemon/daemon.go:163.2,163.47 1 0
claude-squad/daemon/daemon.go:163.47,165.3 1 0
claude-squad/daemon/daemon.go:168.2,169.46 2 0
claude-squad/daemon/daemon.go:169.46,170.48 1 0
claude-squad/daemon/daemon.go:170.48,172.4 1 0
claude-squad/daemon/daemon.go:172.9,174.4 1 0
claude-squad/daemon/daemon.go:178.2,179.50 2 0
claude-squad/daemon/daemon.go:179.50,180.52 1 0
claude-squad/daemon/daemon.go:180.52,182.4 1 0
claude-squad/daemon/daemon.go:182.9,184.4 1 0
claude-squad/daemon/daemon.go:187.2,188.21 2 0
claude-squad/daemon/daemon.go:199.3,217.68 9 0
claude-squad/daemon/daemon.go:217.68,219.3 1 0
claude-squad/daemon/daemon.go:221.2,221.6 1 0
claude-squad/daemon/daemon.go:221.6,222.10 1 0
claude-squad/daemon/daemon.go:223.38,224.11 1 0
claude-squad/daemon/daemon.go:224.11,226.5 1 0
claude-squad/daemon/daemon.go:229.4,233.84 3 0
claude-squad/daemon/daemon.go:233.84,234.13 1 0
claude-squad/daemon/daemon.go:238.4,238.63 1 0
claude-squad/daemon/daemon.go:238.63,240.51 1 0
claude-squad/daemon/daemon.go:240.51,241.14 1 0
claude-squad/daemon/daemon.go:243.5,246.71 3 0
claude-squad/daemon/daemon.go:246.71,248.6 1 0
claude-squad/daemon/daemon.go:251.5,251.35 1 0
claude-squad/daemon/daemon.go:251.35,253.60 1 0
claude-squad/daemon/daemon.go:253.60,254.56 1 0
claude-squad/daemon/daemon.go:254.56,256.8 1 0
claude-squad/daemon/daemon.go:260.6,261.64 2 0
claude-squad/daemon/daemon.go:261.64,262.56 1 0
claude-squad/daemon/daemon.go:262.56,264.8 1 0
claude-squad/daemon/daemon.go:269.36,270.11 1 0
claude-squad/daemon/daemon.go:270.11,272.5 1 0
claude-squad/daemon/daemon.go:273.4,273.49 1 0
claude-squad/daemon/daemon.go:275.23,277.70 1 0
claude-squad/daemon/daemon.go:277.70,279.5 1 0
claude-squad/daemon/daemon.go:281.17,283.10 2 0
claude-squad/daemon/daemon.go:289.101,294.16 2 0
claude-squad/daemon/daemon.go:294.16,296.3 1 0
claude-squad/daemon/daemon.go:299.2,300.45 2 0
claude-squad/daemon/daemon.go:300.45,302.3 1 0
claude-squad/daemon/daemon.go:305.2,306.48 2 0
claude-squad/daemon/daemon.go:306.48,307.38 1 0
claude-squad/daemon/daemon.go:307.38,311.26 2 0
claude-squad/daemon/daemon.go:311.26,315.5 2 0
claude-squad/daemon/daemon.go:315.10,317.5 1 0
claude-squad/daemon/daemon.go:322.2,322.27 1 0
claude-squad/daemon/daemon.go:322.27,328.46 4 0
claude-squad/daemon/daemon.go:328.46,330.4 1 0
claude-squad/daemon/daemon.go:333.2,333.12 1 0
claude-squad/daemon/daemon.go:337.27,340.16 2 0
claude-squad/daemon/daemon.go:340.16,342.3 1 0
claude-squad/daemon/daemon.go:344.2,354.36 6 0
claude-squad/daemon/daemon.go:354.36,356.3 1 0
claude-squad/daemon/daemon.go:358.2,362.16 3 0
claude-squad/daemon/daemon.go:362.16,364.3 1 0
claude-squad/daemon/daemon.go:366.2,367.96 2 0
claude-squad/daemon/daemon.go:367.96,369.3 1 0
claude-squad/daemon/daemon.go:372.2,372.12 1 0
claude-squad/daemon/daemon.go:377.25,379.16 2 0
claude-squad/daemon/daemon.go:379.16,381.3 1 0
claude-squad/daemon/daemon.go:383.2,385.16 3 0
claude-squad/daemon/daemon.go:385.16,386.25 1 0
claude-squad/daemon/daemon.go:386.25,388.4 1 0
claude-squad/daemon/daemon.go:389.3,389.56 1 0
claude-squad/daemon/daemon.go:392.2,393.64 2 0
claude-squad/daemon/daemon.go:393.64,395.3 1 0
claude-squad/daemon/daemon.go:397.2,398.16 2 0
claude-squad/daemon/daemon.go:398.16,400.3 1 0
claude-squad/daemon/daemon.go:402.2,402.36 1 0
claude-squad/daemon/daemon.go:402.36,404.3 1 0
claude-squad/daemon/daemon.go:407.2,407.43 1 0
claude-squad/daemon/daemon.go:407.43,409.3 1 0
claude-squad/daemon/daemon.go:411.2,412.12 2 0
claude-squad/daemon/daemon_unix.go:10.44,14.2 1 0
claude-squad/cmd/commands/git.go:26.44,28.2 1 0
claude-squad/cmd/commands/git.go:31.61,32.36 1 0
claude-squad/cmd/commands/git.go:32.36,36.3 3 0
claude-squad/cmd/commands/git.go:37.2,37.12 1 0
claude-squad/cmd/commands/git.go:41.61,43.36 2 0
claude-squad/cmd/commands/git.go:43.36,47.3 3 0
claude-squad/cmd/commands/git.go:48.2,48.12 1 0
claude-squad/cmd/commands/git.go:52.63,54.38 2 0
claude-squad/cmd/commands/git.go:54.38,58.3 3 0
claude-squad/cmd/commands/git.go:59.2,59.12 1 0
claude-squad/cmd/commands/git.go:63.62,65.37 2 0
claude-squad/cmd/commands/git.go:65.37,69.3 3 0
claude-squad/cmd/commands/git.go:70.2,70.12 1 0
claude-squad/cmd/commands/git.go:74.62,75.37 1 0
claude-squad/cmd/commands/git.go:75.37,79.3 3 0
claude-squad/cmd/commands/git.go:80.2,80.12 1 0
claude-squad/cmd/commands/git.go:84.58,85.33 1 0
claude-squad/cmd/commands/git.go:85.33,89.3 3 0
claude-squad/cmd/commands/git.go:90.2,90.12 1 0
claude-squad/cmd/commands/git.go:94.63,95.38 1 0
claude-squad/cmd/commands/git.go:95.38,99.3 3 0
claude-squad/cmd/commands/git.go:100.2,100.12 1 0
claude-squad/cmd/commands/git.go:104.60,106.35 2 0
claude-squad/cmd/commands/git.go:106.35,110.3 3 0
claude-squad/cmd/commands/git.go:111.2,111.12 1 0
claude-squad/cmd/commands/git.go:115.56,116.31 1 0
claude-squad/cmd/commands/git.go:116.31,120.3 3 0
claude-squad/cmd/commands/git.go:121.2,121.12 1 0
claude-squad/cmd/commands/git.go:125.56,126.31 1 0
claude-squad/cmd/commands/git.go:126.31,130.3 3 0
claude-squad/cmd/commands/git.go:131.2,131.12 1 0
claude-squad/cmd/commands/git.go:135.64,136.39 1 0
claude-squad/cmd/commands/git.go:136.39,140.3 3 0
claude-squad/cmd/commands/git.go:141.2,141.12 1 0
claude-squad/cmd/commands/navigation.go:22.58,24.2 1 0
claude-squad/cmd/commands/navigation.go:27.54,28.36 1 0
claude-squad/cmd/commands/navigation.go:28.36,32.3 3 0
claude-squad/cmd/commands/navigation.go:33.2,33.12 1 0
claude-squad/cmd/commands/navigation.go:37.56,38.38 1 0
claude-squad/cmd/commands/navigation.go:38.38,42.3 3 0
claude-squad/cmd/commands/navigation.go:43.2,43.12 1 0
claude-squad/cmd/commands/navigation.go:47.56,48.38 1 0
claude-squad/cmd/commands/navigation.go:48.38,52.3 3 0
claude-squad/cmd/commands/navigation.go:53.2,53.12 1 0
claude-squad/cmd/commands/navigation.go:57.57,58.39 1 0
claude-squad/cmd/commands/navigation.go:58.39,62.3 3 0
claude-squad/cmd/commands/navigation.go:63.2,63.12 1 0
claude-squad/cmd/commands/navigation.go:67.58,68.40 1 0
claude-squad/cmd/commands/navigation.go:68.40,72.3 3 0
claude-squad/cmd/commands/navigation.go:73.2,73.12 1 0
claude-squad/cmd/commands/navigation.go:77.60,78.42 1 0
claude-squad/cmd/commands/navigation.go:78.42,82.3 3 0
claude-squad/cmd/commands/navigation.go:83.2,83.12 1 0
claude-squad/cmd/commands/navigation.go:87.58,88.40 1 0
claude-squad/cmd/commands/navigation.go:88.40,92.3 3 0
claude-squad/cmd/commands/navigation.go:93.2,93.12 1 0
claude-squad/cmd/commands/organization.go:18.62,20.2 1 0
claude-squad/cmd/commands/organization.go:23.64,24.48 1 0
claude-squad/cmd/commands/organization.go:24.48,28.3 3 0
claude-squad/cmd/commands/organization.go:29.2,29.12 1 0
claude-squad/cmd/commands/organization.go:33.64,34.48 1 0
claude-squad/cmd/commands/organization.go:34.48,38.3 3 0
claude-squad/cmd/commands/organization.go:39.2,39.12 1 0
claude-squad/cmd/commands/organization.go:43.63,44.47 1 0
claude-squad/cmd/commands/organization.go:44.47,48.3 3 0
claude-squad/cmd/commands/organization.go:49.2,49.12 1 0
claude-squad/cmd/commands/session.go:21.52,23.2 1 0
claude-squad/cmd/commands/session.go:26.62,27.41 1 0
claude-squad/cmd/commands/session.go:27.41,31.3 3 0
claude-squad/cmd/commands/session.go:32.2,32.12 1 0
claude-squad/cmd/commands/session.go:36.63,37.42 1 0
claude-squad/cmd/commands/session.go:37.42,41.3 3 0
claude-squad/cmd/commands/session.go:42.2,42.12 1 0
claude-squad/cmd/commands/session.go:46.65,47.44 1 0
claude-squad/cmd/commands/session.go:47.44,51.3 3 0
claude-squad/cmd/commands/session.go:52.2,52.12 1 0
claude-squad/cmd/commands/session.go:56.60,57.39 1 0
claude-squad/cmd/commands/session.go:57.39,61.3 3 0
claude-squad/cmd/commands/session.go:62.2,62.12 1 0
claude-squad/cmd/commands/session.go:66.58,67.37 1 0
claude-squad/cmd/commands/session.go:67.37,71.3 3 0
claude-squad/cmd/commands/session.go:72.2,72.12 1 0
claude-squad/log/log.go:39.36,49.2 1 0
claude-squad/log/log.go:55.37,57.16 2 1
claude-squad/log/log.go:57.16,59.3 1 0
claude-squad/log/log.go:60.2,60.53 1 1
claude-squad/log/log.go:64.48,66.36 1 1
claude-squad/log/log.go:66.36,68.3 1 1
claude-squad/log/log.go:71.2,71.37 1 1
claude-squad/log/log.go:71.37,73.3 1 1
claude-squad/log/log.go:76.2,77.16 2 1
claude-squad/log/log.go:77.16,79.3 1 0
claude-squad/log/log.go:81.2,83.50 2 1
claude-squad/log/log.go:83.50,85.3 1 0
claude-squad/log/log.go:87.2,87.20 1 1
claude-squad/log/log.go:91.53,94.16 2 1
claude-squad/log/log.go:94.16,96.3 1 0
claude-squad/log/log.go:98.2,98.54 1 1
claude-squad/log/log.go:102.78,105.16 2 1
claude-squad/log/log.go:105.16,107.3 1 0
claude-squad/log/log.go:110.2,110.49 1 1
claude-squad/log/log.go:110.49,111.105 1 1
claude-squad/log/log.go:111.105,113.4 1 1
claude-squad/log/log.go:114.3,114.13 1 1
claude-squad/log/log.go:117.2,117.81 1 1
claude-squad/log/log.go:121.67,123.58 1 1
claude-squad/log/log.go:123.58,125.3 1 1
claude-squad/log/log.go:128.2,128.57 1 1
claude-squad/log/log.go:128.57,130.3 1 0
claude-squad/log/log.go:133.2,134.16 2 1
claude-squad/log/log.go:134.16,136.3 1 0
claude-squad/log/log.go:139.2,149.42 3 1
claude-squad/log/log.go:149.42,151.3 1 1
claude-squad/log/log.go:154.2,156.21 2 1
claude-squad/log/log.go:160.71,161.57 1 1
claude-squad/log/log.go:161.57,163.16 1 1
claude-squad/log/log.go:164.15,165.67 1 1
claude-squad/log/log.go:166.18,167.70 1 0
claude-squad/log/log.go:168.16,169.68 1 0
claude-squad/log/log.go:171.3,171.9 1 1
claude-squad/log/log.go:175.2,176.16 2 1
claude-squad/log/log.go:176.16,179.16 2 0
claude-squad/log/log.go:180.15,181.67 1 0
claude-squad/log/log.go:182.18,183.70 1 0
claude-squad/log/log.go:184.16,185.68 1 0
claude-squad/log/log.go:187.3,187.9 1 0
claude-squad/log/log.go:191.2,191.15 1 1
claude-squad/log/log.go:192.14,195.66 2 1
claude-squad/log/log.go:196.17,199.69 2 1
claude-squad/log/log.go:200.15,203.67 2 1
claude-squad/log/log.go:217.13,222.20 2 1
claude-squad/log/log.go:222.20,224.3 1 1
claude-squad/log/log.go:225.2,225.23 1 1
claude-squad/log/log.go:225.23,227.3 1 1
claude-squad/log/log.go:228.2,228.21 1 1
claude-squad/log/log.go:228.21,230.3 1 1
claude-squad/log/log.go:237.30,241.2 2 0
claude-squad/log/log.go:244.63,246.27 1 0
claude-squad/log/log.go:246.27,248.3 1 0
claude-squad/log/log.go:251.2,251.27 1 0
claude-squad/log/log.go:255.68,259.2 2 0
claude-squad/log/log.go:262.73,264.39 1 1
claude-squad/log/log.go:264.39,267.51 2 1
claude-squad/log/log.go:267.51,268.65 1 0
claude-squad/log/log.go:272.3,273.17 2 1
claude-squad/log/log.go:273.17,274.58 1 0
claude-squad/log/log.go:276.3,276.11 1 1
claude-squad/log/log.go:280.2,287.3 1 1
claude-squad/log/log.go:291.56,296.16 3 0
claude-squad/log/log.go:296.16,300.3 2 0
claude-squad/log/log.go:303.2,309.12 4 0
claude-squad/log/log.go:309.12,311.3 1 0
claude-squad/log/log.go:312.2,317.42 4 0
claude-squad/log/log.go:317.42,319.3 1 0
claude-squad/log/log.go:322.2,322.27 1 0
claude-squad/log/log.go:325.14,327.26 1 0
claude-squad/log/log.go:327.26,329.3 1 0
claude-squad/log/log.go:332.2,332.41 1 0
claude-squad/log/log.go:332.41,333.29 1 0
claude-squad/log/log.go:333.29,335.4 1 0
claude-squad/log/log.go:339.2,339.45 1 0
claude-squad/log/log.go:348.45,350.2 1 0
claude-squad/log/log.go:353.34,354.20 1 0
claude-squad/log/log.go:354.20,358.3 3 0
claude-squad/log/log.go:360.2,360.9 1 0
claude-squad/log/log.go:361.19,363.14 2 0
claude-squad/log/log.go:364.10,365.15 1 0
claude-squad/ui/overlay/branchSelector.go:45.44,47.2 1 0
claude-squad/ui/overlay/branchSelector.go:50.45,52.15 2 0
claude-squad/ui/overlay/branchSelector.go:52.15,54.3 1 0
claude-squad/ui/overlay/branchSelector.go:56.2,57.14 2 0
claude-squad/ui/overlay/branchSelector.go:57.14,59.3 1 0
claude-squad/ui/overlay/branchSelector.go:62.2,64.24 3 0
claude-squad/ui/overlay/branchSelector.go:64.24,66.3 1 0
claude-squad/ui/overlay/branchSelector.go:66.8,66.31 1 0
claude-squad/ui/overlay/branchSelector.go:66.31,68.3 1 0
claude-squad/ui/overlay/branchSelector.go:68.8,68.33 1 0
claude-squad/ui/overlay/branchSelector.go:68.33,70.3 1 0
claude-squad/ui/overlay/branchSelector.go:70.8,70.34 1 0
claude-squad/ui/overlay/branchSelector.go:70.34,72.3 1 0
claude-squad/ui/overlay/branchSelector.go:72.8,74.3 1 0
claude-squad/ui/overlay/branchSelector.go:77.2,78.25 2 0
claude-squad/ui/overlay/branchSelector.go:78.25,80.3 1 0
claude-squad/ui/overlay/branchSelector.go:82.2,82.77 1 0
claude-squad/ui/overlay/branchSelector.go:86.36,88.2 1 0
claude-squad/ui/overlay/branchSelector.go:98.36,104.2 1 0
claude-squad/ui/overlay/branchSelector.go:107.65,113.2 4 0
claude-squad/ui/overlay/branchSelector.go:116.52,121.2 3 0
claude-squad/ui/overlay/branchSelector.go:124.53,129.36 4 0
claude-squad/ui/overlay/branchSelector.go:129.36,131.3 1 0
claude-squad/ui/overlay/branchSelector.go:134.2,134.43 1 0
claude-squad/ui/overlay/branchSelector.go:134.43,136.50 1 0
claude-squad/ui/overlay/branchSelector.go:136.50,138.4 1 0
claude-squad/ui/overlay/branchSelector.go:139.3,139.50 1 0
claude-squad/ui/overlay/branchSelector.go:139.50,141.4 1 0
claude-squad/ui/overlay/branchSelector.go:144.3,144.48 1 0
claude-squad/ui/overlay/branchSelector.go:144.48,146.4 1 0
claude-squad/ui/overlay/branchSelector.go:147.3,147.48 1 0
claude-squad/ui/overlay/branchSelector.go:147.48,149.4 1 0
claude-squad/ui/overlay/branchSelector.go:152.3,152.45 1 0
claude-squad/ui/overlay/branchSelector.go:155.2,155.17 1 0
claude-squad/ui/overlay/branchSelector.go:159.55,164.36 4 0
claude-squad/ui/overlay/branchSelector.go:164.36,165.21 1 0
claude-squad/ui/overlay/branchSelector.go:165.21,167.4 1 0
claude-squad/ui/overlay/branchSelector.go:171.2,171.43 1 0
claude-squad/ui/overlay/branchSelector.go:171.43,173.50 1 0
claude-squad/ui/overlay/branchSelector.go:173.50,175.4 1 0
claude-squad/ui/overlay/branchSelector.go:176.3,176.50 1 0
claude-squad/ui/overlay/branchSelector.go:176.50,178.4 1 0
claude-squad/ui/overlay/branchSelector.go:181.3,181.45 1 0
claude-squad/ui/overlay/branchSelector.go:184.2,184.17 1 0
claude-squad/ui/overlay/branchSelector.go:188.83,190.54 1 0
claude-squad/ui/overlay/branchSelector.go:190.54,192.3 1 0
claude-squad/ui/overlay/branchSelector.go:195.2,195.20 1 0
claude-squad/ui/overlay/branchSelector.go:195.20,196.56 1 0
claude-squad/ui/overlay/branchSelector.go:196.56,199.4 1 0
claude-squad/ui/overlay/branchSelector.go:202.2,204.12 2 0
claude-squad/ui/overlay/branchSelector.go:208.64,220.16 4 0
claude-squad/ui/overlay/branchSelector.go:220.16,222.3 1 0
claude-squad/ui/overlay/branchSelector.go:224.2,225.29 2 0
claude-squad/ui/overlay/branchSelector.go:225.29,226.17 1 0
claude-squad/ui/overlay/branchSelector.go:226.17,227.12 1 0
claude-squad/ui/overlay/branchSelector.go:231.3,232.21 2 0
claude-squad/ui/overlay/branchSelector.go:232.21,233.12 1 0
claude-squad/ui/overlay/branchSelector.go:236.3,242.17 5 0
claude-squad/ui/overlay/branchSelector.go:242.17,244.4 1 0
claude-squad/ui/overlay/branchSelector.go:246.3,248.21 3 0
claude-squad/ui/overlay/branchSelector.go:248.21,250.4 1 0
claude-squad/ui/overlay/branchSelector.go:253.3,266.19 4 0
claude-squad/ui/overlay/branchSelector.go:269.2,269.12 1 0
claude-squad/ui/overlay/branchSelector.go:273.65,285.16 4 0
claude-squad/ui/overlay/branchSelector.go:285.16,287.3 1 0
claude-squad/ui/overlay/branchSelector.go:289.2,290.29 2 0
claude-squad/ui/overlay/branchSelector.go:290.29,291.17 1 0
claude-squad/ui/overlay/branchSelector.go:291.17,292.12 1 0
claude-squad/ui/overlay/branchSelector.go:296.3,297.21 2 0
claude-squad/ui/overlay/branchSelector.go:297.21,298.12 1 0
claude-squad/ui/overlay/branchSelector.go:302.3,304.27 3 0
claude-squad/ui/overlay/branchSelector.go:304.27,305.12 1 0
claude-squad/ui/overlay/branchSelector.go:308.3,312.21 3 0
claude-squad/ui/overlay/branchSelector.go:312.21,313.12 1 0
claude-squad/ui/overlay/branchSelector.go:316.3,321.17 4 0
claude-squad/ui/overlay/branchSelector.go:321.17,323.4 1 0
claude-squad/ui/overlay/branchSelector.go:325.3,327.21 3 0
claude-squad/ui/overlay/branchSelector.go:327.21,329.4 1 0
claude-squad/ui/overlay/branchSelector.go:332.3,346.19 4 0
claude-squad/ui/overlay/branchSelector.go:349.2,349.12 1 0
claude-squad/ui/overlay/branchSelector.go:360.74,364.12 2 0
claude-squad/ui/overlay/branchSelector.go:364.12,365.73 1 0
claude-squad/ui/overlay/branchSelector.go:365.73,367.4 1 0
claude-squad/ui/overlay/branchSelector.go:370.2,374.3 1 0
claude-squad/ui/overlay/branchSelector.go:378.76,380.84 1 0
claude-squad/ui/overlay/branchSelector.go:380.84,381.79 1 0
claude-squad/ui/overlay/branchSelector.go:381.79,383.4 1 0
claude-squad/ui/overlay/branchSelector.go:387.2,388.22 2 0
claude-squad/ui/overlay/branchSelector.go:388.22,390.3 1 0
claude-squad/ui/overlay/branchSelector.go:390.8,392.3 1 0
claude-squad/ui/overlay/branchSelector.go:395.2,396.34 2 0
claude-squad/ui/overlay/branchSelector.go:396.34,398.3 1 0
claude-squad/ui/overlay/branchSelector.go:400.2,400.19 1 0
claude-squad/ui/overlay/branchSelector.go:404.45,406.2 1 0
claude-squad/ui/overlay/branchSelector.go:409.72,411.2 1 0
claude-squad/ui/overlay/confirmationOverlay.go:29.66,38.2 1 0
claude-squad/ui/overlay/confirmationOverlay.go:42.67,43.22 1 0
claude-squad/ui/overlay/confirmationOverlay.go:44.20,46.25 2 0
claude-squad/ui/overlay/confirmationOverlay.go:46.25,48.4 1 0
claude-squad/ui/overlay/confirmationOverlay.go:49.3,49.14 1 0
claude-squad/ui/overlay/confirmationOverlay.go:50.26,52.24 2 0
claude-squad/ui/overlay/confirmationOverlay.go:52.24,54.4 1 0
claude-squad/ui/overlay/confirmationOverlay.go:55.3,55.14 1 0
claude-squad/ui/overlay/confirmationOverlay.go:56.10,58.15 1 0
claude-squad/ui/overlay/confirmationOverlay.go:63.71,78.2 3 0
claude-squad/ui/overlay/confirmationOverlay.go:82.45,84.2 1 0
claude-squad/ui/overlay/confirmationOverlay.go:87.51,89.2 1 0
claude-squad/ui/overlay/confirmationOverlay.go:92.68,94.2 1 0
claude-squad/ui/overlay/confirmationOverlay.go:97.57,99.2 1 0
claude-squad/ui/overlay/confirmationOverlay.go:102.56,104.2 1 0
claude-squad/ui/overlay/directoryBrowser.go:37.47,39.2 1 0
claude-squad/ui/overlay/directoryBrowser.go:42.48,43.13 1 0
claude-squad/ui/overlay/directoryBrowser.go:43.13,46.3 2 0
claude-squad/ui/overlay/directoryBrowser.go:47.2,47.15 1 0
claude-squad/ui/overlay/directoryBrowser.go:51.39,53.2 1 0
claude-squad/ui/overlay/directoryBrowser.go:70.42,77.2 1 0
claude-squad/ui/overlay/directoryBrowser.go:80.75,89.48 6 0
claude-squad/ui/overlay/directoryBrowser.go:89.48,91.3 1 0
claude-squad/ui/overlay/directoryBrowser.go:94.2,95.16 2 0
claude-squad/ui/overlay/directoryBrowser.go:95.16,97.3 1 0
claude-squad/ui/overlay/directoryBrowser.go:100.2,101.35 2 0
claude-squad/ui/overlay/directoryBrowser.go:101.35,103.43 1 0
claude-squad/ui/overlay/directoryBrowser.go:103.43,104.12 1 0
claude-squad/ui/overlay/directoryBrowser.go:107.3,110.20 2 0
claude-squad/ui/overlay/directoryBrowser.go:110.20,112.18 2 0
claude-squad/ui/overlay/directoryBrowser.go:112.18,114.13 1 0
claude-squad/ui/overlay/directoryBrowser.go:117.4,124.6 1 0
claude-squad/ui/overlay/directoryBrowser.go:129.2,129.42 1 0
claude-squad/ui/overlay/directoryBrowser.go:129.42,131.3 1 0
claude-squad/ui/overlay/directoryBrowser.go:134.2,139.21 5 0
claude-squad/ui/overlay/directoryBrowser.go:143.58,148.32 3 0
claude-squad/ui/overlay/directoryBrowser.go:148.32,149.18 1 0
claude-squad/ui/overlay/directoryBrowser.go:149.18,151.13 1 0
claude-squad/ui/overlay/directoryBrowser.go:151.13,154.5 2 0
claude-squad/ui/overlay/directoryBrowser.go:155.4,155.10 1 0
claude-squad/ui/overlay/directoryBrowser.go:160.2,163.25 2 0
claude-squad/ui/overlay/directoryBrowser.go:163.25,165.3 1 0
claude-squad/ui/overlay/directoryBrowser.go:169.58,178.2 5 0
claude-squad/ui/overlay/directoryBrowser.go:196.59,205.2 2 0
claude-squad/ui/overlay/directoryBrowser.go:208.79,210.68 1 0
claude-squad/ui/overlay/directoryBrowser.go:210.68,213.36 2 0
claude-squad/ui/overlay/directoryBrowser.go:213.36,215.18 2 0
claude-squad/ui/overlay/directoryBrowser.go:215.18,217.5 1 0
claude-squad/ui/overlay/directoryBrowser.go:218.4,218.27 1 0
claude-squad/ui/overlay/directoryBrowser.go:222.3,223.17 2 0
claude-squad/ui/overlay/directoryBrowser.go:223.17,225.4 1 0
claude-squad/ui/overlay/directoryBrowser.go:228.3,235.33 4 0
claude-squad/ui/overlay/directoryBrowser.go:235.33,239.4 2 0
claude-squad/ui/overlay/directoryBrowser.go:241.3,241.20 1 0
claude-squad/ui/overlay/directoryBrowser.go:245.2,246.16 2 0
claude-squad/ui/overlay/directoryBrowser.go:246.16,248.3 1 0
claude-squad/ui/overlay/directoryBrowser.go:251.2,254.33 2 0
claude-squad/ui/overlay/directoryBrowser.go:254.33,263.3 2 0
claude-squad/ui/overlay/directoryBrowser.go:266.2,275.32 2 0
claude-squad/ui/overlay/directoryBrowser.go:275.32,279.3 2 0
claude-squad/ui/overlay/directoryBrowser.go:282.2,282.17 1 0
claude-squad/ui/overlay/directoryBrowser.go:282.17,284.36 2 0
claude-squad/ui/overlay/directoryBrowser.go:284.36,287.31 2 0
claude-squad/ui/overlay/directoryBrowser.go:287.31,288.29 1 0
claude-squad/ui/overlay/directoryBrowser.go:288.29,290.11 2 0
claude-squad/ui/overlay/directoryBrowser.go:294.4,294.18 1 0
claude-squad/ui/overlay/directoryBrowser.go:294.18,297.19 2 0
claude-squad/ui/overlay/directoryBrowser.go:297.19,299.14 2 0
claude-squad/ui/overlay/directoryBrowser.go:302.5,309.7 1 0
claude-squad/ui/overlay/directoryBrowser.go:314.2,314.19 1 0
claude-squad/ui/overlay/directoryBrowser.go:318.59,321.16 2 0
claude-squad/ui/overlay/directoryBrowser.go:321.16,323.3 1 0
claude-squad/ui/overlay/directoryBrowser.go:326.2,326.59 1 0
claude-squad/ui/overlay/directoryBrowser.go:330.62,333.16 2 0
claude-squad/ui/overlay/directoryBrowser.go:333.16,335.3 1 0
claude-squad/ui/overlay/directoryBrowser.go:337.2,337.19 1 0
claude-squad/ui/overlay/directoryBrowser.go:337.19,339.3 1 0
claude-squad/ui/overlay/directoryBrowser.go:341.2,345.12 4 0
claude-squad/ui/overlay/directoryBrowser.go:349.51,351.2 1 0
claude-squad/ui/overlay/directoryBrowser.go:354.52,356.16 2 0
claude-squad/ui/overlay/directoryBrowser.go:356.16,358.3 1 0
claude-squad/ui/overlay/directoryBrowser.go:360.2,360.20 1 0
claude-squad/ui/overlay/directoryBrowser.go:360.20,362.3 1 0
claude-squad/ui/overlay/directoryBrowser.go:364.2,364.16 1 0
claude-squad/ui/overlay/directoryBrowser.go:368.53,370.2 1 0
claude-squad/ui/overlay/directoryBrowser.go:373.47,376.16 2 0
claude-squad/ui/overlay/directoryBrowser.go:376.16,380.3 2 0
claude-squad/ui/overlay/directoryBrowser.go:383.2,383.20 1 0
claude-squad/ui/overlay/directoryBrowser.go:383.20,386.3 2 0
claude-squad/ui/overlay/directoryBrowser.go:389.2,395.29 4 0
claude-squad/ui/overlay/fuzzyInput.go:50.73,116.2 15 0
claude-squad/ui/overlay/fuzzyInput.go:119.64,122.2 2 0
claude-squad/ui/overlay/fuzzyInput.go:125.70,127.2 1 0
claude-squad/ui/overlay/fuzzyInput.go:130.74,132.2 1 0
claude-squad/ui/overlay/fuzzyInput.go:135.58,137.2 1 0
claude-squad/ui/overlay/fuzzyInput.go:140.56,146.21 4 0
claude-squad/ui/overlay/fuzzyInput.go:146.21,148.3 1 0
claude-squad/ui/overlay/fuzzyInput.go:149.2,149.47 1 0
claude-squad/ui/overlay/fuzzyInput.go:153.37,156.2 2 0
claude-squad/ui/overlay/fuzzyInput.go:159.36,162.2 2 0
claude-squad/ui/overlay/fuzzyInput.go:165.45,168.30 2 0
claude-squad/ui/overlay/fuzzyInput.go:168.30,170.3 1 0
claude-squad/ui/overlay/fuzzyInput.go:173.2,173.24 1 0
claude-squad/ui/overlay/fuzzyInput.go:177.44,184.29 3 0
claude-squad/ui/overlay/fuzzyInput.go:184.29,185.37 1 0
claude-squad/ui/overlay/fuzzyInput.go:185.37,193.4 4 0
claude-squad/ui/overlay/fuzzyInput.go:198.57,200.16 1 0
claude-squad/ui/overlay/fuzzyInput.go:200.16,202.3 1 0
claude-squad/ui/overlay/fuzzyInput.go:204.2,204.27 1 0
claude-squad/ui/overlay/fuzzyInput.go:205.18,206.19 1 0
claude-squad/ui/overlay/fuzzyInput.go:207.21,209.86 1 0
claude-squad/ui/overlay/fuzzyInput.go:209.86,210.26 1 0
claude-squad/ui/overlay/fuzzyInput.go:210.26,212.6 1 0
claude-squad/ui/overlay/fuzzyInput.go:213.5,213.15 1 0
claude-squad/ui/overlay/fuzzyInput.go:215.4,215.14 1 0
claude-squad/ui/overlay/fuzzyInput.go:217.19,219.25 1 0
claude-squad/ui/overlay/fuzzyInput.go:219.25,221.5 1 0
claude-squad/ui/overlay/fuzzyInput.go:222.4,222.14 1 0
claude-squad/ui/overlay/fuzzyInput.go:224.18,226.27 1 0
claude-squad/ui/overlay/fuzzyInput.go:226.27,228.5 1 0
claude-squad/ui/overlay/fuzzyInput.go:228.10,228.33 1 0
claude-squad/ui/overlay/fuzzyInput.go:228.33,231.5 1 0
claude-squad/ui/overlay/fuzzyInput.go:232.4,232.14 1 0
claude-squad/ui/overlay/fuzzyInput.go:234.20,236.42 1 0
claude-squad/ui/overlay/fuzzyInput.go:236.42,238.5 1 0
claude-squad/ui/overlay/fuzzyInput.go:238.10,241.5 1 0
claude-squad/ui/overlay/fuzzyInput.go:242.4,242.14 1 0
claude-squad/ui/overlay/fuzzyInput.go:244.19,246.86 1 0
claude-squad/ui/overlay/fuzzyInput.go:246.86,250.5 3 0
claude-squad/ui/overlay/fuzzyInput.go:251.4,251.14 1 0
claude-squad/ui/overlay/fuzzyInput.go:256.2,262.12 4 0
claude-squad/ui/overlay/fuzzyInput.go:266.43,278.15 6 0
claude-squad/ui/overlay/fuzzyInput.go:278.15,281.3 2 0
claude-squad/ui/overlay/fuzzyInput.go:281.8,281.27 1 0
claude-squad/ui/overlay/fuzzyInput.go:281.27,284.3 2 0
claude-squad/ui/overlay/fuzzyInput.go:287.2,288.24 2 0
claude-squad/ui/overlay/fuzzyInput.go:288.24,290.39 2 0
claude-squad/ui/overlay/fuzzyInput.go:290.39,292.4 1 0
claude-squad/ui/overlay/fuzzyInput.go:294.3,294.41 1 0
claude-squad/ui/overlay/fuzzyInput.go:294.41,301.24 5 0
claude-squad/ui/overlay/fuzzyInput.go:301.24,305.33 3 0
claude-squad/ui/overlay/fuzzyInput.go:305.33,306.44 1 0
claude-squad/ui/overlay/fuzzyInput.go:306.44,308.26 1 0
claude-squad/ui/overlay/fuzzyInput.go:308.26,310.8 1 0
claude-squad/ui/overlay/fuzzyInput.go:313.7,315.26 2 0
claude-squad/ui/overlay/fuzzyInput.go:320.5,320.30 1 0
claude-squad/ui/overlay/fuzzyInput.go:320.30,322.6 1 0
claude-squad/ui/overlay/fuzzyInput.go:324.5,324.42 1 0
claude-squad/ui/overlay/fuzzyInput.go:325.10,327.5 1 0
claude-squad/ui/overlay/fuzzyInput.go:330.4,330.28 1 0
claude-squad/ui/overlay/fuzzyInput.go:330.28,332.5 1 0
claude-squad/ui/overlay/fuzzyInput.go:332.10,334.5 1 0
claude-squad/ui/overlay/fuzzyInput.go:335.4,335.24 1 0
claude-squad/ui/overlay/fuzzyInput.go:339.3,339.34 1 0
claude-squad/ui/overlay/fuzzyInput.go:339.34,342.4 2 0
claude-squad/ui/overlay/fuzzyInput.go:343.8,343.48 1 0
claude-squad/ui/overlay/fuzzyInput.go:343.48,346.3 2 0
claude-squad/ui/overlay/fuzzyInput.go:348.2,348.20 1 0
claude-squad/ui/overlay/gitStatusOverlay.go:55.46,64.2 1 0
claude-squad/ui/overlay/gitStatusOverlay.go:67.55,70.2 2 0
claude-squad/ui/overlay/gitStatusOverlay.go:73.79,78.35 3 0
claude-squad/ui/overlay/gitStatusOverlay.go:78.35,80.3 1 0
claude-squad/ui/overlay/gitStatusOverlay.go:84.61,85.77 1 0
claude-squad/ui/overlay/gitStatusOverlay.go:85.77,87.3 1 0
claude-squad/ui/overlay/gitStatusOverlay.go:88.2,88.32 1 0
claude-squad/ui/overlay/gitStatusOverlay.go:93.64,94.22 1 0
claude-squad/ui/overlay/gitStatusOverlay.go:95.13,98.24 2 0
claude-squad/ui/overlay/gitStatusOverlay.go:98.24,100.4 1 0
claude-squad/ui/overlay/gitStatusOverlay.go:101.3,101.14 1 0
claude-squad/ui/overlay/gitStatusOverlay.go:103.11,106.15 2 0
claude-squad/ui/overlay/gitStatusOverlay.go:108.19,110.23 1 0
claude-squad/ui/overlay/gitStatusOverlay.go:110.23,113.4 2 0
claude-squad/ui/overlay/gitStatusOverlay.go:114.3,114.15 1 0
claude-squad/ui/overlay/gitStatusOverlay.go:116.17,118.23 1 0
claude-squad/ui/overlay/gitStatusOverlay.go:118.23,121.4 2 0
claude-squad/ui/overlay/gitStatusOverlay.go:122.3,122.15 1 0
claude-squad/ui/overlay/gitStatusOverlay.go:124.11,126.47 1 0
claude-squad/ui/overlay/gitStatusOverlay.go:126.47,127.28 1 0
claude-squad/ui/overlay/gitStatusOverlay.go:127.28,128.52 1 0
claude-squad/ui/overlay/gitStatusOverlay.go:128.52,130.6 1 0
claude-squad/ui/overlay/gitStatusOverlay.go:130.11,132.6 1 0
claude-squad/ui/overlay/gitStatusOverlay.go:135.3,135.15 1 0
claude-squad/ui/overlay/gitStatusOverlay.go:137.11,139.47 1 0
claude-squad/ui/overlay/gitStatusOverlay.go:139.47,140.30 1 0
claude-squad/ui/overlay/gitStatusOverlay.go:140.30,141.54 1 0
claude-squad/ui/overlay/gitStatusOverlay.go:141.54,143.6 1 0
claude-squad/ui/overlay/gitStatusOverlay.go:143.11,145.6 1 0
claude-squad/ui/overlay/gitStatusOverlay.go:148.3,148.15 1 0
claude-squad/ui/overlay/gitStatusOverlay.go:150.11,152.47 1 0
claude-squad/ui/overlay/gitStatusOverlay.go:152.47,153.29 1 0
claude-squad/ui/overlay/gitStatusOverlay.go:153.29,154.53 1 0
claude-squad/ui/overlay/gitStatusOverlay.go:154.53,156.6 1 0
claude-squad/ui/overlay/gitStatusOverlay.go:156.11,158.21 2 0
claude-squad/ui/overlay/gitStatusOverlay.go:158.21,160.7 1 0
claude-squad/ui/overlay/gitStatusOverlay.go:161.6,161.73 1 0
claude-squad/ui/overlay/gitStatusOverlay.go:165.3,165.15 1 0
claude-squad/ui/overlay/gitStatusOverlay.go:167.11,169.28 1 0
claude-squad/ui/overlay/gitStatusOverlay.go:169.28,170.43 1 0
claude-squad/ui/overlay/gitStatusOverlay.go:170.43,172.5 1 0
claude-squad/ui/overlay/gitStatusOverlay.go:172.10,174.5 1 0
claude-squad/ui/overlay/gitStatusOverlay.go:176.3,176.15 1 0
claude-squad/ui/overlay/gitStatusOverlay.go:178.12,180.24 1 0
claude-squad/ui/overlay/gitStatusOverlay.go:180.24,181.39 1 0
claude-squad/ui/overlay/gitStatusOverlay.go:181.39,183.5 1 0
claude-squad/ui/overlay/gitStatusOverlay.go:183.10,186.5 2 0
claude-squad/ui/overlay/gitStatusOverlay.go:188.3,188.15 1 0
claude-squad/ui/overlay/gitStatusOverlay.go:190.12,192.29 1 0
claude-squad/ui/overlay/gitStatusOverlay.go:192.29,193.44 1 0
claude-squad/ui/overlay/gitStatusOverlay.go:193.44,195.5 1 0
claude-squad/ui/overlay/gitStatusOverlay.go:195.10,198.5 2 0
claude-squad/ui/overlay/gitStatusOverlay.go:200.3,200.15 1 0
claude-squad/ui/overlay/gitStatusOverlay.go:202.12,204.47 1 0
claude-squad/ui/overlay/gitStatusOverlay.go:204.47,205.27 1 0
claude-squad/ui/overlay/gitStatusOverlay.go:205.27,206.51 1 0
claude-squad/ui/overlay/gitStatusOverlay.go:206.51,208.6 1 0
claude-squad/ui/overlay/gitStatusOverlay.go:208.11,211.6 2 0
claude-squad/ui/overlay/gitStatusOverlay.go:214.3,214.15 1 0
claude-squad/ui/overlay/gitStatusOverlay.go:216.11,218.22 1 0
claude-squad/ui/overlay/gitStatusOverlay.go:218.22,219.37 1 0
claude-squad/ui/overlay/gitStatusOverlay.go:219.37,221.5 1 0
claude-squad/ui/overlay/gitStatusOverlay.go:221.10,223.5 1 0
claude-squad/ui/overlay/gitStatusOverlay.go:225.3,225.15 1 0
claude-squad/ui/overlay/gitStatusOverlay.go:227.11,229.22 1 0
claude-squad/ui/overlay/gitStatusOverlay.go:229.22,230.37 1 0
claude-squad/ui/overlay/gitStatusOverlay.go:230.37,232.5 1 0
claude-squad/ui/overlay/gitStatusOverlay.go:232.10,234.5 1 0
claude-squad/ui/overlay/gitStatusOverlay.go:236.3,236.15 1 0
claude-squad/ui/overlay/gitStatusOverlay.go:238.15,240.47 1 0
claude-squad/ui/overlay/gitStatusOverlay.go:240.47,241.27 1 0
claude-squad/ui/overlay/gitStatusOverlay.go:241.27,242.51 1 0
claude-squad/ui/overlay/gitStatusOverlay.go:242.51,244.6 1 0
claude-squad/ui/overlay/gitStatusOverlay.go:244.11,247.6 2 0
claude-squad/ui/overlay/gitStatusOverlay.go:250.3,250.15 1 0
claude-squad/ui/overlay/gitStatusOverlay.go:252.10,253.15 1 0
claude-squad/ui/overlay/gitStatusOverlay.go:258.52,259.23 1 0
claude-squad/ui/overlay/gitStatusOverlay.go:259.23,261.3 1 0
claude-squad/ui/overlay/gitStatusOverlay.go:263.2,266.36 2 0
claude-squad/ui/overlay/gitStatusOverlay.go:266.36,268.3 1 0
claude-squad/ui/overlay/gitStatusOverlay.go:271.2,271.48 1 0
claude-squad/ui/overlay/gitStatusOverlay.go:271.48,273.25 2 0
claude-squad/ui/overlay/gitStatusOverlay.go:273.25,275.4 1 0
claude-squad/ui/overlay/gitStatusOverlay.go:280.53,283.16 2 0
claude-squad/ui/overlay/gitStatusOverlay.go:283.16,285.3 1 0
claude-squad/ui/overlay/gitStatusOverlay.go:287.2,287.25 1 0
claude-squad/ui/overlay/gitStatusOverlay.go:287.25,289.3 1 0
claude-squad/ui/overlay/gitStatusOverlay.go:290.2,290.24 1 0
claude-squad/ui/overlay/gitStatusOverlay.go:294.44,326.24 10 0
claude-squad/ui/overlay/gitStatusOverlay.go:326.24,329.3 2 0
claude-squad/ui/overlay/gitStatusOverlay.go:330.2,333.23 2 0
claude-squad/ui/overlay/gitStatusOverlay.go:333.23,335.3 1 0
claude-squad/ui/overlay/gitStatusOverlay.go:335.8,338.25 3 0
claude-squad/ui/overlay/gitStatusOverlay.go:338.25,340.4 1 0
claude-squad/ui/overlay/gitStatusOverlay.go:342.3,342.41 1 0
claude-squad/ui/overlay/gitStatusOverlay.go:342.41,349.19 4 0
claude-squad/ui/overlay/gitStatusOverlay.go:349.19,352.5 2 0
claude-squad/ui/overlay/gitStatusOverlay.go:352.10,352.28 1 0
claude-squad/ui/overlay/gitStatusOverlay.go:352.28,355.5 2 0
claude-squad/ui/overlay/gitStatusOverlay.go:355.10,355.29 1 0
claude-squad/ui/overlay/gitStatusOverlay.go:355.29,358.5 2 0
claude-squad/ui/overlay/gitStatusOverlay.go:358.10,361.5 2 0
claude-squad/ui/overlay/gitStatusOverlay.go:363.4,366.26 2 0
claude-squad/ui/overlay/gitStatusOverlay.go:366.26,368.5 1 0
claude-squad/ui/overlay/gitStatusOverlay.go:368.10,370.5 1 0
claude-squad/ui/overlay/gitStatusOverlay.go:372.4,373.29 2 0
claude-squad/ui/overlay/gitStatusOverlay.go:377.3,377.32 1 0
claude-squad/ui/overlay/gitStatusOverlay.go:377.32,380.4 1 0
claude-squad/ui/overlay/gitStatusOverlay.go:384.2,388.16 3 0
claude-squad/ui/overlay/gitStatusOverlay.go:388.16,407.34 5 0
claude-squad/ui/overlay/gitStatusOverlay.go:407.34,409.4 1 0
claude-squad/ui/overlay/gitStatusOverlay.go:412.2,412.39 1 0
claude-squad/ui/overlay/gitStatusOverlay.go:416.42,418.2 1 0
claude-squad/ui/overlay/gitStatusOverlay.go:421.57,423.2 1 0
claude-squad/ui/overlay/overlay.go:22.54,25.26 2 0
claude-squad/ui/overlay/overlay.go:25.26,27.17 2 0
claude-squad/ui/overlay/overlay.go:27.17,29.4 1 0
claude-squad/ui/overlay/overlay.go:32.2,32.22 1 0
claude-squad/ui/overlay/overlay.go:35.134,43.2 3 0
claude-squad/ui/overlay/overlay.go:53.10,73.31 9 0
claude-squad/ui/overlay/overlay.go:73.31,81.86 3 0
claude-squad/ui/overlay/overlay.go:81.86,83.26 1 0
claude-squad/ui/overlay/overlay.go:83.26,85.5 1 0
claude-squad/ui/overlay/overlay.go:87.4,87.27 1 0
claude-squad/ui/overlay/overlay.go:90.3,90.28 1 0
claude-squad/ui/overlay/overlay.go:94.2,98.12 3 0
claude-squad/ui/overlay/overlay.go:98.12,100.3 1 0
claude-squad/ui/overlay/overlay.go:103.2,103.12 1 0
claude-squad/ui/overlay/overlay.go:103.12,110.33 4 0
claude-squad/ui/overlay/overlay.go:110.33,112.4 1 0
claude-squad/ui/overlay/overlay.go:113.3,119.102 3 0
claude-squad/ui/overlay/overlay.go:123.2,123.48 1 0
claude-squad/ui/overlay/overlay.go:123.48,125.3 1 0
claude-squad/ui/overlay/overlay.go:128.2,133.27 4 0
claude-squad/ui/overlay/overlay.go:133.27,135.3 1 0
claude-squad/ui/overlay/overlay.go:138.2,139.33 2 0
claude-squad/ui/overlay/overlay.go:139.33,140.12 1 0
claude-squad/ui/overlay/overlay.go:140.12,142.4 1 0
claude-squad/ui/overlay/overlay.go:143.3,143.41 1 0
claude-squad/ui/overlay/overlay.go:143.41,145.12 2 0
claude-squad/ui/overlay/overlay.go:148.3,149.17 2 0
claude-squad/ui/overlay/overlay.go:149.17,153.20 4 0
claude-squad/ui/overlay/overlay.go:153.20,156.5 2 0
claude-squad/ui/overlay/overlay.go:159.3,166.36 7 0
claude-squad/ui/overlay/overlay.go:166.36,168.4 1 0
claude-squad/ui/overlay/overlay.go:169.3,169.23 1 0
claude-squad/ui/overlay/overlay.go:172.2,172.19 1 0
claude-squad/ui/overlay/overlay.go:175.45,182.22 2 0
claude-squad/ui/overlay/overlay.go:182.22,184.33 2 0
claude-squad/ui/overlay/overlay.go:184.33,187.28 3 0
claude-squad/ui/overlay/overlay.go:187.28,189.51 2 0
claude-squad/ui/overlay/overlay.go:189.51,191.6 1 0
claude-squad/ui/overlay/overlay.go:193.9,195.4 1 0
claude-squad/ui/overlay/overlay.go:197.3,197.22 1 0
claude-squad/ui/overlay/overlay.go:197.22,198.20 1 0
claude-squad/ui/overlay/overlay.go:198.20,199.21 1 0
claude-squad/ui/overlay/overlay.go:199.21,201.6 1 0
claude-squad/ui/overlay/overlay.go:202.5,202.25 1 0
claude-squad/ui/overlay/overlay.go:202.25,204.14 2 0
claude-squad/ui/overlay/overlay.go:207.4,207.18 1 0
claude-squad/ui/overlay/overlay.go:209.3,209.11 1 0
claude-squad/ui/overlay/overlay.go:211.2,211.19 1 0
claude-squad/ui/overlay/overlay.go:214.37,216.2 1 0
claude-squad/ui/overlay/overlay.go:218.24,219.11 1 0
claude-squad/ui/overlay/overlay.go:219.11,221.3 1 0
claude-squad/ui/overlay/overlay.go:222.2,222.10 1 0
claude-squad/ui/overlay/overlay.go:225.24,226.11 1 0
claude-squad/ui/overlay/overlay.go:226.11,228.3 1 0
claude-squad/ui/overlay/overlay.go:229.2,229.10 1 0
claude-squad/ui/overlay/overlay.go:238.46,239.19 1 0
claude-squad/ui/overlay/overlay.go:239.19,241.3 1 0
claude-squad/ui/overlay/overlay.go:243.2,248.25 4 0
claude-squad/ui/overlay/overlay.go:248.25,251.18 3 0
claude-squad/ui/overlay/overlay.go:251.18,253.4 1 0
claude-squad/ui/overlay/overlay.go:254.3,254.45 1 0
claude-squad/ui/overlay/overlay.go:259.2,260.15 2 0
claude-squad/ui/overlay/overlay.go:260.15,262.3 1 0
claude-squad/ui/overlay/overlay.go:264.2,264.35 1 0
claude-squad/ui/overlay/pathutils.go:12.46,14.35 1 0
claude-squad/ui/overlay/pathutils.go:14.35,16.17 2 0
claude-squad/ui/overlay/pathutils.go:16.17,18.4 1 0
claude-squad/ui/overlay/pathutils.go:19.3,19.46 1 0
claude-squad/ui/overlay/pathutils.go:20.8,20.24 1 0
claude-squad/ui/overlay/pathutils.go:20.24,22.17 2 0
claude-squad/ui/overlay/pathutils.go:22.17,24.4 1 0
claude-squad/ui/overlay/pathutils.go:25.3,25.21 1 0
claude-squad/ui/overlay/pathutils.go:29.2,30.16 2 0
claude-squad/ui/overlay/pathutils.go:30.16,32.3 1 0
claude-squad/ui/overlay/pathutils.go:34.2,34.21 1 0
claude-squad/ui/overlay/pathutils.go:38.35,41.16 2 0
claude-squad/ui/overlay/pathutils.go:41.16,43.3 1 0
claude-squad/ui/overlay/pathutils.go:46.2,47.19 2 0
claude-squad/ui/overlay/pathutils.go:51.36,54.16 2 0
claude-squad/ui/overlay/pathutils.go:54.16,56.3 1 0
claude-squad/ui/overlay/pathutils.go:59.2,60.16 2 0
claude-squad/ui/overlay/pathutils.go:60.16,62.3 1 0
claude-squad/ui/overlay/pathutils.go:64.2,64.21 1 0
claude-squad/ui/overlay/repoSelector.go:32.42,34.2 1 0
claude-squad/ui/overlay/repoSelector.go:37.43,39.16 2 0
claude-squad/ui/overlay/repoSelector.go:39.16,41.3 1 0
claude-squad/ui/overlay/repoSelector.go:42.2,42.37 1 0
claude-squad/ui/overlay/repoSelector.go:46.34,48.2 1 0
claude-squad/ui/overlay/repoSelector.go:60.32,68.2 1 0
claude-squad/ui/overlay/repoSelector.go:71.59,77.2 4 0
claude-squad/ui/overlay/repoSelector.go:80.44,87.33 4 0
claude-squad/ui/overlay/repoSelector.go:87.33,90.34 2 0
claude-squad/ui/overlay/repoSelector.go:90.34,91.25 1 0
claude-squad/ui/overlay/repoSelector.go:91.25,93.14 1 0
claude-squad/ui/overlay/repoSelector.go:93.14,96.6 2 0
claude-squad/ui/overlay/repoSelector.go:97.5,98.10 2 0
claude-squad/ui/overlay/repoSelector.go:103.3,103.13 1 0
claude-squad/ui/overlay/repoSelector.go:103.13,106.27 2 0
claude-squad/ui/overlay/repoSelector.go:106.27,108.5 1 0
claude-squad/ui/overlay/repoSelector.go:114.54,119.9 4 0
claude-squad/ui/overlay/repoSelector.go:119.9,121.3 1 0
claude-squad/ui/overlay/repoSelector.go:123.2,127.19 3 0
claude-squad/ui/overlay/repoSelector.go:127.19,129.3 1 0
claude-squad/ui/overlay/repoSelector.go:129.8,130.35 1 0
claude-squad/ui/overlay/repoSelector.go:130.35,131.19 1 0
claude-squad/ui/overlay/repoSelector.go:131.19,133.10 2 0
claude-squad/ui/overlay/repoSelector.go:138.2,138.22 1 0
claude-squad/ui/overlay/repoSelector.go:142.50,147.33 4 0
claude-squad/ui/overlay/repoSelector.go:147.33,148.36 1 0
claude-squad/ui/overlay/repoSelector.go:148.36,150.4 1 0
claude-squad/ui/overlay/repoSelector.go:152.2,152.14 1 0
claude-squad/ui/overlay/repoSelector.go:156.52,161.35 4 0
claude-squad/ui/overlay/repoSelector.go:161.35,162.36 1 0
claude-squad/ui/overlay/repoSelector.go:162.36,164.4 1 0
claude-squad/ui/overlay/repoSelector.go:166.2,166.14 1 0
claude-squad/ui/overlay/repoSelector.go:170.46,175.31 4 0
claude-squad/ui/overlay/repoSelector.go:175.31,177.3 1 0
claude-squad/ui/overlay/repoSelector.go:180.2,180.40 1 0
claude-squad/ui/overlay/repoSelector.go:180.40,181.45 1 0
claude-squad/ui/overlay/repoSelector.go:181.45,183.4 1 0
claude-squad/ui/overlay/repoSelector.go:184.3,184.39 1 0
claude-squad/ui/overlay/repoSelector.go:187.2,187.14 1 0
claude-squad/ui/overlay/repoSelector.go:192.62,193.27 1 0
claude-squad/ui/overlay/repoSelector.go:193.27,195.17 2 0
claude-squad/ui/overlay/repoSelector.go:195.17,197.4 1 0
claude-squad/ui/overlay/repoSelector.go:200.3,206.4 1 0
claude-squad/ui/overlay/repoSelector.go:210.2,214.35 4 0
claude-squad/ui/overlay/repoSelector.go:214.35,216.24 2 0
claude-squad/ui/overlay/repoSelector.go:216.24,219.18 3 0
claude-squad/ui/overlay/repoSelector.go:219.18,221.5 1 0
claude-squad/ui/overlay/repoSelector.go:226.2,226.12 1 0
claude-squad/ui/overlay/repoSelector.go:226.12,230.3 3 0
claude-squad/ui/overlay/repoSelector.go:233.2,233.30 1 0
claude-squad/ui/overlay/repoSelector.go:233.30,235.3 1 0
claude-squad/ui/overlay/repoSelector.go:238.2,239.27 2 0
claude-squad/ui/overlay/repoSelector.go:239.27,241.3 1 0
claude-squad/ui/overlay/repoSelector.go:243.2,245.19 2 0
claude-squad/ui/overlay/repoSelector.go:245.19,247.3 1 0
claude-squad/ui/overlay/repoSelector.go:248.2,248.12 1 0
claude-squad/ui/overlay/repoSelector.go:252.57,254.21 1 0
claude-squad/ui/overlay/repoSelector.go:254.21,257.36 2 0
claude-squad/ui/overlay/repoSelector.go:257.36,259.4 1 0
claude-squad/ui/overlay/repoSelector.go:263.2,263.82 1 0
claude-squad/ui/overlay/repoSelector.go:263.82,265.17 1 0
claude-squad/ui/overlay/repoSelector.go:265.17,268.4 2 0
claude-squad/ui/overlay/repoSelector.go:271.3,271.20 1 0
claude-squad/ui/overlay/repoSelector.go:271.20,273.4 1 0
claude-squad/ui/overlay/repoSelector.go:276.3,276.50 1 0
claude-squad/ui/overlay/repoSelector.go:276.50,278.4 1 0
claude-squad/ui/overlay/repoSelector.go:281.3,281.22 1 0
claude-squad/ui/overlay/repoSelector.go:281.22,285.4 2 0
claude-squad/ui/overlay/repoSelector.go:287.3,287.13 1 0
claude-squad/ui/overlay/repoSelector.go:292.34,295.62 2 0
claude-squad/ui/overlay/repoSelector.go:295.62,297.3 1 0
claude-squad/ui/overlay/repoSelector.go:300.2,301.19 2 0
claude-squad/ui/overlay/repoSelector.go:305.40,311.16 4 0
claude-squad/ui/overlay/repoSelector.go:311.16,313.3 1 0
claude-squad/ui/overlay/repoSelector.go:315.2,320.3 1 0
claude-squad/ui/overlay/repoSelector.go:329.46,333.12 2 0
claude-squad/ui/overlay/repoSelector.go:333.12,334.49 1 0
claude-squad/ui/overlay/repoSelector.go:334.49,336.4 1 0
claude-squad/ui/overlay/repoSelector.go:339.2,339.40 1 0
claude-squad/ui/overlay/repoSelector.go:343.80,348.29 3 0
claude-squad/ui/overlay/repoSelector.go:348.29,350.3 1 0
claude-squad/ui/overlay/repoSelector.go:352.2,352.19 1 0
claude-squad/ui/overlay/repoSelector.go:356.58,359.9 2 0
claude-squad/ui/overlay/repoSelector.go:359.9,361.22 1 0
claude-squad/ui/overlay/repoSelector.go:361.22,363.4 1 0
claude-squad/ui/overlay/repoSelector.go:363.9,365.4 1 0
claude-squad/ui/overlay/repoSelector.go:369.2,370.23 2 0
claude-squad/ui/overlay/repoSelector.go:374.61,376.2 1 0
claude-squad/ui/overlay/repoSelector.go:379.64,383.29 3 0
claude-squad/ui/overlay/repoSelector.go:383.29,385.3 1 0
claude-squad/ui/overlay/repoSelector.go:387.2,387.14 1 0
claude-squad/ui/overlay/repoSelector.go:391.66,395.29 3 0
claude-squad/ui/overlay/repoSelector.go:395.29,397.3 1 0
claude-squad/ui/overlay/repoSelector.go:399.2,399.14 1 0
claude-squad/ui/overlay/sessionSetup.go:84.52,162.2 13 0
claude-squad/ui/overlay/sessionSetup.go:165.58,170.24 3 0
claude-squad/ui/overlay/sessionSetup.go:170.24,172.3 1 0
claude-squad/ui/overlay/sessionSetup.go:174.2,174.27 1 0
claude-squad/ui/overlay/sessionSetup.go:174.27,176.3 1 0
claude-squad/ui/overlay/sessionSetup.go:178.2,178.28 1 0
claude-squad/ui/overlay/sessionSetup.go:178.28,180.3 1 0
claude-squad/ui/overlay/sessionSetup.go:182.2,182.31 1 0
claude-squad/ui/overlay/sessionSetup.go:182.31,184.3 1 0
claude-squad/ui/overlay/sessionSetup.go:186.2,186.27 1 0
claude-squad/ui/overlay/sessionSetup.go:186.27,188.3 1 0
claude-squad/ui/overlay/sessionSetup.go:190.2,190.25 1 0
claude-squad/ui/overlay/sessionSetup.go:190.25,192.3 1 0
claude-squad/ui/overlay/sessionSetup.go:194.2,194.31 1 0
claude-squad/ui/overlay/sessionSetup.go:194.31,196.3 1 0
claude-squad/ui/overlay/sessionSetup.go:198.2,198.29 1 0
claude-squad/ui/overlay/sessionSetup.go:198.29,200.3 1 0
claude-squad/ui/overlay/sessionSetup.go:204.85,206.2 1 0
claude-squad/ui/overlay/sessionSetup.go:209.60,211.2 1 0
claude-squad/ui/overlay/sessionSetup.go:214.39,218.16 2 0
claude-squad/ui/overlay/sessionSetup.go:219.18,221.8 1 0
claude-squad/ui/overlay/sessionSetup.go:222.20,223.29 1 0
claude-squad/ui/overlay/sessionSetup.go:223.30,225.4 0 0
claude-squad/ui/overlay/sessionSetup.go:226.3,226.8 1 0
claude-squad/ui/overlay/sessionSetup.go:227.22,228.28 1 0
claude-squad/ui/overlay/sessionSetup.go:228.28,230.4 1 0
claude-squad/ui/overlay/sessionSetup.go:231.21,232.26 1 0
claude-squad/ui/overlay/sessionSetup.go:232.26,234.4 1 0
claude-squad/ui/overlay/sessionSetup.go:235.20,236.32 1 0
claude-squad/ui/overlay/sessionSetup.go:236.32,238.4 1 0
claude-squad/ui/overlay/sessionSetup.go:239.18,240.30 1 0
claude-squad/ui/overlay/sessionSetup.go:240.30,242.4 1 0
claude-squad/ui/overlay/sessionSetup.go:247.38,253.31 2 0
claude-squad/ui/overlay/sessionSetup.go:253.31,255.3 1 0
claude-squad/ui/overlay/sessionSetup.go:257.2,257.27 1 0
claude-squad/ui/overlay/sessionSetup.go:257.27,259.3 1 0
claude-squad/ui/overlay/sessionSetup.go:261.2,261.25 1 0
claude-squad/ui/overlay/sessionSetup.go:261.25,263.3 1 0
claude-squad/ui/overlay/sessionSetup.go:265.2,265.31 1 0
claude-squad/ui/overlay/sessionSetup.go:265.31,267.3 1 0
claude-squad/ui/overlay/sessionSetup.go:269.2,269.29 1 0
claude-squad/ui/overlay/sessionSetup.go:269.29,271.3 1 0
claude-squad/ui/overlay/sessionSetup.go:275.42,279.16 2 0
claude-squad/ui/overlay/sessionSetup.go:280.18,283.26 2 0
claude-squad/ui/overlay/sessionSetup.go:283.26,287.4 3 0
claude-squad/ui/overlay/sessionSetup.go:289.3,290.22 2 0
claude-squad/ui/overlay/sessionSetup.go:290.22,292.4 1 0
claude-squad/ui/overlay/sessionSetup.go:295.3,295.24 1 0
claude-squad/ui/overlay/sessionSetup.go:297.20,298.36 1 0
claude-squad/ui/overlay/sessionSetup.go:298.36,301.18 2 0
claude-squad/ui/overlay/sessionSetup.go:301.18,304.5 2 0
claude-squad/ui/overlay/sessionSetup.go:305.4,307.24 2 0
claude-squad/ui/overlay/sessionSetup.go:308.9,308.45 1 0
claude-squad/ui/overlay/sessionSetup.go:308.45,312.4 2 0
claude-squad/ui/overlay/sessionSetup.go:312.9,316.4 2 0
claude-squad/ui/overlay/sessionSetup.go:318.20,321.23 2 0
claude-squad/ui/overlay/sessionSetup.go:323.22,325.23 1 0
claude-squad/ui/overlay/sessionSetup.go:325.23,328.4 2 0
claude-squad/ui/overlay/sessionSetup.go:329.3,330.27 2 0
claude-squad/ui/overlay/sessionSetup.go:332.21,334.22 1 0
claude-squad/ui/overlay/sessionSetup.go:336.20,338.31 1 0
claude-squad/ui/overlay/sessionSetup.go:338.31,341.4 2 0
claude-squad/ui/overlay/sessionSetup.go:342.3,342.23 1 0
claude-squad/ui/overlay/sessionSetup.go:344.18,345.30 1 0
claude-squad/ui/overlay/sessionSetup.go:345.30,348.4 1 0
claude-squad/ui/overlay/sessionSetup.go:348.9,351.4 1 0
claude-squad/ui/overlay/sessionSetup.go:353.19,355.26 1 0
claude-squad/ui/overlay/sessionSetup.go:355.26,359.18 3 0
claude-squad/ui/overlay/sessionSetup.go:359.18,361.5 1 0
claude-squad/ui/overlay/sessionSetup.go:363.4,364.30 2 0
claude-squad/ui/overlay/sessionSetup.go:364.30,366.19 2 0
claude-squad/ui/overlay/sessionSetup.go:366.19,368.6 1 0
claude-squad/ui/overlay/sessionSetup.go:371.4,381.26 2 0
claude-squad/ui/overlay/sessionSetup.go:386.2,386.14 1 0
claude-squad/ui/overlay/sessionSetup.go:390.42,391.16 1 0
claude-squad/ui/overlay/sessionSetup.go:392.18,394.24 1 0
claude-squad/ui/overlay/sessionSetup.go:394.24,396.4 1 0
claude-squad/ui/overlay/sessionSetup.go:398.20,399.22 1 0
claude-squad/ui/overlay/sessionSetup.go:401.20,402.24 1 0
claude-squad/ui/overlay/sessionSetup.go:404.22,405.24 1 0
claude-squad/ui/overlay/sessionSetup.go:407.21,409.28 2 0
claude-squad/ui/overlay/sessionSetup.go:409.28,411.4 1 0
claude-squad/ui/overlay/sessionSetup.go:413.20,414.24 1 0
claude-squad/ui/overlay/sessionSetup.go:416.18,418.38 1 0
claude-squad/ui/overlay/sessionSetup.go:418.38,420.27 2 0
claude-squad/ui/overlay/sessionSetup.go:420.27,422.5 1 0
claude-squad/ui/overlay/sessionSetup.go:423.9,425.4 1 0
claude-squad/ui/overlay/sessionSetup.go:427.19,429.36 1 0
claude-squad/ui/overlay/sessionSetup.go:429.36,431.4 1 0
claude-squad/ui/overlay/sessionSetup.go:431.9,431.45 1 0
claude-squad/ui/overlay/sessionSetup.go:431.45,432.31 1 0
claude-squad/ui/overlay/sessionSetup.go:432.31,434.5 1 0
claude-squad/ui/overlay/sessionSetup.go:434.10,436.32 2 0
claude-squad/ui/overlay/sessionSetup.go:436.32,438.6 1 0
claude-squad/ui/overlay/sessionSetup.go:440.9,442.33 2 0
claude-squad/ui/overlay/sessionSetup.go:442.33,444.5 1 0
claude-squad/ui/overlay/sessionSetup.go:449.2,449.14 1 0
claude-squad/ui/overlay/sessionSetup.go:453.56,454.27 1 0
claude-squad/ui/overlay/sessionSetup.go:454.27,471.58 6 0
claude-squad/ui/overlay/sessionSetup.go:471.58,476.18 3 0
claude-squad/ui/overlay/sessionSetup.go:476.18,478.5 1 0
claude-squad/ui/overlay/sessionSetup.go:481.4,481.25 1 0
claude-squad/ui/overlay/sessionSetup.go:481.25,484.5 2 0
claude-squad/ui/overlay/sessionSetup.go:487.4,487.26 1 0
claude-squad/ui/overlay/sessionSetup.go:487.26,490.5 2 0
claude-squad/ui/overlay/sessionSetup.go:492.4,494.16 3 0
claude-squad/ui/overlay/sessionSetup.go:497.3,497.37 1 0
claude-squad/ui/overlay/sessionSetup.go:497.37,499.4 1 0
claude-squad/ui/overlay/sessionSetup.go:501.3,502.25 2 0
claude-squad/ui/overlay/sessionSetup.go:507.54,508.25 1 0
claude-squad/ui/overlay/sessionSetup.go:508.25,513.17 3 0
claude-squad/ui/overlay/sessionSetup.go:513.17,516.4 2 0
claude-squad/ui/overlay/sessionSetup.go:519.3,524.36 2 0
claude-squad/ui/overlay/sessionSetup.go:524.36,527.4 1 0
claude-squad/ui/overlay/sessionSetup.go:527.9,530.18 2 0
claude-squad/ui/overlay/sessionSetup.go:530.18,531.30 1 0
claude-squad/ui/overlay/sessionSetup.go:531.30,534.20 2 0
claude-squad/ui/overlay/sessionSetup.go:534.20,539.7 1 0
claude-squad/ui/overlay/sessionSetup.go:544.3,547.56 2 0
claude-squad/ui/overlay/sessionSetup.go:547.56,551.26 2 0
claude-squad/ui/overlay/sessionSetup.go:551.26,553.56 2 0
claude-squad/ui/overlay/sessionSetup.go:553.56,556.6 2 0
claude-squad/ui/overlay/sessionSetup.go:559.4,560.16 2 0
claude-squad/ui/overlay/sessionSetup.go:563.3,563.35 1 0
claude-squad/ui/overlay/sessionSetup.go:563.35,565.4 1 0
claude-squad/ui/overlay/sessionSetup.go:567.3,568.23 2 0
claude-squad/ui/overlay/sessionSetup.go:573.55,575.79 2 0
claude-squad/ui/overlay/sessionSetup.go:575.79,577.16 1 0
claude-squad/ui/overlay/sessionSetup.go:577.16,579.4 1 0
claude-squad/ui/overlay/sessionSetup.go:582.3,582.63 1 0
claude-squad/ui/overlay/sessionSetup.go:582.63,584.4 1 0
claude-squad/ui/overlay/sessionSetup.go:587.3,587.19 1 0
claude-squad/ui/overlay/sessionSetup.go:587.19,593.75 3 0
claude-squad/ui/overlay/sessionSetup.go:593.75,595.5 1 0
claude-squad/ui/overlay/sessionSetup.go:598.3,598.13 1 0
claude-squad/ui/overlay/sessionSetup.go:601.2,601.18 1 0
claude-squad/ui/overlay/sessionSetup.go:605.54,606.31 1 0
claude-squad/ui/overlay/sessionSetup.go:606.31,621.62 5 0
claude-squad/ui/overlay/sessionSetup.go:621.62,626.18 3 0
claude-squad/ui/overlay/sessionSetup.go:626.18,628.5 1 0
claude-squad/ui/overlay/sessionSetup.go:633.4,633.25 1 0
claude-squad/ui/overlay/sessionSetup.go:633.25,636.5 1 0
claude-squad/ui/overlay/sessionSetup.go:636.10,638.5 1 0
claude-squad/ui/overlay/sessionSetup.go:640.4,641.16 2 0
claude-squad/ui/overlay/sessionSetup.go:644.3,644.41 1 0
claude-squad/ui/overlay/sessionSetup.go:644.41,646.4 1 0
claude-squad/ui/overlay/sessionSetup.go:648.3,649.29 2 0
claude-squad/ui/overlay/sessionSetup.go:654.52,655.29 1 0
claude-squad/ui/overlay/sessionSetup.go:655.29,660.17 3 0
claude-squad/ui/overlay/sessionSetup.go:660.17,663.4 1 0
claude-squad/ui/overlay/sessionSetup.go:667.3,675.60 3 0
claude-squad/ui/overlay/sessionSetup.go:675.60,682.4 3 0
claude-squad/ui/overlay/sessionSetup.go:684.3,684.39 1 0
claude-squad/ui/overlay/sessionSetup.go:684.39,686.4 1 0
claude-squad/ui/overlay/sessionSetup.go:688.3,689.27 2 0
claude-squad/ui/overlay/sessionSetup.go:694.59,695.16 1 0
claude-squad/ui/overlay/sessionSetup.go:695.16,697.3 1 0
claude-squad/ui/overlay/sessionSetup.go:700.2,700.37 1 0
claude-squad/ui/overlay/sessionSetup.go:700.37,701.19 1 0
claude-squad/ui/overlay/sessionSetup.go:702.19,704.25 1 0
claude-squad/ui/overlay/sessionSetup.go:704.25,706.5 1 0
claude-squad/ui/overlay/sessionSetup.go:707.4,707.14 1 0
claude-squad/ui/overlay/sessionSetup.go:709.21,711.54 1 0
claude-squad/ui/overlay/sessionSetup.go:711.54,714.5 2 0
claude-squad/ui/overlay/sessionSetup.go:714.10,714.37 1 0
claude-squad/ui/overlay/sessionSetup.go:714.37,717.5 2 0
claude-squad/ui/overlay/sessionSetup.go:717.10,717.62 1 0
claude-squad/ui/overlay/sessionSetup.go:717.62,720.5 2 0
claude-squad/ui/overlay/sessionSetup.go:720.10,720.36 1 0
claude-squad/ui/overlay/sessionSetup.go:720.36,723.5 2 0
claude-squad/ui/overlay/sessionSetup.go:725.19,727.28 1 0
claude-squad/ui/overlay/sessionSetup.go:727.28,729.34 1 0
claude-squad/ui/overlay/sessionSetup.go:729.34,731.6 1 0
claude-squad/ui/overlay/sessionSetup.go:731.11,733.6 1 0
claude-squad/ui/overlay/sessionSetup.go:734.5,734.15 1 0
claude-squad/ui/overlay/sessionSetup.go:735.10,735.37 1 0
claude-squad/ui/overlay/sessionSetup.go:735.37,737.29 1 0
claude-squad/ui/overlay/sessionSetup.go:738.20,739.36 1 0
claude-squad/ui/overlay/sessionSetup.go:740.22,741.35 1 0
claude-squad/ui/overlay/sessionSetup.go:742.21,743.34 1 0
claude-squad/ui/overlay/sessionSetup.go:745.5,745.15 1 0
claude-squad/ui/overlay/sessionSetup.go:746.10,746.35 1 0
claude-squad/ui/overlay/sessionSetup.go:746.35,748.32 1 0
claude-squad/ui/overlay/sessionSetup.go:748.32,750.6 1 0
claude-squad/ui/overlay/sessionSetup.go:750.11,752.6 1 0
claude-squad/ui/overlay/sessionSetup.go:753.5,753.15 1 0
claude-squad/ui/overlay/sessionSetup.go:756.18,758.28 1 0
claude-squad/ui/overlay/sessionSetup.go:758.28,762.5 2 0
claude-squad/ui/overlay/sessionSetup.go:762.10,762.37 1 0
claude-squad/ui/overlay/sessionSetup.go:762.37,764.29 1 0
claude-squad/ui/overlay/sessionSetup.go:765.20,766.35 1 0
claude-squad/ui/overlay/sessionSetup.go:767.22,768.34 1 0
claude-squad/ui/overlay/sessionSetup.go:769.21,770.36 1 0
claude-squad/ui/overlay/sessionSetup.go:772.5,772.15 1 0
claude-squad/ui/overlay/sessionSetup.go:773.10,773.35 1 0
claude-squad/ui/overlay/sessionSetup.go:773.35,777.5 2 0
claude-squad/ui/overlay/sessionSetup.go:779.20,781.28 1 0
claude-squad/ui/overlay/sessionSetup.go:781.28,785.5 2 0
claude-squad/ui/overlay/sessionSetup.go:785.10,785.37 1 0
claude-squad/ui/overlay/sessionSetup.go:785.37,787.29 1 0
claude-squad/ui/overlay/sessionSetup.go:788.20,789.36 1 0
claude-squad/ui/overlay/sessionSetup.go:790.22,791.35 1 0
claude-squad/ui/overlay/sessionSetup.go:792.21,793.34 1 0
claude-squad/ui/overlay/sessionSetup.go:795.5,795.15 1 0
claude-squad/ui/overlay/sessionSetup.go:796.10,796.35 1 0
claude-squad/ui/overlay/sessionSetup.go:796.35,800.5 2 0
claude-squad/ui/overlay/sessionSetup.go:805.2,806.16 2 0
claude-squad/ui/overlay/sessionSetup.go:807.18,808.38 1 0
claude-squad/ui/overlay/sessionSetup.go:808.38,810.55 1 0
claude-squad/ui/overlay/sessionSetup.go:810.55,812.5 1 0
claude-squad/ui/overlay/sessionSetup.go:812.10,812.68 1 0
claude-squad/ui/overlay/sessionSetup.go:812.68,814.5 1 0
claude-squad/ui/overlay/sessionSetup.go:817.20,818.64 1 0
claude-squad/ui/overlay/sessionSetup.go:818.64,820.4 1 0
claude-squad/ui/overlay/sessionSetup.go:822.22,823.28 1 0
claude-squad/ui/overlay/sessionSetup.go:823.28,825.4 1 0
claude-squad/ui/overlay/sessionSetup.go:827.21,828.26 1 0
claude-squad/ui/overlay/sessionSetup.go:828.26,830.4 1 0
claude-squad/ui/overlay/sessionSetup.go:832.20,833.32 1 0
claude-squad/ui/overlay/sessionSetup.go:833.32,835.4 1 0
claude-squad/ui/overlay/sessionSetup.go:837.18,838.62 1 0
claude-squad/ui/overlay/sessionSetup.go:838.62,840.4 1 0
claude-squad/ui/overlay/sessionSetup.go:843.2,843.12 1 0
claude-squad/ui/overlay/sessionSetup.go:847.45,848.16 1 0
claude-squad/ui/overlay/sessionSetup.go:848.16,850.3 1 0
claude-squad/ui/overlay/sessionSetup.go:852.2,869.16 8 0
claude-squad/ui/overlay/sessionSetup.go:870.18,871.39 1 0
claude-squad/ui/overlay/sessionSetup.go:873.20,874.41 1 0
claude-squad/ui/overlay/sessionSetup.go:876.20,879.99 3 0
claude-squad/ui/overlay/sessionSetup.go:881.22,882.28 1 0
claude-squad/ui/overlay/sessionSetup.go:882.28,884.4 1 0
claude-squad/ui/overlay/sessionSetup.go:884.9,886.4 1 0
claude-squad/ui/overlay/sessionSetup.go:888.21,889.26 1 0
claude-squad/ui/overlay/sessionSetup.go:889.26,891.4 1 0
claude-squad/ui/overlay/sessionSetup.go:891.9,893.4 1 0
claude-squad/ui/overlay/sessionSetup.go:895.20,896.32 1 0
claude-squad/ui/overlay/sessionSetup.go:896.32,898.4 1 0
claude-squad/ui/overlay/sessionSetup.go:898.9,900.4 1 0
claude-squad/ui/overlay/sessionSetup.go:902.18,909.30 4 0
claude-squad/ui/overlay/sessionSetup.go:909.30,911.4 1 0
claude-squad/ui/overlay/sessionSetup.go:911.9,913.4 1 0
claude-squad/ui/overlay/sessionSetup.go:916.3,921.35 4 0
claude-squad/ui/overlay/sessionSetup.go:921.35,922.31 1 0
claude-squad/ui/overlay/sessionSetup.go:922.31,924.5 1 0
claude-squad/ui/overlay/sessionSetup.go:924.10,926.5 1 0
claude-squad/ui/overlay/sessionSetup.go:927.9,929.4 1 0
claude-squad/ui/overlay/sessionSetup.go:931.19,932.40 1 0
claude-squad/ui/overlay/sessionSetup.go:936.2,936.19 1 0
claude-squad/ui/overlay/sessionSetup.go:936.19,939.3 2 0
claude-squad/ui/overlay/sessionSetup.go:942.2,945.20 3 0
claude-squad/ui/overlay/sessionSetup.go:949.55,954.34 4 0
claude-squad/ui/overlay/sessionSetup.go:954.34,955.24 1 0
claude-squad/ui/overlay/sessionSetup.go:955.24,957.4 1 0
claude-squad/ui/overlay/sessionSetup.go:957.9,957.32 1 0
claude-squad/ui/overlay/sessionSetup.go:957.32,959.4 1 0
claude-squad/ui/overlay/sessionSetup.go:959.9,961.4 1 0
claude-squad/ui/overlay/sessionSetup.go:964.2,967.54 2 0
claude-squad/ui/overlay/sessionSetup.go:971.57,984.31 6 0
claude-squad/ui/overlay/sessionSetup.go:984.31,986.3 1 0
claude-squad/ui/overlay/sessionSetup.go:987.2,994.34 6 0
claude-squad/ui/overlay/sessionSetup.go:994.34,996.3 1 0
claude-squad/ui/overlay/sessionSetup.go:997.2,1008.20 7 0
claude-squad/ui/overlay/sessionSetup.go:1012.59,1035.30 6 0
claude-squad/ui/overlay/sessionSetup.go:1035.30,1039.17 3 0
claude-squad/ui/overlay/sessionSetup.go:1039.17,1046.4 1 0
claude-squad/ui/overlay/sessionSetup.go:1046.9,1052.4 1 0
claude-squad/ui/overlay/sessionSetup.go:1054.3,1056.23 3 0
claude-squad/ui/overlay/sessionSetup.go:1060.2,1065.20 3 0
claude-squad/ui/overlay/sessionSetup.go:1069.58,1093.45 9 0
claude-squad/ui/overlay/sessionSetup.go:1093.45,1095.3 1 0
claude-squad/ui/overlay/sessionSetup.go:1096.2,1098.22 2 0
claude-squad/ui/overlay/sessionSetup.go:1098.22,1100.3 1 0
claude-squad/ui/overlay/sessionSetup.go:1103.2,1103.35 1 0
claude-squad/ui/overlay/sessionSetup.go:1103.35,1107.45 4 0
claude-squad/ui/overlay/sessionSetup.go:1107.45,1109.4 1 0
claude-squad/ui/overlay/sessionSetup.go:1110.3,1110.94 1 0
claude-squad/ui/overlay/sessionSetup.go:1111.8,1113.3 1 0
claude-squad/ui/overlay/sessionSetup.go:1115.2,1124.20 5 0
claude-squad/ui/overlay/textInput.go:22.79,42.2 9 0
claude-squad/ui/overlay/textInput.go:44.55,48.2 3 0
claude-squad/ui/overlay/textInput.go:51.43,53.2 1 0
claude-squad/ui/overlay/textInput.go:56.42,58.2 1 0
claude-squad/ui/overlay/textInput.go:62.64,63.18 1 0
claude-squad/ui/overlay/textInput.go:64.18,67.24 2 0
claude-squad/ui/overlay/textInput.go:67.24,69.4 1 0
claude-squad/ui/overlay/textInput.go:69.9,71.4 1 0
claude-squad/ui/overlay/textInput.go:72.3,72.15 1 0
claude-squad/ui/overlay/textInput.go:73.23,76.24 2 0
claude-squad/ui/overlay/textInput.go:76.24,78.4 1 0
claude-squad/ui/overlay/textInput.go:78.9,80.4 1 0
claude-squad/ui/overlay/textInput.go:81.3,81.15 1 0
claude-squad/ui/overlay/textInput.go:82.18,85.24 2 0
claude-squad/ui/overlay/textInput.go:85.24,87.4 1 0
claude-squad/ui/overlay/textInput.go:88.3,88.14 1 0
claude-squad/ui/overlay/textInput.go:89.20,90.52 1 0
claude-squad/ui/overlay/textInput.go:90.52,93.25 2 0
claude-squad/ui/overlay/textInput.go:93.25,95.5 1 0
claude-squad/ui/overlay/textInput.go:96.4,96.15 1 0
claude-squad/ui/overlay/textInput.go:98.3,98.14 1 0
claude-squad/ui/overlay/textInput.go:99.10,100.24 1 0
claude-squad/ui/overlay/textInput.go:100.24,102.4 1 0
claude-squad/ui/overlay/textInput.go:103.3,103.15 1 0
claude-squad/ui/overlay/textInput.go:108.46,110.2 1 0
claude-squad/ui/overlay/textInput.go:113.47,115.2 1 0
claude-squad/ui/overlay/textInput.go:118.46,120.2 1 0
claude-squad/ui/overlay/textInput.go:123.57,125.2 1 0
claude-squad/ui/overlay/textInput.go:128.72,129.22 1 0
claude-squad/ui/overlay/textInput.go:129.22,130.22 1 0
claude-squad/ui/overlay/textInput.go:130.22,132.4 1 0
claude-squad/ui/overlay/textInput.go:137.57,140.2 1 0
claude-squad/ui/overlay/textInput.go:143.44,172.23 10 0
claude-squad/ui/overlay/textInput.go:172.23,174.3 1 0
claude-squad/ui/overlay/textInput.go:174.8,176.3 1 0
claude-squad/ui/overlay/textInput.go:177.2,179.30 2 0
claude-squad/ui/overlay/textOverlay.go:21.50,26.2 1 0
claude-squad/ui/overlay/textOverlay.go:30.59,34.24 2 0
claude-squad/ui/overlay/textOverlay.go:34.24,36.3 1 0
claude-squad/ui/overlay/textOverlay.go:37.2,37.13 1 0
claude-squad/ui/overlay/textOverlay.go:41.63,51.2 2 0
claude-squad/ui/overlay/textOverlay.go:53.43,55.2 1 0
claude-squad/ui/overlay/worktreeSelector.go:41.46,43.2 1 0
claude-squad/ui/overlay/worktreeSelector.go:46.47,51.24 3 0
claude-squad/ui/overlay/worktreeSelector.go:51.24,53.3 1 0
claude-squad/ui/overlay/worktreeSelector.go:53.8,53.31 1 0
claude-squad/ui/overlay/worktreeSelector.go:53.31,55.3 1 0
claude-squad/ui/overlay/worktreeSelector.go:55.8,55.33 1 0
claude-squad/ui/overlay/worktreeSelector.go:55.33,57.3 1 0
claude-squad/ui/overlay/worktreeSelector.go:57.8,57.34 1 0
claude-squad/ui/overlay/worktreeSelector.go:57.34,59.3 1 0
claude-squad/ui/overlay/worktreeSelector.go:59.8,61.3 1 0
claude-squad/ui/overlay/worktreeSelector.go:63.2,64.15 2 0
claude-squad/ui/overlay/worktreeSelector.go:64.15,66.3 1 0
claude-squad/ui/overlay/worktreeSelector.go:68.2,68.87 1 0
claude-squad/ui/overlay/worktreeSelector.go:72.38,74.2 1 0
claude-squad/ui/overlay/worktreeSelector.go:84.40,90.2 1 0
claude-squad/ui/overlay/worktreeSelector.go:93.71,99.2 4 0
claude-squad/ui/overlay/worktreeSelector.go:102.60,107.2 3 0
claude-squad/ui/overlay/worktreeSelector.go:110.58,115.39 4 0
claude-squad/ui/overlay/worktreeSelector.go:115.39,117.3 1 0
claude-squad/ui/overlay/worktreeSelector.go:120.2,120.44 1 0
claude-squad/ui/overlay/worktreeSelector.go:120.44,122.3 1 0
claude-squad/ui/overlay/worktreeSelector.go:124.2,124.18 1 0
claude-squad/ui/overlay/worktreeSelector.go:128.78,133.39 4 0
claude-squad/ui/overlay/worktreeSelector.go:133.39,134.36 1 0
claude-squad/ui/overlay/worktreeSelector.go:134.36,136.4 1 0
claude-squad/ui/overlay/worktreeSelector.go:140.2,140.44 1 0
claude-squad/ui/overlay/worktreeSelector.go:140.44,142.3 1 0
claude-squad/ui/overlay/worktreeSelector.go:144.2,144.18 1 0
claude-squad/ui/overlay/worktreeSelector.go:148.65,154.16 4 0
claude-squad/ui/overlay/worktreeSelector.go:154.16,156.3 1 0
claude-squad/ui/overlay/worktreeSelector.go:159.2,165.37 4 0
claude-squad/ui/overlay/worktreeSelector.go:165.37,167.3 1 0
claude-squad/ui/overlay/worktreeSelector.go:169.2,171.12 2 0
claude-squad/ui/overlay/worktreeSelector.go:175.74,181.39 3 0
claude-squad/ui/overlay/worktreeSelector.go:181.39,182.18 1 0
claude-squad/ui/overlay/worktreeSelector.go:182.18,183.12 1 0
claude-squad/ui/overlay/worktreeSelector.go:186.3,191.30 3 0
claude-squad/ui/overlay/worktreeSelector.go:191.30,192.18 1 0
claude-squad/ui/overlay/worktreeSelector.go:192.18,193.13 1 0
claude-squad/ui/overlay/worktreeSelector.go:196.4,197.23 2 0
claude-squad/ui/overlay/worktreeSelector.go:197.23,198.13 1 0
claude-squad/ui/overlay/worktreeSelector.go:201.4,203.15 2 0
claude-squad/ui/overlay/worktreeSelector.go:204.20,205.17 1 0
claude-squad/ui/overlay/worktreeSelector.go:206.18,207.48 1 0
claude-squad/ui/overlay/worktreeSelector.go:207.48,209.6 1 0
claude-squad/ui/overlay/worktreeSelector.go:209.11,211.6 1 0
claude-squad/ui/overlay/worktreeSelector.go:212.16,213.19 1 0
claude-squad/ui/overlay/worktreeSelector.go:218.3,219.50 2 0
claude-squad/ui/overlay/worktreeSelector.go:219.50,221.4 1 0
claude-squad/ui/overlay/worktreeSelector.go:224.3,225.13 2 0
claude-squad/ui/overlay/worktreeSelector.go:225.13,227.18 2 0
claude-squad/ui/overlay/worktreeSelector.go:227.18,229.5 1 0
claude-squad/ui/overlay/worktreeSelector.go:233.3,233.17 1 0
claude-squad/ui/overlay/worktreeSelector.go:233.17,243.4 1 0
claude-squad/ui/overlay/worktreeSelector.go:246.2,246.18 1 0
claude-squad/ui/overlay/worktreeSelector.go:256.57,260.12 2 0
claude-squad/ui/overlay/worktreeSelector.go:260.12,261.58 1 0
claude-squad/ui/overlay/worktreeSelector.go:261.58,263.4 1 0
claude-squad/ui/overlay/worktreeSelector.go:266.2,269.3 1 0
claude-squad/ui/overlay/worktreeSelector.go:273.78,275.84 1 0
claude-squad/ui/overlay/worktreeSelector.go:275.84,276.62 1 0
claude-squad/ui/overlay/worktreeSelector.go:276.62,278.4 1 0
claude-squad/ui/overlay/worktreeSelector.go:282.2,286.37 3 0
claude-squad/ui/overlay/worktreeSelector.go:286.37,288.3 1 0
claude-squad/ui/overlay/worktreeSelector.go:290.2,290.19 1 0
claude-squad/ui/overlay/worktreeSelector.go:294.47,296.2 1 0
claude-squad/ui/overlay/worktreeSelector.go:299.78,301.2 1 0
claude-squad/ui/fuzzy/fuzzy.go:71.42,77.2 1 0
claude-squad/ui/fuzzy/fuzzy.go:80.66,89.2 1 0
claude-squad/ui/fuzzy/fuzzy.go:92.55,97.2 3 0
claude-squad/ui/fuzzy/fuzzy.go:100.50,105.2 3 0
claude-squad/ui/fuzzy/fuzzy.go:108.66,115.29 4 0
claude-squad/ui/fuzzy/fuzzy.go:115.29,117.3 1 0
claude-squad/ui/fuzzy/fuzzy.go:120.2,120.90 1 0
claude-squad/ui/fuzzy/fuzzy.go:120.90,122.22 2 0
claude-squad/ui/fuzzy/fuzzy.go:122.22,124.4 1 0
claude-squad/ui/fuzzy/fuzzy.go:129.61,134.2 3 0
claude-squad/ui/fuzzy/fuzzy.go:137.44,142.2 3 0
claude-squad/ui/fuzzy/fuzzy.go:145.54,150.2 3 0
claude-squad/ui/fuzzy/fuzzy.go:153.43,158.2 3 0
claude-squad/ui/fuzzy/fuzzy.go:161.43,166.2 3 0
claude-squad/ui/fuzzy/fuzzy.go:169.42,176.27 3 0
claude-squad/ui/fuzzy/fuzzy.go:176.27,181.13 3 0
claude-squad/ui/fuzzy/fuzzy.go:181.13,188.18 5 0
claude-squad/ui/fuzzy/fuzzy.go:188.18,192.5 3 0
claude-squad/ui/fuzzy/fuzzy.go:194.4,195.25 2 0
claude-squad/ui/fuzzy/fuzzy.go:197.3,197.9 1 0
claude-squad/ui/fuzzy/fuzzy.go:201.2,202.23 2 0
claude-squad/ui/fuzzy/fuzzy.go:206.52,207.17 1 0
claude-squad/ui/fuzzy/fuzzy.go:207.17,210.33 2 0
claude-squad/ui/fuzzy/fuzzy.go:210.33,216.4 1 0
claude-squad/ui/fuzzy/fuzzy.go:217.3,217.9 1 0
claude-squad/ui/fuzzy/fuzzy.go:221.2,222.32 2 0
claude-squad/ui/fuzzy/fuzzy.go:222.32,224.27 2 0
claude-squad/ui/fuzzy/fuzzy.go:224.27,230.4 1 0
claude-squad/ui/fuzzy/fuzzy.go:234.2,234.42 1 0
claude-squad/ui/fuzzy/fuzzy.go:234.42,236.3 1 0
claude-squad/ui/fuzzy/fuzzy.go:239.2,239.34 1 0
claude-squad/ui/fuzzy/fuzzy.go:239.34,241.3 1 0
claude-squad/ui/fuzzy/fuzzy.go:243.2,243.22 1 0
claude-squad/ui/fuzzy/fuzzy.go:248.56,250.23 1 0
claude-squad/ui/fuzzy/fuzzy.go:250.23,252.3 1 0
claude-squad/ui/fuzzy/fuzzy.go:255.2,255.21 1 0
claude-squad/ui/fuzzy/fuzzy.go:255.21,257.26 2 0
claude-squad/ui/fuzzy/fuzzy.go:257.26,259.4 1 0
claude-squad/ui/fuzzy/fuzzy.go:260.3,260.22 1 0
claude-squad/ui/fuzzy/fuzzy.go:264.2,268.48 3 0
claude-squad/ui/fuzzy/fuzzy.go:268.48,270.26 2 0
claude-squad/ui/fuzzy/fuzzy.go:270.26,272.4 1 0
claude-squad/ui/fuzzy/fuzzy.go:273.3,273.22 1 0
claude-squad/ui/fuzzy/fuzzy.go:277.2,277.47 1 0
claude-squad/ui/fuzzy/fuzzy.go:277.47,280.26 3 0
claude-squad/ui/fuzzy/fuzzy.go:280.26,282.4 1 0
claude-squad/ui/fuzzy/fuzzy.go:283.3,283.22 1 0
claude-squad/ui/fuzzy/fuzzy.go:287.2,291.40 3 0
claude-squad/ui/fuzzy/fuzzy.go:291.40,292.78 1 0
claude-squad/ui/fuzzy/fuzzy.go:292.78,295.4 2 0
claude-squad/ui/fuzzy/fuzzy.go:296.3,296.6 1 0
claude-squad/ui/fuzzy/fuzzy.go:300.2,300.22 1 0
claude-squad/ui/fuzzy/fuzzy.go:300.22,302.3 1 0
claude-squad/ui/fuzzy/fuzzy.go:309.2,313.36 3 0
claude-squad/ui/fuzzy/fuzzy.go:313.36,315.14 2 0
claude-squad/ui/fuzzy/fuzzy.go:315.14,317.4 1 0
claude-squad/ui/fuzzy/fuzzy.go:321.2,322.22 2 0
claude-squad/ui/fuzzy/fuzzy.go:322.22,324.3 1 0
claude-squad/ui/fuzzy/fuzzy.go:327.2,332.15 3 0
claude-squad/ui/fuzzy/fuzzy.go:332.15,334.3 1 0
claude-squad/ui/fuzzy/fuzzy.go:334.8,334.22 1 0
claude-squad/ui/fuzzy/fuzzy.go:334.22,336.3 1 0
claude-squad/ui/fuzzy/fuzzy.go:338.2,338.23 1 0
claude-squad/ui/fuzzy/fuzzy.go:347.49,349.2 1 0
claude-squad/ui/fuzzy/fuzzy.go:351.50,353.2 1 0
claude-squad/ui/fuzzy/fuzzy.go:355.41,357.2 1 0
claude-squad/ui/fuzzy/fuzzy.go:360.55,362.29 2 0
claude-squad/ui/fuzzy/fuzzy.go:362.29,367.3 1 0
claude-squad/ui/fuzzy/fuzzy.go:368.2,368.15 1 0
claude-squad/ui/debounce/debounce.go:17.42,22.2 1 0
claude-squad/ui/debounce/debounce.go:26.46,31.20 3 0
claude-squad/ui/debounce/debounce.go:31.20,33.3 1 0
claude-squad/ui/debounce/debounce.go:36.2,39.43 2 0
claude-squad/ui/debounce/debounce.go:39.43,44.22 4 0
claude-squad/ui/debounce/debounce.go:44.22,46.4 1 0
claude-squad/ui/debounce/debounce.go:51.30,55.20 3 0
claude-squad/ui/debounce/debounce.go:55.20,58.3 2 0
claude-squad/ui/debounce/debounce.go:62.46,67.20 3 0
claude-squad/ui/debounce/debounce.go:67.20,70.3 2 0
claude-squad/ui/debounce/debounce.go:73.2,73.21 1 0
claude-squad/ui/debounce/debounce.go:73.21,75.3 1 0
claude-squad/ui/debounce/debounce.go:79.51,84.2 3 0
claude-squad/ui/debounce/debounce.go:87.37,92.2 3 0
claude-squad/session/git/diff.go:20.36,22.2 1 0
claude-squad/session/git/diff.go:25.41,30.16 3 0
claude-squad/session/git/diff.go:30.16,33.3 2 0
claude-squad/session/git/diff.go:35.2,36.16 2 0
claude-squad/session/git/diff.go:36.16,39.3 2 0
claude-squad/session/git/diff.go:40.2,41.29 2 0
claude-squad/session/git/diff.go:41.29,42.70 1 0
claude-squad/session/git/diff.go:42.70,44.4 1 0
claude-squad/session/git/diff.go:44.9,44.77 1 0
claude-squad/session/git/diff.go:44.77,46.4 1 0
claude-squad/session/git/diff.go:48.2,50.14 2 0
claude-squad/session/git/util.go:16.42,36.2 8 1
claude-squad/session/git/util.go:39.25,41.47 1 0
claude-squad/session/git/util.go:41.47,43.3 1 0
claude-squad/session/git/util.go:46.2,47.34 2 0
claude-squad/session/git/util.go:47.34,49.3 1 0
claude-squad/session/git/util.go:51.2,51.12 1 0
claude-squad/session/git/util.go:55.34,56.6 1 0
claude-squad/session/git/util.go:56.6,58.17 2 0
claude-squad/session/git/util.go:58.17,60.4 1 0
claude-squad/session/git/util.go:62.3,63.21 2 0
claude-squad/session/git/util.go:63.21,65.4 1 0
claude-squad/session/git/util.go:66.3,66.16 1 0
claude-squad/session/git/util.go:70.51,72.6 2 0
claude-squad/session/git/util.go:72.6,74.17 2 0
claude-squad/session/git/util.go:74.17,77.4 1 0
claude-squad/session/git/util.go:79.3,80.28 2 0
claude-squad/session/git/util.go:80.28,83.4 1 0
claude-squad/session/git/util.go:84.3,84.23 1 0
claude-squad/session/git/worktree.go:11.45,13.16 2 0
claude-squad/session/git/worktree.go:13.16,15.3 1 0
claude-squad/session/git/worktree.go:17.2,17.51 1 0
claude-squad/session/git/worktree.go:34.144,42.2 1 0
claude-squad/session/git/worktree.go:45.108,52.16 5 0
claude-squad/session/git/worktree.go:52.16,56.3 2 0
claude-squad/session/git/worktree.go:58.2,59.16 2 0
claude-squad/session/git/worktree.go:59.16,61.3 1 0
claude-squad/session/git/worktree.go:63.2,64.16 2 0
claude-squad/session/git/worktree.go:64.16,66.3 1 0
claude-squad/session/git/worktree.go:68.2,76.20 3 0
claude-squad/session/git/worktree.go:80.48,82.2 1 0
claude-squad/session/git/worktree.go:85.46,87.2 1 0
claude-squad/session/git/worktree.go:90.44,92.2 1 0
claude-squad/session/git/worktree.go:95.44,97.2 1 0
claude-squad/session/git/worktree.go:100.49,102.2 1 0
claude-squad/session/git/worktree_branch.go:12.73,16.103 2 0
claude-squad/session/git/worktree_branch.go:16.103,18.3 1 0
claude-squad/session/git/worktree_branch.go:21.2,25.112 2 0
claude-squad/session/git/worktree_branch.go:25.112,27.3 1 0
claude-squad/session/git/worktree_branch.go:30.2,31.16 2 0
claude-squad/session/git/worktree_branch.go:31.16,33.3 1 0
claude-squad/session/git/worktree_branch.go:35.2,39.51 4 0
claude-squad/session/git/worktree_branch.go:39.51,41.3 1 0
claude-squad/session/git/worktree_branch.go:43.2,43.12 1 0
claude-squad/session/git/worktree_branch.go:47.57,48.20 1 0
claude-squad/session/git/worktree_branch.go:48.20,50.3 1 0
claude-squad/session/git/worktree_branch.go:51.2,51.20 1 0
claude-squad/session/git/worktree_branch.go:51.20,53.3 1 0
claude-squad/session/git/worktree_branch.go:55.2,56.27 2 0
claude-squad/session/git/worktree_branch.go:56.27,58.3 1 0
claude-squad/session/git/worktree_branch.go:59.2,59.27 1 0
claude-squad/session/git/worktree_git.go:11.82,16.16 4 0
claude-squad/session/git/worktree_git.go:16.16,18.3 1 0
claude-squad/session/git/worktree_git.go:20.2,20.28 1 0
claude-squad/session/git/worktree_git.go:24.74,25.37 1 0
claude-squad/session/git/worktree_git.go:25.37,27.3 1 0
claude-squad/session/git/worktree_git.go:30.2,31.16 2 0
claude-squad/session/git/worktree_git.go:31.16,33.3 1 0
claude-squad/session/git/worktree_git.go:35.2,35.13 1 0
claude-squad/session/git/worktree_git.go:35.13,37.72 1 0
claude-squad/session/git/worktree_git.go:37.72,40.4 2 0
claude-squad/session/git/worktree_git.go:43.3,43.106 1 0
claude-squad/session/git/worktree_git.go:43.106,46.4 2 0
claude-squad/session/git/worktree_git.go:50.2,52.38 3 0
claude-squad/session/git/worktree_git.go:52.38,56.73 3 0
claude-squad/session/git/worktree_git.go:56.73,59.4 2 0
claude-squad/session/git/worktree_git.go:63.2,65.57 3 0
claude-squad/session/git/worktree_git.go:65.57,68.3 2 0
claude-squad/session/git/worktree_git.go:71.2,71.10 1 0
claude-squad/session/git/worktree_git.go:71.10,72.43 1 0
claude-squad/session/git/worktree_git.go:72.43,75.4 1 0
claude-squad/session/git/worktree_git.go:78.2,78.12 1 0
claude-squad/session/git/worktree_git.go:82.65,85.16 2 0
claude-squad/session/git/worktree_git.go:85.16,87.3 1 0
claude-squad/session/git/worktree_git.go:89.2,89.13 1 0
claude-squad/session/git/worktree_git.go:89.13,91.72 1 0
claude-squad/session/git/worktree_git.go:91.72,94.4 2 0
claude-squad/session/git/worktree_git.go:97.3,97.106 1 0
claude-squad/session/git/worktree_git.go:97.106,100.4 2 0
claude-squad/session/git/worktree_git.go:103.2,103.12 1 0
claude-squad/session/git/worktree_git.go:107.47,109.16 2 0
claude-squad/session/git/worktree_git.go:109.16,111.3 1 0
claude-squad/session/git/worktree_git.go:112.2,112.29 1 0
claude-squad/session/git/worktree_git.go:116.58,118.16 2 0
claude-squad/session/git/worktree_git.go:118.16,120.3 1 0
claude-squad/session/git/worktree_git.go:121.2,121.63 1 0
claude-squad/session/git/worktree_git.go:125.45,127.37 1 0
claude-squad/session/git/worktree_git.go:127.37,129.3 1 0
claude-squad/session/git/worktree_git.go:131.2,133.34 3 0
claude-squad/session/git/worktree_git.go:133.34,135.3 1 0
claude-squad/session/git/worktree_git.go:136.2,136.12 1 0
claude-squad/session/git/worktree_ops.go:16.37,19.16 2 0
claude-squad/session/git/worktree_ops.go:19.16,21.3 1 0
claude-squad/session/git/worktree_ops.go:24.2,28.12 3 0
claude-squad/session/git/worktree_ops.go:28.12,30.3 1 0
claude-squad/session/git/worktree_ops.go:33.2,33.12 1 0
claude-squad/session/git/worktree_ops.go:33.12,35.17 2 0
claude-squad/session/git/worktree_ops.go:35.17,38.4 2 0
claude-squad/session/git/worktree_ops.go:40.3,41.61 2 0
claude-squad/session/git/worktree_ops.go:41.61,43.4 1 0
claude-squad/session/git/worktree_ops.go:44.3,44.17 1 0
claude-squad/session/git/worktree_ops.go:48.2,48.25 1 0
claude-squad/session/git/worktree_ops.go:48.25,49.35 1 0
claude-squad/session/git/worktree_ops.go:49.35,51.4 1 0
claude-squad/session/git/worktree_ops.go:54.2,54.18 1 0
claude-squad/session/git/worktree_ops.go:54.18,56.3 1 0
claude-squad/session/git/worktree_ops.go:57.2,57.29 1 0
claude-squad/session/git/worktree_ops.go:61.55,68.104 2 0
claude-squad/session/git/worktree_ops.go:68.104,70.3 1 0
claude-squad/session/git/worktree_ops.go:72.2,72.12 1 0
claude-squad/session/git/worktree_ops.go:76.48,79.56 2 0
[...]
claude-squad/app/app.go:770.19,773.32 3 0
claude-squad/app/app.go:774.20,776.22 2 0
claude-squad/app/app.go:776.22,778.4 1 0
claude-squad/app/app.go:781.3,781.32 1 0
claude-squad/app/app.go:781.32,784.18 2 0
claude-squad/app/app.go:784.18,786.5 1 0
claude-squad/app/app.go:788.4,789.18 2 0
claude-squad/app/app.go:789.18,791.5 1 0
claude-squad/app/app.go:793.4,793.18 1 0
claude-squad/app/app.go:793.18,795.5 1 0
claude-squad/app/app.go:798.4,798.67 1 0
claude-squad/app/app.go:798.67,800.5 1 0
claude-squad/app/app.go:803.4,804.31 2 0
claude-squad/app/app.go:808.3,809.49 2 0
claude-squad/app/app.go:810.22,812.22 2 0
claude-squad/app/app.go:812.22,814.4 1 0
claude-squad/app/app.go:817.3,817.32 1 0
claude-squad/app/app.go:817.32,821.18 3 0
claude-squad/app/app.go:821.18,823.5 1 0
claude-squad/app/app.go:824.4,824.63 1 0
claude-squad/app/app.go:824.63,826.5 1 0
claude-squad/app/app.go:827.4,827.14 1 0
claude-squad/app/app.go:831.3,832.49 2 0
claude-squad/app/app.go:833.24,835.22 2 0
claude-squad/app/app.go:835.22,837.4 1 0
claude-squad/app/app.go:840.3,840.55 1 0
claude-squad/app/app.go:840.55,841.43 1 0
claude-squad/app/app.go:841.43,843.5 1 0
claude-squad/app/app.go:844.4,844.23 1 0
claude-squad/app/app.go:846.3,846.16 1 0
claude-squad/app/app.go:847.22,849.22 2 0
claude-squad/app/app.go:849.22,851.4 1 0
claude-squad/app/app.go:852.3,852.43 1 0
claude-squad/app/app.go:852.43,854.4 1 0
claude-squad/app/app.go:855.3,855.29 1 0
claude-squad/app/app.go:856.21,857.33 1 0
claude-squad/app/app.go:857.33,859.4 1 0
claude-squad/app/app.go:860.3,861.68 2 0
claude-squad/app/app.go:861.68,863.4 1 0
claude-squad/app/app.go:865.3,865.53 1 0
claude-squad/app/app.go:865.53,867.18 2 0
claude-squad/app/app.go:867.18,870.5 2 0
claude-squad/app/app.go:871.4,872.26 2 0
claude-squad/app/app.go:874.3,874.16 1 0
claude-squad/app/app.go:875.10,876.16 1 0
claude-squad/app/app.go:882.42,890.40 4 0
claude-squad/app/app.go:890.40,892.3 1 0
claude-squad/app/app.go:893.2,896.37 2 0
claude-squad/app/app.go:900.51,902.35 1 0
claude-squad/app/app.go:902.35,904.3 1 0
claude-squad/app/app.go:907.2,907.73 1 0
claude-squad/app/app.go:907.74,910.3 0 0
claude-squad/app/app.go:913.2,913.32 1 0
claude-squad/app/app.go:917.46,927.24 4 0
claude-squad/app/app.go:927.24,930.3 2 0
claude-squad/app/app.go:934.50,944.63 4 0
claude-squad/app/app.go:944.63,946.3 1 0
claude-squad/app/app.go:947.2,947.12 1 0
claude-squad/app/app.go:953.59,955.24 2 0
claude-squad/app/app.go:955.24,956.10 1 0
claude-squad/app/app.go:957.23,957.23 0 0
claude-squad/app/app.go:958.45,958.45 0 0
claude-squad/app/app.go:961.3,961.20 1 0
claude-squad/app/app.go:989.44,992.2 2 0
claude-squad/app/app.go:995.54,996.24 1 0
claude-squad/app/app.go:996.24,999.3 2 0
claude-squad/app/app.go:1003.49,1006.16 2 0
claude-squad/app/app.go:1006.16,1008.3 1 0
claude-squad/app/app.go:1011.2,1012.49 2 0
claude-squad/app/app.go:1012.49,1014.3 1 0
claude-squad/app/app.go:1017.2,1018.54 2 0
claude-squad/app/app.go:1018.54,1019.68 1 0
claude-squad/app/app.go:1019.68,1028.4 4 0
claude-squad/app/app.go:1032.2,1032.23 1 0
claude-squad/app/app.go:1032.23,1033.72 1 0
claude-squad/app/app.go:1033.72,1035.4 1 0
claude-squad/app/app.go:1036.3,1036.78 1 0
claude-squad/app/app.go:1039.2,1039.12 1 0
claude-squad/app/app.go:1044.47,1047.24 3 0
claude-squad/app/app.go:1047.24,1048.10 1 0
claude-squad/app/app.go:1049.23,1049.23 0 0
claude-squad/app/app.go:1050.38,1050.38 0 0
claude-squad/app/app.go:1053.3,1053.22 1 0
claude-squad/app/app.go:1058.70,1067.43 4 0
claude-squad/app/app.go:1067.43,1070.20 2 0
claude-squad/app/app.go:1070.20,1072.4 1 0
claude-squad/app/app.go:1075.2,1075.42 1 0
claude-squad/app/app.go:1075.42,1077.3 1 0
claude-squad/app/app.go:1079.2,1079.12 1 0
claude-squad/app/app.go:1083.55,1085.21 2 0
claude-squad/app/app.go:1085.21,1087.3 1 0
claude-squad/app/app.go:1090.2,1090.46 1 0
claude-squad/app/app.go:1090.46,1092.3 1 0
claude-squad/app/app.go:1095.2,1105.37 5 0
claude-squad/app/app.go:1109.57,1113.12 2 0
claude-squad/app/app.go:1113.12,1115.66 2 0
claude-squad/app/app.go:1115.66,1117.4 1 0
claude-squad/app/app.go:1117.9,1119.4 1 0
claude-squad/app/app.go:1122.3,1123.17 2 0
claude-squad/app/app.go:1123.17,1126.4 2 0
claude-squad/app/app.go:1131.3,1131.16 1 0
claude-squad/app/app.go:1136.2,1136.88 1 0
claude-squad/app/app.go:1140.62,1141.39 1 0
claude-squad/app/app.go:1141.39,1144.3 2 0
claude-squad/app/app.go:1147.2,1147.59 1 0
claude-squad/app/app.go:1147.59,1150.3 1 0
claude-squad/app/app.go:1152.2,1152.61 1 0
claude-squad/app/app.go:1152.61,1155.3 1 0
claude-squad/app/app.go:1157.2,1157.45 1 0
claude-squad/app/app.go:1157.45,1160.3 1 0
claude-squad/app/app.go:1162.2,1162.43 1 0
claude-squad/app/app.go:1162.43,1165.17 2 0
claude-squad/app/app.go:1165.17,1167.4 1 0
claude-squad/app/app.go:1168.3,1169.47 2 0
claude-squad/app/app.go:1174.68,1175.31 1 0
claude-squad/app/app.go:1175.31,1178.3 2 0
claude-squad/app/app.go:1180.2,1181.17 2 0
claude-squad/app/app.go:1181.17,1184.3 2 0
claude-squad/app/app.go:1186.2,1186.15 1 0
claude-squad/app/app.go:1190.66,1191.24 1 0
claude-squad/app/app.go:1191.24,1204.3 2 0
claude-squad/app/app.go:1213.30,1225.28 5 0
claude-squad/app/app.go:1225.28,1226.32 1 0
claude-squad/app/app.go:1226.32,1230.4 3 0
claude-squad/app/app.go:1231.3,1231.87 1 0
claude-squad/app/app.go:1232.8,1232.33 1 0
claude-squad/app/app.go:1232.33,1233.27 1 0
claude-squad/app/app.go:1233.27,1237.4 3 0
claude-squad/app/app.go:1238.3,1238.82 1 0
claude-squad/app/app.go:1239.8,1239.36 1 0
claude-squad/app/app.go:1239.36,1240.35 1 0
claude-squad/app/app.go:1240.35,1244.4 3 0
claude-squad/app/app.go:1245.3,1245.90 1 0
claude-squad/app/app.go:1246.8,1246.44 1 0
claude-squad/app/app.go:1246.44,1250.3 2 0
claude-squad/app/app.go:1250.8,1250.40 1 0
claude-squad/app/app.go:1250.40,1251.35 1 0
claude-squad/app/app.go:1251.35,1255.4 3 0
claude-squad/app/app.go:1256.3,1256.88 1 0
claude-squad/app/app.go:1257.8,1257.32 1 0
claude-squad/app/app.go:1257.32,1258.32 1 0
claude-squad/app/app.go:1258.32,1262.4 3 0
claude-squad/app/app.go:1263.3,1263.85 1 0
claude-squad/app/app.go:1266.2,1266.17 1 0
claude-squad/app/handleAdvancedSessionSetup.go:13.66,15.50 1 0
claude-squad/app/handleAdvancedSessionSetup.go:15.50,18.3 1 0
claude-squad/app/handleAdvancedSessionSetup.go:21.2,21.34 1 0
claude-squad/app/handleAdvancedSessionSetup.go:21.34,25.74 2 0
claude-squad/app/handleAdvancedSessionSetup.go:25.74,28.18 2 0
claude-squad/app/handleAdvancedSessionSetup.go:28.18,33.5 4 0
claude-squad/app/handleAdvancedSessionSetup.go:36.4,45.14 6 0
claude-squad/app/handleAdvancedSessionSetup.go:45.14,51.19 2 0
claude-squad/app/handleAdvancedSessionSetup.go:51.19,53.6 1 0
claude-squad/app/handleAdvancedSessionSetup.go:57.3,57.44 1 0
claude-squad/app/handleAdvancedSessionSetup.go:57.44,61.4 2 0
claude-squad/app/handleAdvancedSessionSetup.go:67.2,78.15 5 0
claude-squad/app/handleAdvancedSessionSetup.go:82.83,86.2 2 0
claude-squad/app/help.go:35.53,37.2 1 0
claude-squad/app/help.go:39.45,44.48 2 0
claude-squad/app/help.go:44.48,55.3 2 0
claude-squad/app/help.go:58.2,66.41 2 0
claude-squad/app/help.go:66.41,71.29 2 0
claude-squad/app/help.go:71.29,72.12 1 0
claude-squad/app/help.go:76.3,82.40 2 0
claude-squad/app/help.go:82.40,96.18 7 0
claude-squad/app/help.go:96.18,97.33 1 0
claude-squad/app/help.go:97.33,99.6 1 0
claude-squad/app/help.go:102.4,103.68 2 0
claude-squad/app/help.go:107.3,107.62 1 0
claude-squad/app/help.go:110.2,110.16 1 0
claude-squad/app/help.go:113.51,133.2 2 0
claude-squad/app/help.go:135.52,142.2 2 0
claude-squad/app/help.go:144.54,158.2 2 0
claude-squad/app/help.go:159.40,161.2 1 0
claude-squad/app/help.go:163.46,165.2 1 0
claude-squad/app/help.go:166.47,168.2 1 0
claude-squad/app/help.go:169.49,171.2 1 0
claude-squad/app/help.go:173.52,175.2 1 0
claude-squad/app/help.go:177.57,201.43 5 0
claude-squad/app/help.go:201.43,212.17 7 0
claude-squad/app/help.go:212.17,213.32 1 0
claude-squad/app/help.go:213.32,215.5 1 0
claude-squad/app/help.go:218.3,219.67 2 0
claude-squad/app/help.go:223.2,230.41 2 0
claude-squad/app/help.go:230.41,241.17 7 0
claude-squad/app/help.go:241.17,242.32 1 0
claude-squad/app/help.go:242.32,244.5 1 0
claude-squad/app/help.go:247.3,248.67 2 0
claude-squad/app/help.go:252.2,260.16 2 0
claude-squad/app/help.go:271.89,274.25 2 0
claude-squad/app/help.go:275.23,276.20 1 0
claude-squad/app/help.go:279.2,284.63 2 0
claude-squad/app/help.go:284.63,286.95 1 0
claude-squad/app/help.go:286.95,288.4 1 0
claude-squad/app/help.go:290.3,295.16 5 0
claude-squad/app/help.go:299.2,299.22 1 0
claude-squad/app/help.go:299.22,301.3 1 0
claude-squad/app/help.go:302.2,302.15 1 0
claude-squad/app/help.go:306.69,309.17 2 0
claude-squad/app/help.go:309.17,313.19 2 0
claude-squad/app/help.go:313.19,316.5 2 0
claude-squad/app/help.go:320.2,320.15 1 0
claude-squad/app/responsive_navigation.go:29.68,35.2 1 0
claude-squad/app/responsive_navigation.go:38.100,43.46 2 0
claude-squad/app/responsive_navigation.go:43.46,45.3 1 0
claude-squad/app/responsive_navigation.go:48.2,50.17 2 0
claude-squad/app/responsive_navigation.go:54.96,66.2 4 0
claude-squad/app/responsive_navigation.go:69.98,71.40 1 0
claude-squad/app/responsive_navigation.go:71.40,73.3 1 0
claude-squad/app/responsive_navigation.go:76.2,76.21 1 0
claude-squad/app/responsive_navigation.go:76.21,78.3 1 0
claude-squad/app/responsive_navigation.go:81.2,85.40 4 0
claude-squad/app/responsive_navigation.go:85.40,87.3 1 0
claude-squad/app/responsive_navigation.go:89.2,89.14 1 0
claude-squad/app/responsive_navigation.go:93.104,95.35 1 0
claude-squad/app/responsive_navigation.go:95.35,97.3 1 0
claude-squad/app/responsive_navigation.go:99.2,107.73 5 0
claude-squad/app/responsive_navigation.go:107.73,115.3 4 0
claude-squad/app/responsive_navigation.go:119.103,129.63 3 0
claude-squad/app/responsive_navigation.go:129.64,132.3 0 0
claude-squad/app/responsive_navigation.go:136.43,137.28 1 0
claude-squad/app/responsive_navigation.go:137.28,139.3 1 0
claude-squad/app/responsive_navigation.go:141.2,142.51 2 0
claude-squad/app/responsive_navigation.go:146.84,166.2 8 0
claude-squad/app/responsive_navigation.go:169.75,171.2 1 0
claude-squad/app/responsive_navigation.go:174.64,175.35 1 0
claude-squad/app/responsive_navigation.go:175.35,179.3 1 0
claude-squad/session/tmux/pty.go:18.54,20.2 1 1
claude-squad/session/tmux/pty.go:22.24,22.25 0 0
claude-squad/session/tmux/pty.go:24.34,26.2 1 1
claude-squad/session/tmux/tmux.go:64.47,66.2 1 0
claude-squad/session/tmux/tmux.go:68.72,72.2 3 1
claude-squad/session/tmux/tmux.go:75.63,77.2 1 1
claude-squad/session/tmux/tmux.go:80.88,82.2 1 0
claude-squad/session/tmux/tmux.go:85.121,87.2 1 0
claude-squad/session/tmux/tmux.go:89.128,96.2 1 1
claude-squad/session/tmux/tmux.go:100.51,102.26 1 1
claude-squad/session/tmux/tmux.go:102.26,104.3 1 0
claude-squad/session/tmux/tmux.go:107.2,110.16 3 1
claude-squad/session/tmux/tmux.go:110.16,112.27 1 1
claude-squad/session/tmux/tmux.go:112.27,114.66 2 0
claude-squad/session/tmux/tmux.go:114.66,116.5 1 0
claude-squad/session/tmux/tmux.go:118.3,118.60 1 1
claude-squad/session/tmux/tmux.go:122.2,124.28 3 1
claude-squad/session/tmux/tmux.go:124.28,125.10 1 1
claude-squad/session/tmux/tmux.go:126.18,127.50 1 1
claude-squad/session/tmux/tmux.go:127.50,129.5 1 0
claude-squad/session/tmux/tmux.go:130.4,130.88 1 1
claude-squad/session/tmux/tmux.go:131.11,134.43 2 1
claude-squad/session/tmux/tmux.go:134.43,136.5 1 1
claude-squad/session/tmux/tmux.go:139.2,143.50 3 1
claude-squad/session/tmux/tmux.go:143.50,145.3 1 0
claude-squad/session/tmux/tmux.go:147.2,148.16 2 1
claude-squad/session/tmux/tmux.go:148.16,149.49 1 0
claude-squad/session/tmux/tmux.go:149.49,151.4 1 0
claude-squad/session/tmux/tmux.go:152.3,152.61 1 0
claude-squad/session/tmux/tmux.go:155.2,155.142 1 1
claude-squad/session/tmux/tmux.go:155.142,159.51 4 1
claude-squad/session/tmux/tmux.go:159.51,163.4 3 0
claude-squad/session/tmux/tmux.go:167.3,171.43 4 1
claude-squad/session/tmux/tmux.go:171.43,175.18 4 1
claude-squad/session/tmux/tmux.go:175.19,177.5 0 0
claude-squad/session/tmux/tmux.go:177.10,178.48 1 1
claude-squad/session/tmux/tmux.go:178.48,179.38 1 0
claude-squad/session/tmux/tmux.go:179.38,181.7 1 0
claude-squad/session/tmux/tmux.go:182.6,182.11 1 0
claude-squad/session/tmux/tmux.go:187.4,188.35 2 1
claude-squad/session/tmux/tmux.go:188.35,190.5 1 1
claude-squad/session/tmux/tmux.go:193.2,193.12 1 1
claude-squad/session/tmux/tmux.go:197.39,199.2 1 1
claude-squad/session/tmux/tmux.go:201.64,203.27 1 1
claude-squad/session/tmux/tmux.go:203.27,208.20 2 1
claude-squad/session/tmux/tmux.go:208.20,211.18 3 1
claude-squad/session/tmux/tmux.go:211.18,214.5 2 0
claude-squad/session/tmux/tmux.go:217.3,217.26 1 1
claude-squad/session/tmux/tmux.go:221.2,222.16 2 1
claude-squad/session/tmux/tmux.go:222.16,224.3 1 0
claude-squad/session/tmux/tmux.go:225.2,227.12 3 1
claude-squad/session/tmux/tmux.go:235.40,237.2 1 1
claude-squad/session/tmux/tmux.go:240.47,245.2 3 0
claude-squad/session/tmux/tmux.go:248.40,250.16 2 0
claude-squad/session/tmux/tmux.go:250.16,252.3 1 0
claude-squad/session/tmux/tmux.go:253.2,253.12 1 0
claude-squad/session/tmux/tmux.go:257.44,259.16 2 0
claude-squad/session/tmux/tmux.go:259.16,261.3 1 0
claude-squad/session/tmux/tmux.go:262.2,262.12 1 0
claude-squad/session/tmux/tmux.go:265.51,268.2 2 0
claude-squad/session/tmux/tmux.go:272.67,274.16 2 0
claude-squad/session/tmux/tmux.go:274.16,277.3 2 0
claude-squad/session/tmux/tmux.go:280.2,280.32 1 0
claude-squad/session/tmux/tmux.go:280.32,282.3 1 0
claude-squad/session/tmux/tmux.go:282.8,282.55 1 0
claude-squad/session/tmux/tmux.go:282.55,284.3 1 0
claude-squad/session/tmux/tmux.go:284.8,284.56 1 0
claude-squad/session/tmux/tmux.go:284.56,286.3 1 0
claude-squad/session/tmux/tmux.go:288.2,288.69 1 0
claude-squad/session/tmux/tmux.go:288.69,291.3 2 0
claude-squad/session/tmux/tmux.go:292.2,292.25 1 0
claude-squad/session/tmux/tmux.go:295.55,307.12 5 0
claude-squad/session/tmux/tmux.go:307.12,313.10 3 0
claude-squad/session/tmux/tmux.go:314.23,314.23 0 0
claude-squad/session/tmux/tmux.go:316.11,320.14 1 0
claude-squad/session/tmux/tmux.go:320.14,321.44 1 0
claude-squad/session/tmux/tmux.go:321.44,323.6 1 0
claude-squad/session/tmux/tmux.go:328.2,328.12 1 0
claude-squad/session/tmux/tmux.go:328.12,331.13 2 0
claude-squad/session/tmux/tmux.go:331.13,334.4 2 0
claude-squad/session/tmux/tmux.go:337.3,338.7 2 0
claude-squad/session/tmux/tmux.go:338.7,340.18 2 0
claude-squad/session/tmux/tmux.go:340.18,341.22 1 0
claude-squad/session/tmux/tmux.go:341.22,342.11 1 0
claude-squad/session/tmux/tmux.go:344.5,344.13 1 0
claude-squad/session/tmux/tmux.go:354.4,354.11 1 0
claude-squad/session/tmux/tmux.go:355.21,355.21 0 0
claude-squad/session/tmux/tmux.go:356.12,358.13 2 0
claude-squad/session/tmux/tmux.go:362.4,362.31 1 0
claude-squad/session/tmux/tmux.go:362.31,366.5 2 0
claude-squad/session/tmux/tmux.go:369.4,369.33 1 0
claude-squad/session/tmux/tmux.go:373.2,374.24 2 0
claude-squad/session/tmux/tmux.go:378.44,380.23 1 0
claude-squad/session/tmux/tmux.go:380.23,382.3 1 0
claude-squad/session/tmux/tmux.go:384.2,387.19 2 0
claude-squad/session/tmux/tmux.go:387.19,388.40 1 0
claude-squad/session/tmux/tmux.go:388.40,390.4 1 0
claude-squad/session/tmux/tmux.go:391.3,391.15 1 0
claude-squad/session/tmux/tmux.go:395.2,395.23 1 0
claude-squad/session/tmux/tmux.go:395.23,397.10 1 0
claude-squad/session/tmux/tmux.go:398.21,398.21 0 0
claude-squad/session/tmux/tmux.go:400.11,402.21 1 0
claude-squad/session/tmux/tmux.go:404.3,404.19 1 0
claude-squad/session/tmux/tmux.go:407.2,407.21 1 0
claude-squad/session/tmux/tmux.go:407.21,410.3 2 0
claude-squad/session/tmux/tmux.go:412.2,412.17 1 0
claude-squad/session/tmux/tmux.go:412.17,415.3 2 0
claude-squad/session/tmux/tmux.go:417.2,419.19 2 0
claude-squad/session/tmux/tmux.go:419.19,421.3 1 0
claude-squad/session/tmux/tmux.go:422.2,422.12 1 0
claude-squad/session/tmux/tmux.go:427.32,430.15 1 0
claude-squad/session/tmux/tmux.go:430.15,432.24 1 0
claude-squad/session/tmux/tmux.go:432.24,434.11 1 0
claude-squad/session/tmux/tmux.go:435.22,435.22 0 0
claude-squad/session/tmux/tmux.go:437.12,439.22 1 0
claude-squad/session/tmux/tmux.go:441.4,441.20 1 0
claude-squad/session/tmux/tmux.go:443.3,443.22 1 0
claude-squad/session/tmux/tmux.go:443.22,446.4 2 0
claude-squad/session/tmux/tmux.go:447.3,447.18 1 0
claude-squad/session/tmux/tmux.go:447.18,450.4 2 0
claude-squad/session/tmux/tmux.go:451.3,451.14 1 0
claude-squad/session/tmux/tmux.go:455.2,456.16 2 0
claude-squad/session/tmux/tmux.go:456.16,461.13 3 0
claude-squad/session/tmux/tmux.go:465.2,465.35 1 0
claude-squad/session/tmux/tmux.go:465.35,469.13 3 0
claude-squad/session/tmux/tmux.go:473.2,473.21 1 0
claude-squad/session/tmux/tmux.go:473.21,475.3 1 0
claude-squad/session/tmux/tmux.go:476.2,476.17 1 0
claude-squad/session/tmux/tmux.go:476.17,478.3 1 0
claude-squad/session/tmux/tmux.go:482.37,485.19 2 1
claude-squad/session/tmux/tmux.go:485.19,486.40 1 1
claude-squad/session/tmux/tmux.go:486.40,488.4 1 0
claude-squad/session/tmux/tmux.go:489.3,489.15 1 1
claude-squad/session/tmux/tmux.go:492.2,493.43 2 1
claude-squad/session/tmux/tmux.go:493.43,495.3 1 0
claude-squad/session/tmux/tmux.go:497.2,497.20 1 1
claude-squad/session/tmux/tmux.go:497.20,499.3 1 1
claude-squad/session/tmux/tmux.go:500.2,500.20 1 0
claude-squad/session/tmux/tmux.go:500.20,502.3 1 0
claude-squad/session/tmux/tmux.go:504.2,505.27 2 0
claude-squad/session/tmux/tmux.go:505.27,507.3 1 0
claude-squad/session/tmux/tmux.go:508.2,508.27 1 0
claude-squad/session/tmux/tmux.go:513.64,515.2 1 0
claude-squad/session/tmux/tmux.go:518.62,525.2 1 0
claude-squad/session/tmux/tmux.go:527.47,528.14 1 1
claude-squad/session/tmux/tmux.go:528.14,530.3 1 0
claude-squad/session/tmux/tmux.go:533.2,543.43 6 1
claude-squad/session/tmux/tmux.go:543.43,546.3 2 0
claude-squad/session/tmux/tmux.go:548.2,548.19 1 1
claude-squad/session/tmux/tmux.go:552.60,556.16 3 1
claude-squad/session/tmux/tmux.go:556.16,558.26 1 0
claude-squad/session/tmux/tmux.go:558.26,561.4 2 0
claude-squad/session/tmux/tmux.go:562.3,562.99 1 0
claude-squad/session/tmux/tmux.go:564.2,564.28 1 1
claude-squad/session/tmux/tmux.go:569.88,573.16 3 0
claude-squad/session/tmux/tmux.go:573.16,575.3 1 0
claude-squad/session/tmux/tmux.go:576.2,576.28 1 0
claude-squad/session/tmux/tmux.go:580.55,587.16 3 0
claude-squad/session/tmux/tmux.go:587.16,588.74 1 0
claude-squad/session/tmux/tmux.go:588.74,590.4 1 0
claude-squad/session/tmux/tmux.go:591.3,591.61 1 0
claude-squad/session/tmux/tmux.go:594.2,596.32 3 0
claude-squad/session/tmux/tmux.go:596.32,598.3 1 0
claude-squad/session/tmux/tmux.go:600.2,600.32 1 0
claude-squad/session/tmux/tmux.go:600.32,602.88 2 0
claude-squad/session/tmux/tmux.go:602.88,604.4 1 0
claude-squad/session/tmux/tmux.go:606.2,606.12 1 0
claude-squad/session/tmux/tmux_unix.go:16.43,24.21 5 0
claude-squad/session/tmux/tmux_unix.go:24.21,27.17 2 0
claude-squad/session/tmux/tmux_unix.go:27.17,28.26 1 0
claude-squad/session/tmux/tmux_unix.go:28.26,30.5 1 0
claude-squad/session/tmux/tmux_unix.go:31.9,32.57 1 0
claude-squad/session/tmux/tmux_unix.go:32.57,33.27 1 0
claude-squad/session/tmux/tmux_unix.go:33.27,35.6 1 0
claude-squad/session/tmux/tmux_unix.go:40.2,45.12 4 0
claude-squad/session/tmux/tmux_unix.go:45.12,48.7 3 0
claude-squad/session/tmux/tmux_unix.go:48.7,49.11 1 0
claude-squad/session/tmux/tmux_unix.go:50.24,51.11 1 0
claude-squad/session/tmux/tmux_unix.go:52.21,53.27 1 0
claude-squad/session/tmux/tmux_unix.go:53.27,55.6 1 0
claude-squad/session/tmux/tmux_unix.go:56.5,56.62 1 0
claude-squad/session/tmux/tmux_unix.go:56.62,57.13 1 0
claude-squad/session/tmux/tmux_unix.go:58.46,58.46 0 0
claude-squad/session/tmux/tmux_unix.go:59.26,59.26 0 0
claude-squad/session/tmux/tmux_unix.go:65.2,65.12 1 0
claude-squad/session/tmux/tmux_unix.go:65.12,69.7 3 0
claude-squad/session/tmux/tmux_unix.go:69.7,70.11 1 0
claude-squad/session/tmux/tmux_unix.go:71.24,72.11 1 0
claude-squad/session/tmux/tmux_unix.go:73.26,74.15 1 0
